ARM GAS  /tmp/ccCfW1bi.s 			page 1


   1              		.cpu cortex-m33
   2              		.arch armv8-m.main
   3              		.fpu fpv4-sp-d16
   4              		.arch_extension dsp
   5              		.eabi_attribute 27, 1
   6              		.eabi_attribute 28, 1
   7              		.eabi_attribute 20, 1
   8              		.eabi_attribute 21, 1
   9              		.eabi_attribute 23, 3
  10              		.eabi_attribute 24, 1
  11              		.eabi_attribute 25, 1
  12              		.eabi_attribute 26, 1
  13              		.eabi_attribute 30, 1
  14              		.eabi_attribute 34, 1
  15              		.eabi_attribute 18, 4
  16              		.file	"stm32l5xx_hal_pcd_ex.c"
  17              		.text
  18              	.Ltext0:
  19              		.cfi_sections	.debug_frame
  20              		.file 1 "Drivers/STM32L5xx_HAL_Driver/Src/stm32l5xx_hal_pcd_ex.c"
  21              		.section	.text.HAL_PCDEx_PMAConfig,"ax",%progbits
  22              		.align	1
  23              		.global	HAL_PCDEx_PMAConfig
  24              		.syntax unified
  25              		.thumb
  26              		.thumb_func
  28              	HAL_PCDEx_PMAConfig:
  29              	.LVL0:
  30              	.LFB152:
   1:Drivers/STM32L5xx_HAL_Driver/Src/stm32l5xx_hal_pcd_ex.c **** /**
   2:Drivers/STM32L5xx_HAL_Driver/Src/stm32l5xx_hal_pcd_ex.c ****   ******************************************************************************
   3:Drivers/STM32L5xx_HAL_Driver/Src/stm32l5xx_hal_pcd_ex.c ****   * @file    stm32l5xx_hal_pcd_ex.c
   4:Drivers/STM32L5xx_HAL_Driver/Src/stm32l5xx_hal_pcd_ex.c ****   * @author  MCD Application Team
   5:Drivers/STM32L5xx_HAL_Driver/Src/stm32l5xx_hal_pcd_ex.c ****   * @brief   PCD Extended HAL module driver.
   6:Drivers/STM32L5xx_HAL_Driver/Src/stm32l5xx_hal_pcd_ex.c ****   *          This file provides firmware functions to manage the following
   7:Drivers/STM32L5xx_HAL_Driver/Src/stm32l5xx_hal_pcd_ex.c ****   *          functionalities of the USB Peripheral Controller:
   8:Drivers/STM32L5xx_HAL_Driver/Src/stm32l5xx_hal_pcd_ex.c ****   *           + Extended features functions
   9:Drivers/STM32L5xx_HAL_Driver/Src/stm32l5xx_hal_pcd_ex.c ****   *
  10:Drivers/STM32L5xx_HAL_Driver/Src/stm32l5xx_hal_pcd_ex.c ****   ******************************************************************************
  11:Drivers/STM32L5xx_HAL_Driver/Src/stm32l5xx_hal_pcd_ex.c ****   * @attention
  12:Drivers/STM32L5xx_HAL_Driver/Src/stm32l5xx_hal_pcd_ex.c ****   *
  13:Drivers/STM32L5xx_HAL_Driver/Src/stm32l5xx_hal_pcd_ex.c ****   * Copyright (c) 2019 STMicroelectronics.
  14:Drivers/STM32L5xx_HAL_Driver/Src/stm32l5xx_hal_pcd_ex.c ****   * All rights reserved.
  15:Drivers/STM32L5xx_HAL_Driver/Src/stm32l5xx_hal_pcd_ex.c ****   *
  16:Drivers/STM32L5xx_HAL_Driver/Src/stm32l5xx_hal_pcd_ex.c ****   * This software is licensed under terms that can be found in the LICENSE file
  17:Drivers/STM32L5xx_HAL_Driver/Src/stm32l5xx_hal_pcd_ex.c ****   * in the root directory of this software component.
  18:Drivers/STM32L5xx_HAL_Driver/Src/stm32l5xx_hal_pcd_ex.c ****   * If no LICENSE file comes with this software, it is provided AS-IS.
  19:Drivers/STM32L5xx_HAL_Driver/Src/stm32l5xx_hal_pcd_ex.c ****   *
  20:Drivers/STM32L5xx_HAL_Driver/Src/stm32l5xx_hal_pcd_ex.c ****   ******************************************************************************
  21:Drivers/STM32L5xx_HAL_Driver/Src/stm32l5xx_hal_pcd_ex.c ****   */
  22:Drivers/STM32L5xx_HAL_Driver/Src/stm32l5xx_hal_pcd_ex.c **** 
  23:Drivers/STM32L5xx_HAL_Driver/Src/stm32l5xx_hal_pcd_ex.c **** /* Includes ------------------------------------------------------------------*/
  24:Drivers/STM32L5xx_HAL_Driver/Src/stm32l5xx_hal_pcd_ex.c **** #include "stm32l5xx_hal.h"
  25:Drivers/STM32L5xx_HAL_Driver/Src/stm32l5xx_hal_pcd_ex.c **** 
  26:Drivers/STM32L5xx_HAL_Driver/Src/stm32l5xx_hal_pcd_ex.c **** /** @addtogroup STM32L5xx_HAL_Driver
  27:Drivers/STM32L5xx_HAL_Driver/Src/stm32l5xx_hal_pcd_ex.c ****   * @{
  28:Drivers/STM32L5xx_HAL_Driver/Src/stm32l5xx_hal_pcd_ex.c ****   */
ARM GAS  /tmp/ccCfW1bi.s 			page 2


  29:Drivers/STM32L5xx_HAL_Driver/Src/stm32l5xx_hal_pcd_ex.c **** 
  30:Drivers/STM32L5xx_HAL_Driver/Src/stm32l5xx_hal_pcd_ex.c **** /** @defgroup PCDEx PCDEx
  31:Drivers/STM32L5xx_HAL_Driver/Src/stm32l5xx_hal_pcd_ex.c ****   * @brief PCD Extended HAL module driver
  32:Drivers/STM32L5xx_HAL_Driver/Src/stm32l5xx_hal_pcd_ex.c ****   * @{
  33:Drivers/STM32L5xx_HAL_Driver/Src/stm32l5xx_hal_pcd_ex.c ****   */
  34:Drivers/STM32L5xx_HAL_Driver/Src/stm32l5xx_hal_pcd_ex.c **** 
  35:Drivers/STM32L5xx_HAL_Driver/Src/stm32l5xx_hal_pcd_ex.c **** #ifdef HAL_PCD_MODULE_ENABLED
  36:Drivers/STM32L5xx_HAL_Driver/Src/stm32l5xx_hal_pcd_ex.c **** 
  37:Drivers/STM32L5xx_HAL_Driver/Src/stm32l5xx_hal_pcd_ex.c **** #if defined (USB)
  38:Drivers/STM32L5xx_HAL_Driver/Src/stm32l5xx_hal_pcd_ex.c **** /* Private types -------------------------------------------------------------*/
  39:Drivers/STM32L5xx_HAL_Driver/Src/stm32l5xx_hal_pcd_ex.c **** /* Private variables ---------------------------------------------------------*/
  40:Drivers/STM32L5xx_HAL_Driver/Src/stm32l5xx_hal_pcd_ex.c **** /* Private constants ---------------------------------------------------------*/
  41:Drivers/STM32L5xx_HAL_Driver/Src/stm32l5xx_hal_pcd_ex.c **** /* Private macros ------------------------------------------------------------*/
  42:Drivers/STM32L5xx_HAL_Driver/Src/stm32l5xx_hal_pcd_ex.c **** /* Private functions ---------------------------------------------------------*/
  43:Drivers/STM32L5xx_HAL_Driver/Src/stm32l5xx_hal_pcd_ex.c **** /* Exported functions --------------------------------------------------------*/
  44:Drivers/STM32L5xx_HAL_Driver/Src/stm32l5xx_hal_pcd_ex.c **** 
  45:Drivers/STM32L5xx_HAL_Driver/Src/stm32l5xx_hal_pcd_ex.c **** /** @defgroup PCDEx_Exported_Functions PCDEx Exported Functions
  46:Drivers/STM32L5xx_HAL_Driver/Src/stm32l5xx_hal_pcd_ex.c ****   * @{
  47:Drivers/STM32L5xx_HAL_Driver/Src/stm32l5xx_hal_pcd_ex.c ****   */
  48:Drivers/STM32L5xx_HAL_Driver/Src/stm32l5xx_hal_pcd_ex.c **** 
  49:Drivers/STM32L5xx_HAL_Driver/Src/stm32l5xx_hal_pcd_ex.c **** /** @defgroup PCDEx_Exported_Functions_Group1 Peripheral Control functions
  50:Drivers/STM32L5xx_HAL_Driver/Src/stm32l5xx_hal_pcd_ex.c ****   * @brief    PCDEx control functions
  51:Drivers/STM32L5xx_HAL_Driver/Src/stm32l5xx_hal_pcd_ex.c ****   *
  52:Drivers/STM32L5xx_HAL_Driver/Src/stm32l5xx_hal_pcd_ex.c **** @verbatim
  53:Drivers/STM32L5xx_HAL_Driver/Src/stm32l5xx_hal_pcd_ex.c ****  ===============================================================================
  54:Drivers/STM32L5xx_HAL_Driver/Src/stm32l5xx_hal_pcd_ex.c ****                  ##### Extended features functions #####
  55:Drivers/STM32L5xx_HAL_Driver/Src/stm32l5xx_hal_pcd_ex.c ****  ===============================================================================
  56:Drivers/STM32L5xx_HAL_Driver/Src/stm32l5xx_hal_pcd_ex.c ****     [..]  This section provides functions allowing to:
  57:Drivers/STM32L5xx_HAL_Driver/Src/stm32l5xx_hal_pcd_ex.c ****       (+) Update FIFO configuration
  58:Drivers/STM32L5xx_HAL_Driver/Src/stm32l5xx_hal_pcd_ex.c **** 
  59:Drivers/STM32L5xx_HAL_Driver/Src/stm32l5xx_hal_pcd_ex.c **** @endverbatim
  60:Drivers/STM32L5xx_HAL_Driver/Src/stm32l5xx_hal_pcd_ex.c ****   * @{
  61:Drivers/STM32L5xx_HAL_Driver/Src/stm32l5xx_hal_pcd_ex.c ****   */
  62:Drivers/STM32L5xx_HAL_Driver/Src/stm32l5xx_hal_pcd_ex.c **** 
  63:Drivers/STM32L5xx_HAL_Driver/Src/stm32l5xx_hal_pcd_ex.c **** /**
  64:Drivers/STM32L5xx_HAL_Driver/Src/stm32l5xx_hal_pcd_ex.c ****   * @brief  Configure PMA for EP
  65:Drivers/STM32L5xx_HAL_Driver/Src/stm32l5xx_hal_pcd_ex.c ****   * @param  hpcd  Device instance
  66:Drivers/STM32L5xx_HAL_Driver/Src/stm32l5xx_hal_pcd_ex.c ****   * @param  ep_addr endpoint address
  67:Drivers/STM32L5xx_HAL_Driver/Src/stm32l5xx_hal_pcd_ex.c ****   * @param  ep_kind endpoint Kind
  68:Drivers/STM32L5xx_HAL_Driver/Src/stm32l5xx_hal_pcd_ex.c ****   *                  USB_SNG_BUF: Single Buffer used
  69:Drivers/STM32L5xx_HAL_Driver/Src/stm32l5xx_hal_pcd_ex.c ****   *                  USB_DBL_BUF: Double Buffer used
  70:Drivers/STM32L5xx_HAL_Driver/Src/stm32l5xx_hal_pcd_ex.c ****   * @param  pmaadress: EP address in The PMA: In case of single buffer endpoint
  71:Drivers/STM32L5xx_HAL_Driver/Src/stm32l5xx_hal_pcd_ex.c ****   *                   this parameter is 16-bit value providing the address
  72:Drivers/STM32L5xx_HAL_Driver/Src/stm32l5xx_hal_pcd_ex.c ****   *                   in PMA allocated to endpoint.
  73:Drivers/STM32L5xx_HAL_Driver/Src/stm32l5xx_hal_pcd_ex.c ****   *                   In case of double buffer endpoint this parameter
  74:Drivers/STM32L5xx_HAL_Driver/Src/stm32l5xx_hal_pcd_ex.c ****   *                   is a 32-bit value providing the endpoint buffer 0 address
  75:Drivers/STM32L5xx_HAL_Driver/Src/stm32l5xx_hal_pcd_ex.c ****   *                   in the LSB part of 32-bit value and endpoint buffer 1 address
  76:Drivers/STM32L5xx_HAL_Driver/Src/stm32l5xx_hal_pcd_ex.c ****   *                   in the MSB part of 32-bit value.
  77:Drivers/STM32L5xx_HAL_Driver/Src/stm32l5xx_hal_pcd_ex.c ****   * @retval HAL status
  78:Drivers/STM32L5xx_HAL_Driver/Src/stm32l5xx_hal_pcd_ex.c ****   */
  79:Drivers/STM32L5xx_HAL_Driver/Src/stm32l5xx_hal_pcd_ex.c **** 
  80:Drivers/STM32L5xx_HAL_Driver/Src/stm32l5xx_hal_pcd_ex.c **** HAL_StatusTypeDef  HAL_PCDEx_PMAConfig(PCD_HandleTypeDef *hpcd, uint16_t ep_addr,
  81:Drivers/STM32L5xx_HAL_Driver/Src/stm32l5xx_hal_pcd_ex.c ****                                        uint16_t ep_kind, uint32_t pmaadress)
  82:Drivers/STM32L5xx_HAL_Driver/Src/stm32l5xx_hal_pcd_ex.c **** {
  31              		.loc 1 82 1 view -0
  32              		.cfi_startproc
  33              		@ args = 0, pretend = 0, frame = 0
ARM GAS  /tmp/ccCfW1bi.s 			page 3


  34              		@ frame_needed = 0, uses_anonymous_args = 0
  35              		@ link register save eliminated.
  83:Drivers/STM32L5xx_HAL_Driver/Src/stm32l5xx_hal_pcd_ex.c ****   PCD_EPTypeDef *ep;
  36              		.loc 1 83 3 view .LVU1
  84:Drivers/STM32L5xx_HAL_Driver/Src/stm32l5xx_hal_pcd_ex.c **** 
  85:Drivers/STM32L5xx_HAL_Driver/Src/stm32l5xx_hal_pcd_ex.c ****   /* initialize ep structure*/
  86:Drivers/STM32L5xx_HAL_Driver/Src/stm32l5xx_hal_pcd_ex.c ****   if ((0x80U & ep_addr) == 0x80U)
  37              		.loc 1 86 3 view .LVU2
  38              		.loc 1 86 6 is_stmt 0 view .LVU3
  39 0000 11F0800F 		tst	r1, #128
  40 0004 0BD0     		beq	.L2
  87:Drivers/STM32L5xx_HAL_Driver/Src/stm32l5xx_hal_pcd_ex.c ****   {
  88:Drivers/STM32L5xx_HAL_Driver/Src/stm32l5xx_hal_pcd_ex.c ****     ep = &hpcd->IN_ep[ep_addr & EP_ADDR_MSK];
  41              		.loc 1 88 5 is_stmt 1 view .LVU4
  42              		.loc 1 88 31 is_stmt 0 view .LVU5
  43 0006 01F00701 		and	r1, r1, #7
  44              	.LVL1:
  45              		.loc 1 88 8 view .LVU6
  46 000a 0131     		adds	r1, r1, #1
  47 000c 01EB8101 		add	r1, r1, r1, lsl #2
  48 0010 00EBC100 		add	r0, r0, r1, lsl #3
  49              	.LVL2:
  50              	.L3:
  89:Drivers/STM32L5xx_HAL_Driver/Src/stm32l5xx_hal_pcd_ex.c ****   }
  90:Drivers/STM32L5xx_HAL_Driver/Src/stm32l5xx_hal_pcd_ex.c ****   else
  91:Drivers/STM32L5xx_HAL_Driver/Src/stm32l5xx_hal_pcd_ex.c ****   {
  92:Drivers/STM32L5xx_HAL_Driver/Src/stm32l5xx_hal_pcd_ex.c ****     ep = &hpcd->OUT_ep[ep_addr];
  93:Drivers/STM32L5xx_HAL_Driver/Src/stm32l5xx_hal_pcd_ex.c ****   }
  94:Drivers/STM32L5xx_HAL_Driver/Src/stm32l5xx_hal_pcd_ex.c **** 
  95:Drivers/STM32L5xx_HAL_Driver/Src/stm32l5xx_hal_pcd_ex.c ****   /* Here we check if the endpoint is single or double Buffer*/
  96:Drivers/STM32L5xx_HAL_Driver/Src/stm32l5xx_hal_pcd_ex.c ****   if (ep_kind == PCD_SNG_BUF)
  51              		.loc 1 96 3 is_stmt 1 view .LVU7
  52              		.loc 1 96 6 is_stmt 0 view .LVU8
  53 0014 52B9     		cbnz	r2, .L4
  97:Drivers/STM32L5xx_HAL_Driver/Src/stm32l5xx_hal_pcd_ex.c ****   {
  98:Drivers/STM32L5xx_HAL_Driver/Src/stm32l5xx_hal_pcd_ex.c ****     /* Single Buffer */
  99:Drivers/STM32L5xx_HAL_Driver/Src/stm32l5xx_hal_pcd_ex.c ****     ep->doublebuffer = 0U;
  54              		.loc 1 99 5 is_stmt 1 view .LVU9
  55              		.loc 1 99 22 is_stmt 0 view .LVU10
  56 0016 0273     		strb	r2, [r0, #12]
 100:Drivers/STM32L5xx_HAL_Driver/Src/stm32l5xx_hal_pcd_ex.c ****     /* Configure the PMA */
 101:Drivers/STM32L5xx_HAL_Driver/Src/stm32l5xx_hal_pcd_ex.c ****     ep->pmaadress = (uint16_t)pmaadress;
  57              		.loc 1 101 5 is_stmt 1 view .LVU11
  58              		.loc 1 101 19 is_stmt 0 view .LVU12
  59 0018 C380     		strh	r3, [r0, #6]	@ movhi
  60              	.LVL3:
  61              	.L5:
 102:Drivers/STM32L5xx_HAL_Driver/Src/stm32l5xx_hal_pcd_ex.c ****   }
 103:Drivers/STM32L5xx_HAL_Driver/Src/stm32l5xx_hal_pcd_ex.c **** #if (USE_USB_DOUBLE_BUFFER == 1U)
 104:Drivers/STM32L5xx_HAL_Driver/Src/stm32l5xx_hal_pcd_ex.c ****   else /* USB_DBL_BUF */
 105:Drivers/STM32L5xx_HAL_Driver/Src/stm32l5xx_hal_pcd_ex.c ****   {
 106:Drivers/STM32L5xx_HAL_Driver/Src/stm32l5xx_hal_pcd_ex.c ****     /* Double Buffer Endpoint */
 107:Drivers/STM32L5xx_HAL_Driver/Src/stm32l5xx_hal_pcd_ex.c ****     ep->doublebuffer = 1U;
 108:Drivers/STM32L5xx_HAL_Driver/Src/stm32l5xx_hal_pcd_ex.c ****     /* Configure the PMA */
 109:Drivers/STM32L5xx_HAL_Driver/Src/stm32l5xx_hal_pcd_ex.c ****     ep->pmaaddr0 = (uint16_t)(pmaadress & 0xFFFFU);
 110:Drivers/STM32L5xx_HAL_Driver/Src/stm32l5xx_hal_pcd_ex.c ****     ep->pmaaddr1 = (uint16_t)((pmaadress & 0xFFFF0000U) >> 16);
 111:Drivers/STM32L5xx_HAL_Driver/Src/stm32l5xx_hal_pcd_ex.c ****   }
ARM GAS  /tmp/ccCfW1bi.s 			page 4


 112:Drivers/STM32L5xx_HAL_Driver/Src/stm32l5xx_hal_pcd_ex.c **** #endif /* (USE_USB_DOUBLE_BUFFER == 1U) */
 113:Drivers/STM32L5xx_HAL_Driver/Src/stm32l5xx_hal_pcd_ex.c **** 
 114:Drivers/STM32L5xx_HAL_Driver/Src/stm32l5xx_hal_pcd_ex.c ****   return HAL_OK;
  62              		.loc 1 114 3 is_stmt 1 view .LVU13
 115:Drivers/STM32L5xx_HAL_Driver/Src/stm32l5xx_hal_pcd_ex.c **** }
  63              		.loc 1 115 1 is_stmt 0 view .LVU14
  64 001a 0020     		movs	r0, #0
  65              	.LVL4:
  66              		.loc 1 115 1 view .LVU15
  67 001c 7047     		bx	lr
  68              	.LVL5:
  69              	.L2:
  92:Drivers/STM32L5xx_HAL_Driver/Src/stm32l5xx_hal_pcd_ex.c ****   }
  70              		.loc 1 92 5 is_stmt 1 view .LVU16
  92:Drivers/STM32L5xx_HAL_Driver/Src/stm32l5xx_hal_pcd_ex.c ****   }
  71              		.loc 1 92 8 is_stmt 0 view .LVU17
  72 001e 01EB8101 		add	r1, r1, r1, lsl #2
  73              	.LVL6:
  92:Drivers/STM32L5xx_HAL_Driver/Src/stm32l5xx_hal_pcd_ex.c ****   }
  74              		.loc 1 92 8 view .LVU18
  75 0022 C900     		lsls	r1, r1, #3
  76 0024 01F5B471 		add	r1, r1, #360
  77 0028 0844     		add	r0, r0, r1
  78              	.LVL7:
  92:Drivers/STM32L5xx_HAL_Driver/Src/stm32l5xx_hal_pcd_ex.c ****   }
  79              		.loc 1 92 8 view .LVU19
  80 002a F3E7     		b	.L3
  81              	.L4:
 107:Drivers/STM32L5xx_HAL_Driver/Src/stm32l5xx_hal_pcd_ex.c ****     /* Configure the PMA */
  82              		.loc 1 107 5 is_stmt 1 view .LVU20
 107:Drivers/STM32L5xx_HAL_Driver/Src/stm32l5xx_hal_pcd_ex.c ****     /* Configure the PMA */
  83              		.loc 1 107 22 is_stmt 0 view .LVU21
  84 002c 0122     		movs	r2, #1
  85              	.LVL8:
 107:Drivers/STM32L5xx_HAL_Driver/Src/stm32l5xx_hal_pcd_ex.c ****     /* Configure the PMA */
  86              		.loc 1 107 22 view .LVU22
  87 002e 0273     		strb	r2, [r0, #12]
 109:Drivers/STM32L5xx_HAL_Driver/Src/stm32l5xx_hal_pcd_ex.c ****     ep->pmaaddr1 = (uint16_t)((pmaadress & 0xFFFF0000U) >> 16);
  88              		.loc 1 109 5 is_stmt 1 view .LVU23
 109:Drivers/STM32L5xx_HAL_Driver/Src/stm32l5xx_hal_pcd_ex.c ****     ep->pmaaddr1 = (uint16_t)((pmaadress & 0xFFFF0000U) >> 16);
  89              		.loc 1 109 18 is_stmt 0 view .LVU24
  90 0030 0381     		strh	r3, [r0, #8]	@ movhi
 110:Drivers/STM32L5xx_HAL_Driver/Src/stm32l5xx_hal_pcd_ex.c ****   }
  91              		.loc 1 110 5 is_stmt 1 view .LVU25
 110:Drivers/STM32L5xx_HAL_Driver/Src/stm32l5xx_hal_pcd_ex.c ****   }
  92              		.loc 1 110 20 is_stmt 0 view .LVU26
  93 0032 1B0C     		lsrs	r3, r3, #16
  94              	.LVL9:
 110:Drivers/STM32L5xx_HAL_Driver/Src/stm32l5xx_hal_pcd_ex.c ****   }
  95              		.loc 1 110 18 view .LVU27
  96 0034 4381     		strh	r3, [r0, #10]	@ movhi
  97 0036 F0E7     		b	.L5
  98              		.cfi_endproc
  99              	.LFE152:
 101              		.section	.text.HAL_PCDEx_ActivateBCD,"ax",%progbits
 102              		.align	1
 103              		.global	HAL_PCDEx_ActivateBCD
ARM GAS  /tmp/ccCfW1bi.s 			page 5


 104              		.syntax unified
 105              		.thumb
 106              		.thumb_func
 108              	HAL_PCDEx_ActivateBCD:
 109              	.LVL10:
 110              	.LFB153:
 116:Drivers/STM32L5xx_HAL_Driver/Src/stm32l5xx_hal_pcd_ex.c **** 
 117:Drivers/STM32L5xx_HAL_Driver/Src/stm32l5xx_hal_pcd_ex.c **** /**
 118:Drivers/STM32L5xx_HAL_Driver/Src/stm32l5xx_hal_pcd_ex.c ****   * @brief  Activate BatteryCharging feature.
 119:Drivers/STM32L5xx_HAL_Driver/Src/stm32l5xx_hal_pcd_ex.c ****   * @param  hpcd PCD handle
 120:Drivers/STM32L5xx_HAL_Driver/Src/stm32l5xx_hal_pcd_ex.c ****   * @retval HAL status
 121:Drivers/STM32L5xx_HAL_Driver/Src/stm32l5xx_hal_pcd_ex.c ****   */
 122:Drivers/STM32L5xx_HAL_Driver/Src/stm32l5xx_hal_pcd_ex.c **** HAL_StatusTypeDef HAL_PCDEx_ActivateBCD(PCD_HandleTypeDef *hpcd)
 123:Drivers/STM32L5xx_HAL_Driver/Src/stm32l5xx_hal_pcd_ex.c **** {
 111              		.loc 1 123 1 is_stmt 1 view -0
 112              		.cfi_startproc
 113              		@ args = 0, pretend = 0, frame = 0
 114              		@ frame_needed = 0, uses_anonymous_args = 0
 115              		@ link register save eliminated.
 124:Drivers/STM32L5xx_HAL_Driver/Src/stm32l5xx_hal_pcd_ex.c ****   USB_TypeDef *USBx = hpcd->Instance;
 116              		.loc 1 124 3 view .LVU29
 117              		.loc 1 124 16 is_stmt 0 view .LVU30
 118 0000 0368     		ldr	r3, [r0]
 119              	.LVL11:
 125:Drivers/STM32L5xx_HAL_Driver/Src/stm32l5xx_hal_pcd_ex.c ****   hpcd->battery_charging_active = 1U;
 120              		.loc 1 125 3 is_stmt 1 view .LVU31
 121              		.loc 1 125 33 is_stmt 0 view .LVU32
 122 0002 0122     		movs	r2, #1
 123 0004 C0F8EC22 		str	r2, [r0, #748]
 126:Drivers/STM32L5xx_HAL_Driver/Src/stm32l5xx_hal_pcd_ex.c **** 
 127:Drivers/STM32L5xx_HAL_Driver/Src/stm32l5xx_hal_pcd_ex.c ****   /* Enable BCD feature */
 128:Drivers/STM32L5xx_HAL_Driver/Src/stm32l5xx_hal_pcd_ex.c ****   USBx->BCDR |= USB_BCDR_BCDEN;
 124              		.loc 1 128 3 is_stmt 1 view .LVU33
 125              		.loc 1 128 7 is_stmt 0 view .LVU34
 126 0008 B3F85820 		ldrh	r2, [r3, #88]
 127 000c 92B2     		uxth	r2, r2
 128              		.loc 1 128 14 view .LVU35
 129 000e 42F00102 		orr	r2, r2, #1
 130 0012 A3F85820 		strh	r2, [r3, #88]	@ movhi
 129:Drivers/STM32L5xx_HAL_Driver/Src/stm32l5xx_hal_pcd_ex.c **** 
 130:Drivers/STM32L5xx_HAL_Driver/Src/stm32l5xx_hal_pcd_ex.c ****   /* Enable DCD : Data Contact Detect */
 131:Drivers/STM32L5xx_HAL_Driver/Src/stm32l5xx_hal_pcd_ex.c ****   USBx->BCDR &= ~(USB_BCDR_PDEN);
 131              		.loc 1 131 3 is_stmt 1 view .LVU36
 132              		.loc 1 131 7 is_stmt 0 view .LVU37
 133 0016 B3F85820 		ldrh	r2, [r3, #88]
 134 001a 92B2     		uxth	r2, r2
 135              		.loc 1 131 14 view .LVU38
 136 001c 22F00402 		bic	r2, r2, #4
 137 0020 92B2     		uxth	r2, r2
 138 0022 A3F85820 		strh	r2, [r3, #88]	@ movhi
 132:Drivers/STM32L5xx_HAL_Driver/Src/stm32l5xx_hal_pcd_ex.c ****   USBx->BCDR &= ~(USB_BCDR_SDEN);
 139              		.loc 1 132 3 is_stmt 1 view .LVU39
 140              		.loc 1 132 7 is_stmt 0 view .LVU40
 141 0026 B3F85820 		ldrh	r2, [r3, #88]
 142 002a 92B2     		uxth	r2, r2
 143              		.loc 1 132 14 view .LVU41
 144 002c 22F00802 		bic	r2, r2, #8
ARM GAS  /tmp/ccCfW1bi.s 			page 6


 145 0030 92B2     		uxth	r2, r2
 146 0032 A3F85820 		strh	r2, [r3, #88]	@ movhi
 133:Drivers/STM32L5xx_HAL_Driver/Src/stm32l5xx_hal_pcd_ex.c ****   USBx->BCDR |= USB_BCDR_DCDEN;
 147              		.loc 1 133 3 is_stmt 1 view .LVU42
 148              		.loc 1 133 7 is_stmt 0 view .LVU43
 149 0036 B3F85820 		ldrh	r2, [r3, #88]
 150 003a 92B2     		uxth	r2, r2
 151              		.loc 1 133 14 view .LVU44
 152 003c 42F00202 		orr	r2, r2, #2
 153 0040 A3F85820 		strh	r2, [r3, #88]	@ movhi
 134:Drivers/STM32L5xx_HAL_Driver/Src/stm32l5xx_hal_pcd_ex.c **** 
 135:Drivers/STM32L5xx_HAL_Driver/Src/stm32l5xx_hal_pcd_ex.c ****   return HAL_OK;
 154              		.loc 1 135 3 is_stmt 1 view .LVU45
 136:Drivers/STM32L5xx_HAL_Driver/Src/stm32l5xx_hal_pcd_ex.c **** }
 155              		.loc 1 136 1 is_stmt 0 view .LVU46
 156 0044 0020     		movs	r0, #0
 157              	.LVL12:
 158              		.loc 1 136 1 view .LVU47
 159 0046 7047     		bx	lr
 160              		.cfi_endproc
 161              	.LFE153:
 163              		.section	.text.HAL_PCDEx_DeActivateBCD,"ax",%progbits
 164              		.align	1
 165              		.global	HAL_PCDEx_DeActivateBCD
 166              		.syntax unified
 167              		.thumb
 168              		.thumb_func
 170              	HAL_PCDEx_DeActivateBCD:
 171              	.LVL13:
 172              	.LFB154:
 137:Drivers/STM32L5xx_HAL_Driver/Src/stm32l5xx_hal_pcd_ex.c **** 
 138:Drivers/STM32L5xx_HAL_Driver/Src/stm32l5xx_hal_pcd_ex.c **** /**
 139:Drivers/STM32L5xx_HAL_Driver/Src/stm32l5xx_hal_pcd_ex.c ****   * @brief  Deactivate BatteryCharging feature.
 140:Drivers/STM32L5xx_HAL_Driver/Src/stm32l5xx_hal_pcd_ex.c ****   * @param  hpcd PCD handle
 141:Drivers/STM32L5xx_HAL_Driver/Src/stm32l5xx_hal_pcd_ex.c ****   * @retval HAL status
 142:Drivers/STM32L5xx_HAL_Driver/Src/stm32l5xx_hal_pcd_ex.c ****   */
 143:Drivers/STM32L5xx_HAL_Driver/Src/stm32l5xx_hal_pcd_ex.c **** HAL_StatusTypeDef HAL_PCDEx_DeActivateBCD(PCD_HandleTypeDef *hpcd)
 144:Drivers/STM32L5xx_HAL_Driver/Src/stm32l5xx_hal_pcd_ex.c **** {
 173              		.loc 1 144 1 is_stmt 1 view -0
 174              		.cfi_startproc
 175              		@ args = 0, pretend = 0, frame = 0
 176              		@ frame_needed = 0, uses_anonymous_args = 0
 177              		@ link register save eliminated.
 178              		.loc 1 144 1 is_stmt 0 view .LVU49
 179 0000 0346     		mov	r3, r0
 145:Drivers/STM32L5xx_HAL_Driver/Src/stm32l5xx_hal_pcd_ex.c ****   USB_TypeDef *USBx = hpcd->Instance;
 180              		.loc 1 145 3 is_stmt 1 view .LVU50
 181              		.loc 1 145 16 is_stmt 0 view .LVU51
 182 0002 0268     		ldr	r2, [r0]
 183              	.LVL14:
 146:Drivers/STM32L5xx_HAL_Driver/Src/stm32l5xx_hal_pcd_ex.c ****   hpcd->battery_charging_active = 0U;
 184              		.loc 1 146 3 is_stmt 1 view .LVU52
 185              		.loc 1 146 33 is_stmt 0 view .LVU53
 186 0004 0020     		movs	r0, #0
 187              	.LVL15:
 188              		.loc 1 146 33 view .LVU54
 189 0006 C3F8EC02 		str	r0, [r3, #748]
ARM GAS  /tmp/ccCfW1bi.s 			page 7


 147:Drivers/STM32L5xx_HAL_Driver/Src/stm32l5xx_hal_pcd_ex.c **** 
 148:Drivers/STM32L5xx_HAL_Driver/Src/stm32l5xx_hal_pcd_ex.c ****   /* Disable BCD feature */
 149:Drivers/STM32L5xx_HAL_Driver/Src/stm32l5xx_hal_pcd_ex.c ****   USBx->BCDR &= ~(USB_BCDR_BCDEN);
 190              		.loc 1 149 3 is_stmt 1 view .LVU55
 191              		.loc 1 149 7 is_stmt 0 view .LVU56
 192 000a B2F85830 		ldrh	r3, [r2, #88]
 193              	.LVL16:
 194              		.loc 1 149 7 view .LVU57
 195 000e 9BB2     		uxth	r3, r3
 196              		.loc 1 149 14 view .LVU58
 197 0010 23F00103 		bic	r3, r3, #1
 198 0014 9BB2     		uxth	r3, r3
 199 0016 A2F85830 		strh	r3, [r2, #88]	@ movhi
 150:Drivers/STM32L5xx_HAL_Driver/Src/stm32l5xx_hal_pcd_ex.c **** 
 151:Drivers/STM32L5xx_HAL_Driver/Src/stm32l5xx_hal_pcd_ex.c ****   return HAL_OK;
 200              		.loc 1 151 3 is_stmt 1 view .LVU59
 152:Drivers/STM32L5xx_HAL_Driver/Src/stm32l5xx_hal_pcd_ex.c **** }
 201              		.loc 1 152 1 is_stmt 0 view .LVU60
 202 001a 7047     		bx	lr
 203              		.cfi_endproc
 204              	.LFE154:
 206              		.section	.text.HAL_PCDEx_ActivateLPM,"ax",%progbits
 207              		.align	1
 208              		.global	HAL_PCDEx_ActivateLPM
 209              		.syntax unified
 210              		.thumb
 211              		.thumb_func
 213              	HAL_PCDEx_ActivateLPM:
 214              	.LVL17:
 215              	.LFB156:
 153:Drivers/STM32L5xx_HAL_Driver/Src/stm32l5xx_hal_pcd_ex.c **** 
 154:Drivers/STM32L5xx_HAL_Driver/Src/stm32l5xx_hal_pcd_ex.c **** /**
 155:Drivers/STM32L5xx_HAL_Driver/Src/stm32l5xx_hal_pcd_ex.c ****   * @brief  Handle BatteryCharging Process.
 156:Drivers/STM32L5xx_HAL_Driver/Src/stm32l5xx_hal_pcd_ex.c ****   * @param  hpcd PCD handle
 157:Drivers/STM32L5xx_HAL_Driver/Src/stm32l5xx_hal_pcd_ex.c ****   * @retval HAL status
 158:Drivers/STM32L5xx_HAL_Driver/Src/stm32l5xx_hal_pcd_ex.c ****   */
 159:Drivers/STM32L5xx_HAL_Driver/Src/stm32l5xx_hal_pcd_ex.c **** void HAL_PCDEx_BCD_VBUSDetect(PCD_HandleTypeDef *hpcd)
 160:Drivers/STM32L5xx_HAL_Driver/Src/stm32l5xx_hal_pcd_ex.c **** {
 161:Drivers/STM32L5xx_HAL_Driver/Src/stm32l5xx_hal_pcd_ex.c ****   USB_TypeDef *USBx = hpcd->Instance;
 162:Drivers/STM32L5xx_HAL_Driver/Src/stm32l5xx_hal_pcd_ex.c ****   uint32_t tickstart = HAL_GetTick();
 163:Drivers/STM32L5xx_HAL_Driver/Src/stm32l5xx_hal_pcd_ex.c **** 
 164:Drivers/STM32L5xx_HAL_Driver/Src/stm32l5xx_hal_pcd_ex.c ****   /* Wait for Min DCD Timeout */
 165:Drivers/STM32L5xx_HAL_Driver/Src/stm32l5xx_hal_pcd_ex.c ****   HAL_Delay(300U);
 166:Drivers/STM32L5xx_HAL_Driver/Src/stm32l5xx_hal_pcd_ex.c **** 
 167:Drivers/STM32L5xx_HAL_Driver/Src/stm32l5xx_hal_pcd_ex.c ****   /* Data Pin Contact ? Check Detect flag */
 168:Drivers/STM32L5xx_HAL_Driver/Src/stm32l5xx_hal_pcd_ex.c ****   if ((USBx->BCDR & USB_BCDR_DCDET) == USB_BCDR_DCDET)
 169:Drivers/STM32L5xx_HAL_Driver/Src/stm32l5xx_hal_pcd_ex.c ****   {
 170:Drivers/STM32L5xx_HAL_Driver/Src/stm32l5xx_hal_pcd_ex.c **** #if (USE_HAL_PCD_REGISTER_CALLBACKS == 1U)
 171:Drivers/STM32L5xx_HAL_Driver/Src/stm32l5xx_hal_pcd_ex.c ****     hpcd->BCDCallback(hpcd, PCD_BCD_CONTACT_DETECTION);
 172:Drivers/STM32L5xx_HAL_Driver/Src/stm32l5xx_hal_pcd_ex.c **** #else
 173:Drivers/STM32L5xx_HAL_Driver/Src/stm32l5xx_hal_pcd_ex.c ****     HAL_PCDEx_BCD_Callback(hpcd, PCD_BCD_CONTACT_DETECTION);
 174:Drivers/STM32L5xx_HAL_Driver/Src/stm32l5xx_hal_pcd_ex.c **** #endif /* USE_HAL_PCD_REGISTER_CALLBACKS */
 175:Drivers/STM32L5xx_HAL_Driver/Src/stm32l5xx_hal_pcd_ex.c ****   }
 176:Drivers/STM32L5xx_HAL_Driver/Src/stm32l5xx_hal_pcd_ex.c ****   /* Primary detection: checks if connected to Standard Downstream Port
 177:Drivers/STM32L5xx_HAL_Driver/Src/stm32l5xx_hal_pcd_ex.c ****   (without charging capability) */
 178:Drivers/STM32L5xx_HAL_Driver/Src/stm32l5xx_hal_pcd_ex.c ****   USBx->BCDR &= ~(USB_BCDR_DCDEN);
 179:Drivers/STM32L5xx_HAL_Driver/Src/stm32l5xx_hal_pcd_ex.c ****   HAL_Delay(50U);
ARM GAS  /tmp/ccCfW1bi.s 			page 8


 180:Drivers/STM32L5xx_HAL_Driver/Src/stm32l5xx_hal_pcd_ex.c ****   USBx->BCDR |= (USB_BCDR_PDEN);
 181:Drivers/STM32L5xx_HAL_Driver/Src/stm32l5xx_hal_pcd_ex.c ****   HAL_Delay(50U);
 182:Drivers/STM32L5xx_HAL_Driver/Src/stm32l5xx_hal_pcd_ex.c **** 
 183:Drivers/STM32L5xx_HAL_Driver/Src/stm32l5xx_hal_pcd_ex.c ****   /* If Charger detect ? */
 184:Drivers/STM32L5xx_HAL_Driver/Src/stm32l5xx_hal_pcd_ex.c ****   if ((USBx->BCDR & USB_BCDR_PDET) == USB_BCDR_PDET)
 185:Drivers/STM32L5xx_HAL_Driver/Src/stm32l5xx_hal_pcd_ex.c ****   {
 186:Drivers/STM32L5xx_HAL_Driver/Src/stm32l5xx_hal_pcd_ex.c ****     /* Start secondary detection to check connection to Charging Downstream
 187:Drivers/STM32L5xx_HAL_Driver/Src/stm32l5xx_hal_pcd_ex.c ****     Port or Dedicated Charging Port */
 188:Drivers/STM32L5xx_HAL_Driver/Src/stm32l5xx_hal_pcd_ex.c ****     USBx->BCDR &= ~(USB_BCDR_PDEN);
 189:Drivers/STM32L5xx_HAL_Driver/Src/stm32l5xx_hal_pcd_ex.c ****     HAL_Delay(50U);
 190:Drivers/STM32L5xx_HAL_Driver/Src/stm32l5xx_hal_pcd_ex.c ****     USBx->BCDR |= (USB_BCDR_SDEN);
 191:Drivers/STM32L5xx_HAL_Driver/Src/stm32l5xx_hal_pcd_ex.c ****     HAL_Delay(50U);
 192:Drivers/STM32L5xx_HAL_Driver/Src/stm32l5xx_hal_pcd_ex.c **** 
 193:Drivers/STM32L5xx_HAL_Driver/Src/stm32l5xx_hal_pcd_ex.c ****     /* If CDP ? */
 194:Drivers/STM32L5xx_HAL_Driver/Src/stm32l5xx_hal_pcd_ex.c ****     if ((USBx->BCDR & USB_BCDR_SDET) == USB_BCDR_SDET)
 195:Drivers/STM32L5xx_HAL_Driver/Src/stm32l5xx_hal_pcd_ex.c ****     {
 196:Drivers/STM32L5xx_HAL_Driver/Src/stm32l5xx_hal_pcd_ex.c ****       /* Dedicated Downstream Port DCP */
 197:Drivers/STM32L5xx_HAL_Driver/Src/stm32l5xx_hal_pcd_ex.c **** #if (USE_HAL_PCD_REGISTER_CALLBACKS == 1U)
 198:Drivers/STM32L5xx_HAL_Driver/Src/stm32l5xx_hal_pcd_ex.c ****       hpcd->BCDCallback(hpcd, PCD_BCD_DEDICATED_CHARGING_PORT);
 199:Drivers/STM32L5xx_HAL_Driver/Src/stm32l5xx_hal_pcd_ex.c **** #else
 200:Drivers/STM32L5xx_HAL_Driver/Src/stm32l5xx_hal_pcd_ex.c ****       HAL_PCDEx_BCD_Callback(hpcd, PCD_BCD_DEDICATED_CHARGING_PORT);
 201:Drivers/STM32L5xx_HAL_Driver/Src/stm32l5xx_hal_pcd_ex.c **** #endif /* USE_HAL_PCD_REGISTER_CALLBACKS */
 202:Drivers/STM32L5xx_HAL_Driver/Src/stm32l5xx_hal_pcd_ex.c ****     }
 203:Drivers/STM32L5xx_HAL_Driver/Src/stm32l5xx_hal_pcd_ex.c ****     else
 204:Drivers/STM32L5xx_HAL_Driver/Src/stm32l5xx_hal_pcd_ex.c ****     {
 205:Drivers/STM32L5xx_HAL_Driver/Src/stm32l5xx_hal_pcd_ex.c ****       /* Charging Downstream Port CDP */
 206:Drivers/STM32L5xx_HAL_Driver/Src/stm32l5xx_hal_pcd_ex.c **** #if (USE_HAL_PCD_REGISTER_CALLBACKS == 1U)
 207:Drivers/STM32L5xx_HAL_Driver/Src/stm32l5xx_hal_pcd_ex.c ****       hpcd->BCDCallback(hpcd, PCD_BCD_CHARGING_DOWNSTREAM_PORT);
 208:Drivers/STM32L5xx_HAL_Driver/Src/stm32l5xx_hal_pcd_ex.c **** #else
 209:Drivers/STM32L5xx_HAL_Driver/Src/stm32l5xx_hal_pcd_ex.c ****       HAL_PCDEx_BCD_Callback(hpcd, PCD_BCD_CHARGING_DOWNSTREAM_PORT);
 210:Drivers/STM32L5xx_HAL_Driver/Src/stm32l5xx_hal_pcd_ex.c **** #endif /* USE_HAL_PCD_REGISTER_CALLBACKS */
 211:Drivers/STM32L5xx_HAL_Driver/Src/stm32l5xx_hal_pcd_ex.c ****     }
 212:Drivers/STM32L5xx_HAL_Driver/Src/stm32l5xx_hal_pcd_ex.c ****   }
 213:Drivers/STM32L5xx_HAL_Driver/Src/stm32l5xx_hal_pcd_ex.c ****   else /* NO */
 214:Drivers/STM32L5xx_HAL_Driver/Src/stm32l5xx_hal_pcd_ex.c ****   {
 215:Drivers/STM32L5xx_HAL_Driver/Src/stm32l5xx_hal_pcd_ex.c ****     /* Standard Downstream Port */
 216:Drivers/STM32L5xx_HAL_Driver/Src/stm32l5xx_hal_pcd_ex.c **** #if (USE_HAL_PCD_REGISTER_CALLBACKS == 1U)
 217:Drivers/STM32L5xx_HAL_Driver/Src/stm32l5xx_hal_pcd_ex.c ****     hpcd->BCDCallback(hpcd, PCD_BCD_STD_DOWNSTREAM_PORT);
 218:Drivers/STM32L5xx_HAL_Driver/Src/stm32l5xx_hal_pcd_ex.c **** #else
 219:Drivers/STM32L5xx_HAL_Driver/Src/stm32l5xx_hal_pcd_ex.c ****     HAL_PCDEx_BCD_Callback(hpcd, PCD_BCD_STD_DOWNSTREAM_PORT);
 220:Drivers/STM32L5xx_HAL_Driver/Src/stm32l5xx_hal_pcd_ex.c **** #endif /* USE_HAL_PCD_REGISTER_CALLBACKS */
 221:Drivers/STM32L5xx_HAL_Driver/Src/stm32l5xx_hal_pcd_ex.c ****   }
 222:Drivers/STM32L5xx_HAL_Driver/Src/stm32l5xx_hal_pcd_ex.c **** 
 223:Drivers/STM32L5xx_HAL_Driver/Src/stm32l5xx_hal_pcd_ex.c ****   /* Battery Charging capability discovery finished Start Enumeration */
 224:Drivers/STM32L5xx_HAL_Driver/Src/stm32l5xx_hal_pcd_ex.c ****   (void)HAL_PCDEx_DeActivateBCD(hpcd);
 225:Drivers/STM32L5xx_HAL_Driver/Src/stm32l5xx_hal_pcd_ex.c **** 
 226:Drivers/STM32L5xx_HAL_Driver/Src/stm32l5xx_hal_pcd_ex.c ****   /* Check for the Timeout, else start USB Device */
 227:Drivers/STM32L5xx_HAL_Driver/Src/stm32l5xx_hal_pcd_ex.c ****   if ((HAL_GetTick() - tickstart) > 1000U)
 228:Drivers/STM32L5xx_HAL_Driver/Src/stm32l5xx_hal_pcd_ex.c ****   {
 229:Drivers/STM32L5xx_HAL_Driver/Src/stm32l5xx_hal_pcd_ex.c **** #if (USE_HAL_PCD_REGISTER_CALLBACKS == 1U)
 230:Drivers/STM32L5xx_HAL_Driver/Src/stm32l5xx_hal_pcd_ex.c ****     hpcd->BCDCallback(hpcd, PCD_BCD_ERROR);
 231:Drivers/STM32L5xx_HAL_Driver/Src/stm32l5xx_hal_pcd_ex.c **** #else
 232:Drivers/STM32L5xx_HAL_Driver/Src/stm32l5xx_hal_pcd_ex.c ****     HAL_PCDEx_BCD_Callback(hpcd, PCD_BCD_ERROR);
 233:Drivers/STM32L5xx_HAL_Driver/Src/stm32l5xx_hal_pcd_ex.c **** #endif /* USE_HAL_PCD_REGISTER_CALLBACKS */
 234:Drivers/STM32L5xx_HAL_Driver/Src/stm32l5xx_hal_pcd_ex.c ****   }
 235:Drivers/STM32L5xx_HAL_Driver/Src/stm32l5xx_hal_pcd_ex.c ****   else
 236:Drivers/STM32L5xx_HAL_Driver/Src/stm32l5xx_hal_pcd_ex.c ****   {
ARM GAS  /tmp/ccCfW1bi.s 			page 9


 237:Drivers/STM32L5xx_HAL_Driver/Src/stm32l5xx_hal_pcd_ex.c **** #if (USE_HAL_PCD_REGISTER_CALLBACKS == 1U)
 238:Drivers/STM32L5xx_HAL_Driver/Src/stm32l5xx_hal_pcd_ex.c ****     hpcd->BCDCallback(hpcd, PCD_BCD_DISCOVERY_COMPLETED);
 239:Drivers/STM32L5xx_HAL_Driver/Src/stm32l5xx_hal_pcd_ex.c **** #else
 240:Drivers/STM32L5xx_HAL_Driver/Src/stm32l5xx_hal_pcd_ex.c ****     HAL_PCDEx_BCD_Callback(hpcd, PCD_BCD_DISCOVERY_COMPLETED);
 241:Drivers/STM32L5xx_HAL_Driver/Src/stm32l5xx_hal_pcd_ex.c **** #endif /* USE_HAL_PCD_REGISTER_CALLBACKS */
 242:Drivers/STM32L5xx_HAL_Driver/Src/stm32l5xx_hal_pcd_ex.c ****   }
 243:Drivers/STM32L5xx_HAL_Driver/Src/stm32l5xx_hal_pcd_ex.c **** }
 244:Drivers/STM32L5xx_HAL_Driver/Src/stm32l5xx_hal_pcd_ex.c **** 
 245:Drivers/STM32L5xx_HAL_Driver/Src/stm32l5xx_hal_pcd_ex.c **** 
 246:Drivers/STM32L5xx_HAL_Driver/Src/stm32l5xx_hal_pcd_ex.c **** /**
 247:Drivers/STM32L5xx_HAL_Driver/Src/stm32l5xx_hal_pcd_ex.c ****   * @brief  Activate LPM feature.
 248:Drivers/STM32L5xx_HAL_Driver/Src/stm32l5xx_hal_pcd_ex.c ****   * @param  hpcd PCD handle
 249:Drivers/STM32L5xx_HAL_Driver/Src/stm32l5xx_hal_pcd_ex.c ****   * @retval HAL status
 250:Drivers/STM32L5xx_HAL_Driver/Src/stm32l5xx_hal_pcd_ex.c ****   */
 251:Drivers/STM32L5xx_HAL_Driver/Src/stm32l5xx_hal_pcd_ex.c **** HAL_StatusTypeDef HAL_PCDEx_ActivateLPM(PCD_HandleTypeDef *hpcd)
 252:Drivers/STM32L5xx_HAL_Driver/Src/stm32l5xx_hal_pcd_ex.c **** {
 216              		.loc 1 252 1 is_stmt 1 view -0
 217              		.cfi_startproc
 218              		@ args = 0, pretend = 0, frame = 0
 219              		@ frame_needed = 0, uses_anonymous_args = 0
 220              		@ link register save eliminated.
 221              		.loc 1 252 1 is_stmt 0 view .LVU62
 222 0000 0346     		mov	r3, r0
 253:Drivers/STM32L5xx_HAL_Driver/Src/stm32l5xx_hal_pcd_ex.c **** 
 254:Drivers/STM32L5xx_HAL_Driver/Src/stm32l5xx_hal_pcd_ex.c ****   USB_TypeDef *USBx = hpcd->Instance;
 223              		.loc 1 254 3 is_stmt 1 view .LVU63
 224              		.loc 1 254 16 is_stmt 0 view .LVU64
 225 0002 0268     		ldr	r2, [r0]
 226              	.LVL18:
 255:Drivers/STM32L5xx_HAL_Driver/Src/stm32l5xx_hal_pcd_ex.c ****   hpcd->lpm_active = 1U;
 227              		.loc 1 255 3 is_stmt 1 view .LVU65
 228              		.loc 1 255 20 is_stmt 0 view .LVU66
 229 0004 0121     		movs	r1, #1
 230 0006 C0F8E812 		str	r1, [r0, #744]
 256:Drivers/STM32L5xx_HAL_Driver/Src/stm32l5xx_hal_pcd_ex.c ****   hpcd->LPM_State = LPM_L0;
 231              		.loc 1 256 3 is_stmt 1 view .LVU67
 232              		.loc 1 256 19 is_stmt 0 view .LVU68
 233 000a 0020     		movs	r0, #0
 234              	.LVL19:
 235              		.loc 1 256 19 view .LVU69
 236 000c 83F8E002 		strb	r0, [r3, #736]
 257:Drivers/STM32L5xx_HAL_Driver/Src/stm32l5xx_hal_pcd_ex.c **** 
 258:Drivers/STM32L5xx_HAL_Driver/Src/stm32l5xx_hal_pcd_ex.c ****   USBx->LPMCSR |= USB_LPMCSR_LMPEN;
 237              		.loc 1 258 3 is_stmt 1 view .LVU70
 238              		.loc 1 258 7 is_stmt 0 view .LVU71
 239 0010 B2F85430 		ldrh	r3, [r2, #84]
 240              	.LVL20:
 241              		.loc 1 258 7 view .LVU72
 242 0014 9BB2     		uxth	r3, r3
 243              		.loc 1 258 16 view .LVU73
 244 0016 0B43     		orrs	r3, r3, r1
 245 0018 A2F85430 		strh	r3, [r2, #84]	@ movhi
 259:Drivers/STM32L5xx_HAL_Driver/Src/stm32l5xx_hal_pcd_ex.c ****   USBx->LPMCSR |= USB_LPMCSR_LPMACK;
 246              		.loc 1 259 3 is_stmt 1 view .LVU74
 247              		.loc 1 259 7 is_stmt 0 view .LVU75
 248 001c B2F85430 		ldrh	r3, [r2, #84]
 249 0020 9BB2     		uxth	r3, r3
ARM GAS  /tmp/ccCfW1bi.s 			page 10


 250              		.loc 1 259 16 view .LVU76
 251 0022 43F00203 		orr	r3, r3, #2
 252 0026 A2F85430 		strh	r3, [r2, #84]	@ movhi
 260:Drivers/STM32L5xx_HAL_Driver/Src/stm32l5xx_hal_pcd_ex.c **** 
 261:Drivers/STM32L5xx_HAL_Driver/Src/stm32l5xx_hal_pcd_ex.c ****   return HAL_OK;
 253              		.loc 1 261 3 is_stmt 1 view .LVU77
 262:Drivers/STM32L5xx_HAL_Driver/Src/stm32l5xx_hal_pcd_ex.c **** }
 254              		.loc 1 262 1 is_stmt 0 view .LVU78
 255 002a 7047     		bx	lr
 256              		.cfi_endproc
 257              	.LFE156:
 259              		.section	.text.HAL_PCDEx_DeActivateLPM,"ax",%progbits
 260              		.align	1
 261              		.global	HAL_PCDEx_DeActivateLPM
 262              		.syntax unified
 263              		.thumb
 264              		.thumb_func
 266              	HAL_PCDEx_DeActivateLPM:
 267              	.LVL21:
 268              	.LFB157:
 263:Drivers/STM32L5xx_HAL_Driver/Src/stm32l5xx_hal_pcd_ex.c **** 
 264:Drivers/STM32L5xx_HAL_Driver/Src/stm32l5xx_hal_pcd_ex.c **** /**
 265:Drivers/STM32L5xx_HAL_Driver/Src/stm32l5xx_hal_pcd_ex.c ****   * @brief  Deactivate LPM feature.
 266:Drivers/STM32L5xx_HAL_Driver/Src/stm32l5xx_hal_pcd_ex.c ****   * @param  hpcd PCD handle
 267:Drivers/STM32L5xx_HAL_Driver/Src/stm32l5xx_hal_pcd_ex.c ****   * @retval HAL status
 268:Drivers/STM32L5xx_HAL_Driver/Src/stm32l5xx_hal_pcd_ex.c ****   */
 269:Drivers/STM32L5xx_HAL_Driver/Src/stm32l5xx_hal_pcd_ex.c **** HAL_StatusTypeDef HAL_PCDEx_DeActivateLPM(PCD_HandleTypeDef *hpcd)
 270:Drivers/STM32L5xx_HAL_Driver/Src/stm32l5xx_hal_pcd_ex.c **** {
 269              		.loc 1 270 1 is_stmt 1 view -0
 270              		.cfi_startproc
 271              		@ args = 0, pretend = 0, frame = 0
 272              		@ frame_needed = 0, uses_anonymous_args = 0
 273              		@ link register save eliminated.
 274              		.loc 1 270 1 is_stmt 0 view .LVU80
 275 0000 0346     		mov	r3, r0
 271:Drivers/STM32L5xx_HAL_Driver/Src/stm32l5xx_hal_pcd_ex.c ****   USB_TypeDef *USBx = hpcd->Instance;
 276              		.loc 1 271 3 is_stmt 1 view .LVU81
 277              		.loc 1 271 16 is_stmt 0 view .LVU82
 278 0002 0268     		ldr	r2, [r0]
 279              	.LVL22:
 272:Drivers/STM32L5xx_HAL_Driver/Src/stm32l5xx_hal_pcd_ex.c **** 
 273:Drivers/STM32L5xx_HAL_Driver/Src/stm32l5xx_hal_pcd_ex.c ****   hpcd->lpm_active = 0U;
 280              		.loc 1 273 3 is_stmt 1 view .LVU83
 281              		.loc 1 273 20 is_stmt 0 view .LVU84
 282 0004 0020     		movs	r0, #0
 283              	.LVL23:
 284              		.loc 1 273 20 view .LVU85
 285 0006 C3F8E802 		str	r0, [r3, #744]
 274:Drivers/STM32L5xx_HAL_Driver/Src/stm32l5xx_hal_pcd_ex.c **** 
 275:Drivers/STM32L5xx_HAL_Driver/Src/stm32l5xx_hal_pcd_ex.c ****   USBx->LPMCSR &= ~(USB_LPMCSR_LMPEN);
 286              		.loc 1 275 3 is_stmt 1 view .LVU86
 287              		.loc 1 275 7 is_stmt 0 view .LVU87
 288 000a B2F85430 		ldrh	r3, [r2, #84]
 289              	.LVL24:
 290              		.loc 1 275 7 view .LVU88
 291 000e 9BB2     		uxth	r3, r3
 292              		.loc 1 275 16 view .LVU89
ARM GAS  /tmp/ccCfW1bi.s 			page 11


 293 0010 23F00103 		bic	r3, r3, #1
 294 0014 9BB2     		uxth	r3, r3
 295 0016 A2F85430 		strh	r3, [r2, #84]	@ movhi
 276:Drivers/STM32L5xx_HAL_Driver/Src/stm32l5xx_hal_pcd_ex.c ****   USBx->LPMCSR &= ~(USB_LPMCSR_LPMACK);
 296              		.loc 1 276 3 is_stmt 1 view .LVU90
 297              		.loc 1 276 7 is_stmt 0 view .LVU91
 298 001a B2F85430 		ldrh	r3, [r2, #84]
 299 001e 9BB2     		uxth	r3, r3
 300              		.loc 1 276 16 view .LVU92
 301 0020 23F00203 		bic	r3, r3, #2
 302 0024 9BB2     		uxth	r3, r3
 303 0026 A2F85430 		strh	r3, [r2, #84]	@ movhi
 277:Drivers/STM32L5xx_HAL_Driver/Src/stm32l5xx_hal_pcd_ex.c **** 
 278:Drivers/STM32L5xx_HAL_Driver/Src/stm32l5xx_hal_pcd_ex.c ****   return HAL_OK;
 304              		.loc 1 278 3 is_stmt 1 view .LVU93
 279:Drivers/STM32L5xx_HAL_Driver/Src/stm32l5xx_hal_pcd_ex.c **** }
 305              		.loc 1 279 1 is_stmt 0 view .LVU94
 306 002a 7047     		bx	lr
 307              		.cfi_endproc
 308              	.LFE157:
 310              		.section	.text.HAL_PCDEx_LPM_Callback,"ax",%progbits
 311              		.align	1
 312              		.weak	HAL_PCDEx_LPM_Callback
 313              		.syntax unified
 314              		.thumb
 315              		.thumb_func
 317              	HAL_PCDEx_LPM_Callback:
 318              	.LVL25:
 319              	.LFB158:
 280:Drivers/STM32L5xx_HAL_Driver/Src/stm32l5xx_hal_pcd_ex.c **** 
 281:Drivers/STM32L5xx_HAL_Driver/Src/stm32l5xx_hal_pcd_ex.c **** 
 282:Drivers/STM32L5xx_HAL_Driver/Src/stm32l5xx_hal_pcd_ex.c **** 
 283:Drivers/STM32L5xx_HAL_Driver/Src/stm32l5xx_hal_pcd_ex.c **** /**
 284:Drivers/STM32L5xx_HAL_Driver/Src/stm32l5xx_hal_pcd_ex.c ****   * @brief  Send LPM message to user layer callback.
 285:Drivers/STM32L5xx_HAL_Driver/Src/stm32l5xx_hal_pcd_ex.c ****   * @param  hpcd PCD handle
 286:Drivers/STM32L5xx_HAL_Driver/Src/stm32l5xx_hal_pcd_ex.c ****   * @param  msg LPM message
 287:Drivers/STM32L5xx_HAL_Driver/Src/stm32l5xx_hal_pcd_ex.c ****   * @retval HAL status
 288:Drivers/STM32L5xx_HAL_Driver/Src/stm32l5xx_hal_pcd_ex.c ****   */
 289:Drivers/STM32L5xx_HAL_Driver/Src/stm32l5xx_hal_pcd_ex.c **** __weak void HAL_PCDEx_LPM_Callback(PCD_HandleTypeDef *hpcd, PCD_LPM_MsgTypeDef msg)
 290:Drivers/STM32L5xx_HAL_Driver/Src/stm32l5xx_hal_pcd_ex.c **** {
 320              		.loc 1 290 1 is_stmt 1 view -0
 321              		.cfi_startproc
 322              		@ args = 0, pretend = 0, frame = 0
 323              		@ frame_needed = 0, uses_anonymous_args = 0
 324              		@ link register save eliminated.
 291:Drivers/STM32L5xx_HAL_Driver/Src/stm32l5xx_hal_pcd_ex.c ****   /* Prevent unused argument(s) compilation warning */
 292:Drivers/STM32L5xx_HAL_Driver/Src/stm32l5xx_hal_pcd_ex.c ****   UNUSED(hpcd);
 325              		.loc 1 292 3 view .LVU96
 293:Drivers/STM32L5xx_HAL_Driver/Src/stm32l5xx_hal_pcd_ex.c ****   UNUSED(msg);
 326              		.loc 1 293 3 view .LVU97
 294:Drivers/STM32L5xx_HAL_Driver/Src/stm32l5xx_hal_pcd_ex.c **** 
 295:Drivers/STM32L5xx_HAL_Driver/Src/stm32l5xx_hal_pcd_ex.c ****   /* NOTE : This function should not be modified, when the callback is needed,
 296:Drivers/STM32L5xx_HAL_Driver/Src/stm32l5xx_hal_pcd_ex.c ****             the HAL_PCDEx_LPM_Callback could be implemented in the user file
 297:Drivers/STM32L5xx_HAL_Driver/Src/stm32l5xx_hal_pcd_ex.c ****    */
 298:Drivers/STM32L5xx_HAL_Driver/Src/stm32l5xx_hal_pcd_ex.c **** }
 327              		.loc 1 298 1 is_stmt 0 view .LVU98
 328 0000 7047     		bx	lr
ARM GAS  /tmp/ccCfW1bi.s 			page 12


 329              		.cfi_endproc
 330              	.LFE158:
 332              		.section	.text.HAL_PCDEx_BCD_Callback,"ax",%progbits
 333              		.align	1
 334              		.weak	HAL_PCDEx_BCD_Callback
 335              		.syntax unified
 336              		.thumb
 337              		.thumb_func
 339              	HAL_PCDEx_BCD_Callback:
 340              	.LVL26:
 341              	.LFB159:
 299:Drivers/STM32L5xx_HAL_Driver/Src/stm32l5xx_hal_pcd_ex.c **** 
 300:Drivers/STM32L5xx_HAL_Driver/Src/stm32l5xx_hal_pcd_ex.c **** /**
 301:Drivers/STM32L5xx_HAL_Driver/Src/stm32l5xx_hal_pcd_ex.c ****   * @brief  Send BatteryCharging message to user layer callback.
 302:Drivers/STM32L5xx_HAL_Driver/Src/stm32l5xx_hal_pcd_ex.c ****   * @param  hpcd PCD handle
 303:Drivers/STM32L5xx_HAL_Driver/Src/stm32l5xx_hal_pcd_ex.c ****   * @param  msg LPM message
 304:Drivers/STM32L5xx_HAL_Driver/Src/stm32l5xx_hal_pcd_ex.c ****   * @retval HAL status
 305:Drivers/STM32L5xx_HAL_Driver/Src/stm32l5xx_hal_pcd_ex.c ****   */
 306:Drivers/STM32L5xx_HAL_Driver/Src/stm32l5xx_hal_pcd_ex.c **** __weak void HAL_PCDEx_BCD_Callback(PCD_HandleTypeDef *hpcd, PCD_BCD_MsgTypeDef msg)
 307:Drivers/STM32L5xx_HAL_Driver/Src/stm32l5xx_hal_pcd_ex.c **** {
 342              		.loc 1 307 1 is_stmt 1 view -0
 343              		.cfi_startproc
 344              		@ args = 0, pretend = 0, frame = 0
 345              		@ frame_needed = 0, uses_anonymous_args = 0
 346              		@ link register save eliminated.
 308:Drivers/STM32L5xx_HAL_Driver/Src/stm32l5xx_hal_pcd_ex.c ****   /* Prevent unused argument(s) compilation warning */
 309:Drivers/STM32L5xx_HAL_Driver/Src/stm32l5xx_hal_pcd_ex.c ****   UNUSED(hpcd);
 347              		.loc 1 309 3 view .LVU100
 310:Drivers/STM32L5xx_HAL_Driver/Src/stm32l5xx_hal_pcd_ex.c ****   UNUSED(msg);
 348              		.loc 1 310 3 view .LVU101
 311:Drivers/STM32L5xx_HAL_Driver/Src/stm32l5xx_hal_pcd_ex.c **** 
 312:Drivers/STM32L5xx_HAL_Driver/Src/stm32l5xx_hal_pcd_ex.c ****   /* NOTE : This function should not be modified, when the callback is needed,
 313:Drivers/STM32L5xx_HAL_Driver/Src/stm32l5xx_hal_pcd_ex.c ****             the HAL_PCDEx_BCD_Callback could be implemented in the user file
 314:Drivers/STM32L5xx_HAL_Driver/Src/stm32l5xx_hal_pcd_ex.c ****    */
 315:Drivers/STM32L5xx_HAL_Driver/Src/stm32l5xx_hal_pcd_ex.c **** }
 349              		.loc 1 315 1 is_stmt 0 view .LVU102
 350 0000 7047     		bx	lr
 351              		.cfi_endproc
 352              	.LFE159:
 354              		.section	.text.HAL_PCDEx_BCD_VBUSDetect,"ax",%progbits
 355              		.align	1
 356              		.global	HAL_PCDEx_BCD_VBUSDetect
 357              		.syntax unified
 358              		.thumb
 359              		.thumb_func
 361              	HAL_PCDEx_BCD_VBUSDetect:
 362              	.LVL27:
 363              	.LFB155:
 160:Drivers/STM32L5xx_HAL_Driver/Src/stm32l5xx_hal_pcd_ex.c ****   USB_TypeDef *USBx = hpcd->Instance;
 364              		.loc 1 160 1 is_stmt 1 view -0
 365              		.cfi_startproc
 366              		@ args = 0, pretend = 0, frame = 0
 367              		@ frame_needed = 0, uses_anonymous_args = 0
 160:Drivers/STM32L5xx_HAL_Driver/Src/stm32l5xx_hal_pcd_ex.c ****   USB_TypeDef *USBx = hpcd->Instance;
 368              		.loc 1 160 1 is_stmt 0 view .LVU104
 369 0000 70B5     		push	{r4, r5, r6, lr}
 370              	.LCFI0:
ARM GAS  /tmp/ccCfW1bi.s 			page 13


 371              		.cfi_def_cfa_offset 16
 372              		.cfi_offset 4, -16
 373              		.cfi_offset 5, -12
 374              		.cfi_offset 6, -8
 375              		.cfi_offset 14, -4
 376 0002 0546     		mov	r5, r0
 161:Drivers/STM32L5xx_HAL_Driver/Src/stm32l5xx_hal_pcd_ex.c ****   uint32_t tickstart = HAL_GetTick();
 377              		.loc 1 161 3 is_stmt 1 view .LVU105
 161:Drivers/STM32L5xx_HAL_Driver/Src/stm32l5xx_hal_pcd_ex.c ****   uint32_t tickstart = HAL_GetTick();
 378              		.loc 1 161 16 is_stmt 0 view .LVU106
 379 0004 0468     		ldr	r4, [r0]
 380              	.LVL28:
 162:Drivers/STM32L5xx_HAL_Driver/Src/stm32l5xx_hal_pcd_ex.c **** 
 381              		.loc 1 162 3 is_stmt 1 view .LVU107
 162:Drivers/STM32L5xx_HAL_Driver/Src/stm32l5xx_hal_pcd_ex.c **** 
 382              		.loc 1 162 24 is_stmt 0 view .LVU108
 383 0006 FFF7FEFF 		bl	HAL_GetTick
 384              	.LVL29:
 162:Drivers/STM32L5xx_HAL_Driver/Src/stm32l5xx_hal_pcd_ex.c **** 
 385              		.loc 1 162 24 view .LVU109
 386 000a 0646     		mov	r6, r0
 387              	.LVL30:
 165:Drivers/STM32L5xx_HAL_Driver/Src/stm32l5xx_hal_pcd_ex.c **** 
 388              		.loc 1 165 3 is_stmt 1 view .LVU110
 389 000c 4FF49670 		mov	r0, #300
 390              	.LVL31:
 165:Drivers/STM32L5xx_HAL_Driver/Src/stm32l5xx_hal_pcd_ex.c **** 
 391              		.loc 1 165 3 is_stmt 0 view .LVU111
 392 0010 FFF7FEFF 		bl	HAL_Delay
 393              	.LVL32:
 168:Drivers/STM32L5xx_HAL_Driver/Src/stm32l5xx_hal_pcd_ex.c ****   {
 394              		.loc 1 168 3 is_stmt 1 view .LVU112
 168:Drivers/STM32L5xx_HAL_Driver/Src/stm32l5xx_hal_pcd_ex.c ****   {
 395              		.loc 1 168 12 is_stmt 0 view .LVU113
 396 0014 B4F85830 		ldrh	r3, [r4, #88]
 168:Drivers/STM32L5xx_HAL_Driver/Src/stm32l5xx_hal_pcd_ex.c ****   {
 397              		.loc 1 168 6 view .LVU114
 398 0018 13F0100F 		tst	r3, #16
 399 001c 38D1     		bne	.L20
 400              	.L13:
 178:Drivers/STM32L5xx_HAL_Driver/Src/stm32l5xx_hal_pcd_ex.c ****   HAL_Delay(50U);
 401              		.loc 1 178 3 is_stmt 1 view .LVU115
 178:Drivers/STM32L5xx_HAL_Driver/Src/stm32l5xx_hal_pcd_ex.c ****   HAL_Delay(50U);
 402              		.loc 1 178 7 is_stmt 0 view .LVU116
 403 001e B4F85830 		ldrh	r3, [r4, #88]
 404 0022 9BB2     		uxth	r3, r3
 178:Drivers/STM32L5xx_HAL_Driver/Src/stm32l5xx_hal_pcd_ex.c ****   HAL_Delay(50U);
 405              		.loc 1 178 14 view .LVU117
 406 0024 23F00203 		bic	r3, r3, #2
 407 0028 9BB2     		uxth	r3, r3
 408 002a A4F85830 		strh	r3, [r4, #88]	@ movhi
 179:Drivers/STM32L5xx_HAL_Driver/Src/stm32l5xx_hal_pcd_ex.c ****   USBx->BCDR |= (USB_BCDR_PDEN);
 409              		.loc 1 179 3 is_stmt 1 view .LVU118
 410 002e 3220     		movs	r0, #50
 411 0030 FFF7FEFF 		bl	HAL_Delay
 412              	.LVL33:
 180:Drivers/STM32L5xx_HAL_Driver/Src/stm32l5xx_hal_pcd_ex.c ****   HAL_Delay(50U);
ARM GAS  /tmp/ccCfW1bi.s 			page 14


 413              		.loc 1 180 3 view .LVU119
 180:Drivers/STM32L5xx_HAL_Driver/Src/stm32l5xx_hal_pcd_ex.c ****   HAL_Delay(50U);
 414              		.loc 1 180 7 is_stmt 0 view .LVU120
 415 0034 B4F85830 		ldrh	r3, [r4, #88]
 416 0038 9BB2     		uxth	r3, r3
 180:Drivers/STM32L5xx_HAL_Driver/Src/stm32l5xx_hal_pcd_ex.c ****   HAL_Delay(50U);
 417              		.loc 1 180 14 view .LVU121
 418 003a 43F00403 		orr	r3, r3, #4
 419 003e A4F85830 		strh	r3, [r4, #88]	@ movhi
 181:Drivers/STM32L5xx_HAL_Driver/Src/stm32l5xx_hal_pcd_ex.c **** 
 420              		.loc 1 181 3 is_stmt 1 view .LVU122
 421 0042 3220     		movs	r0, #50
 422 0044 FFF7FEFF 		bl	HAL_Delay
 423              	.LVL34:
 184:Drivers/STM32L5xx_HAL_Driver/Src/stm32l5xx_hal_pcd_ex.c ****   {
 424              		.loc 1 184 3 view .LVU123
 184:Drivers/STM32L5xx_HAL_Driver/Src/stm32l5xx_hal_pcd_ex.c ****   {
 425              		.loc 1 184 12 is_stmt 0 view .LVU124
 426 0048 B4F85830 		ldrh	r3, [r4, #88]
 184:Drivers/STM32L5xx_HAL_Driver/Src/stm32l5xx_hal_pcd_ex.c ****   {
 427              		.loc 1 184 6 view .LVU125
 428 004c 13F0200F 		tst	r3, #32
 429 0050 28D0     		beq	.L14
 188:Drivers/STM32L5xx_HAL_Driver/Src/stm32l5xx_hal_pcd_ex.c ****     HAL_Delay(50U);
 430              		.loc 1 188 5 is_stmt 1 view .LVU126
 188:Drivers/STM32L5xx_HAL_Driver/Src/stm32l5xx_hal_pcd_ex.c ****     HAL_Delay(50U);
 431              		.loc 1 188 9 is_stmt 0 view .LVU127
 432 0052 B4F85830 		ldrh	r3, [r4, #88]
 433 0056 9BB2     		uxth	r3, r3
 188:Drivers/STM32L5xx_HAL_Driver/Src/stm32l5xx_hal_pcd_ex.c ****     HAL_Delay(50U);
 434              		.loc 1 188 16 view .LVU128
 435 0058 23F00403 		bic	r3, r3, #4
 436 005c 9BB2     		uxth	r3, r3
 437 005e A4F85830 		strh	r3, [r4, #88]	@ movhi
 189:Drivers/STM32L5xx_HAL_Driver/Src/stm32l5xx_hal_pcd_ex.c ****     USBx->BCDR |= (USB_BCDR_SDEN);
 438              		.loc 1 189 5 is_stmt 1 view .LVU129
 439 0062 3220     		movs	r0, #50
 440 0064 FFF7FEFF 		bl	HAL_Delay
 441              	.LVL35:
 190:Drivers/STM32L5xx_HAL_Driver/Src/stm32l5xx_hal_pcd_ex.c ****     HAL_Delay(50U);
 442              		.loc 1 190 5 view .LVU130
 190:Drivers/STM32L5xx_HAL_Driver/Src/stm32l5xx_hal_pcd_ex.c ****     HAL_Delay(50U);
 443              		.loc 1 190 9 is_stmt 0 view .LVU131
 444 0068 B4F85830 		ldrh	r3, [r4, #88]
 445 006c 9BB2     		uxth	r3, r3
 190:Drivers/STM32L5xx_HAL_Driver/Src/stm32l5xx_hal_pcd_ex.c ****     HAL_Delay(50U);
 446              		.loc 1 190 16 view .LVU132
 447 006e 43F00803 		orr	r3, r3, #8
 448 0072 A4F85830 		strh	r3, [r4, #88]	@ movhi
 191:Drivers/STM32L5xx_HAL_Driver/Src/stm32l5xx_hal_pcd_ex.c **** 
 449              		.loc 1 191 5 is_stmt 1 view .LVU133
 450 0076 3220     		movs	r0, #50
 451 0078 FFF7FEFF 		bl	HAL_Delay
 452              	.LVL36:
 194:Drivers/STM32L5xx_HAL_Driver/Src/stm32l5xx_hal_pcd_ex.c ****     {
 453              		.loc 1 194 5 view .LVU134
 194:Drivers/STM32L5xx_HAL_Driver/Src/stm32l5xx_hal_pcd_ex.c ****     {
ARM GAS  /tmp/ccCfW1bi.s 			page 15


 454              		.loc 1 194 14 is_stmt 0 view .LVU135
 455 007c B4F85830 		ldrh	r3, [r4, #88]
 194:Drivers/STM32L5xx_HAL_Driver/Src/stm32l5xx_hal_pcd_ex.c ****     {
 456              		.loc 1 194 8 view .LVU136
 457 0080 13F0400F 		tst	r3, #64
 458 0084 09D0     		beq	.L15
 200:Drivers/STM32L5xx_HAL_Driver/Src/stm32l5xx_hal_pcd_ex.c **** #endif /* USE_HAL_PCD_REGISTER_CALLBACKS */
 459              		.loc 1 200 7 is_stmt 1 view .LVU137
 460 0086 FB21     		movs	r1, #251
 461 0088 2846     		mov	r0, r5
 462 008a FFF7FEFF 		bl	HAL_PCDEx_BCD_Callback
 463              	.LVL37:
 464 008e 0DE0     		b	.L16
 465              	.L20:
 173:Drivers/STM32L5xx_HAL_Driver/Src/stm32l5xx_hal_pcd_ex.c **** #endif /* USE_HAL_PCD_REGISTER_CALLBACKS */
 466              		.loc 1 173 5 view .LVU138
 467 0090 FE21     		movs	r1, #254
 468 0092 2846     		mov	r0, r5
 469 0094 FFF7FEFF 		bl	HAL_PCDEx_BCD_Callback
 470              	.LVL38:
 471 0098 C1E7     		b	.L13
 472              	.L15:
 209:Drivers/STM32L5xx_HAL_Driver/Src/stm32l5xx_hal_pcd_ex.c **** #endif /* USE_HAL_PCD_REGISTER_CALLBACKS */
 473              		.loc 1 209 7 view .LVU139
 474 009a FC21     		movs	r1, #252
 475 009c 2846     		mov	r0, r5
 476 009e FFF7FEFF 		bl	HAL_PCDEx_BCD_Callback
 477              	.LVL39:
 478 00a2 03E0     		b	.L16
 479              	.L14:
 219:Drivers/STM32L5xx_HAL_Driver/Src/stm32l5xx_hal_pcd_ex.c **** #endif /* USE_HAL_PCD_REGISTER_CALLBACKS */
 480              		.loc 1 219 5 view .LVU140
 481 00a4 FD21     		movs	r1, #253
 482 00a6 2846     		mov	r0, r5
 483 00a8 FFF7FEFF 		bl	HAL_PCDEx_BCD_Callback
 484              	.LVL40:
 485              	.L16:
 224:Drivers/STM32L5xx_HAL_Driver/Src/stm32l5xx_hal_pcd_ex.c **** 
 486              		.loc 1 224 3 view .LVU141
 224:Drivers/STM32L5xx_HAL_Driver/Src/stm32l5xx_hal_pcd_ex.c **** 
 487              		.loc 1 224 9 is_stmt 0 view .LVU142
 488 00ac 2846     		mov	r0, r5
 489 00ae FFF7FEFF 		bl	HAL_PCDEx_DeActivateBCD
 490              	.LVL41:
 227:Drivers/STM32L5xx_HAL_Driver/Src/stm32l5xx_hal_pcd_ex.c ****   {
 491              		.loc 1 227 3 is_stmt 1 view .LVU143
 227:Drivers/STM32L5xx_HAL_Driver/Src/stm32l5xx_hal_pcd_ex.c ****   {
 492              		.loc 1 227 8 is_stmt 0 view .LVU144
 493 00b2 FFF7FEFF 		bl	HAL_GetTick
 494              	.LVL42:
 227:Drivers/STM32L5xx_HAL_Driver/Src/stm32l5xx_hal_pcd_ex.c ****   {
 495              		.loc 1 227 22 view .LVU145
 496 00b6 801B     		subs	r0, r0, r6
 227:Drivers/STM32L5xx_HAL_Driver/Src/stm32l5xx_hal_pcd_ex.c ****   {
 497              		.loc 1 227 6 view .LVU146
 498 00b8 B0F57A7F 		cmp	r0, #1000
 499 00bc 04D9     		bls	.L17
ARM GAS  /tmp/ccCfW1bi.s 			page 16


 232:Drivers/STM32L5xx_HAL_Driver/Src/stm32l5xx_hal_pcd_ex.c **** #endif /* USE_HAL_PCD_REGISTER_CALLBACKS */
 500              		.loc 1 232 5 is_stmt 1 view .LVU147
 501 00be FF21     		movs	r1, #255
 502 00c0 2846     		mov	r0, r5
 503 00c2 FFF7FEFF 		bl	HAL_PCDEx_BCD_Callback
 504              	.LVL43:
 505              	.L12:
 243:Drivers/STM32L5xx_HAL_Driver/Src/stm32l5xx_hal_pcd_ex.c **** 
 506              		.loc 1 243 1 is_stmt 0 view .LVU148
 507 00c6 70BD     		pop	{r4, r5, r6, pc}
 508              	.LVL44:
 509              	.L17:
 240:Drivers/STM32L5xx_HAL_Driver/Src/stm32l5xx_hal_pcd_ex.c **** #endif /* USE_HAL_PCD_REGISTER_CALLBACKS */
 510              		.loc 1 240 5 is_stmt 1 view .LVU149
 511 00c8 0021     		movs	r1, #0
 512 00ca 2846     		mov	r0, r5
 513 00cc FFF7FEFF 		bl	HAL_PCDEx_BCD_Callback
 514              	.LVL45:
 243:Drivers/STM32L5xx_HAL_Driver/Src/stm32l5xx_hal_pcd_ex.c **** 
 515              		.loc 1 243 1 is_stmt 0 view .LVU150
 516 00d0 F9E7     		b	.L12
 517              		.cfi_endproc
 518              	.LFE155:
 520              		.text
 521              	.Letext0:
 522              		.file 2 "/home/yul/toolchain/arm-gnu-toolchain-12.2.rel1-x86_64-arm-none-eabi/arm-none-eabi/includ
 523              		.file 3 "/home/yul/toolchain/arm-gnu-toolchain-12.2.rel1-x86_64-arm-none-eabi/arm-none-eabi/includ
 524              		.file 4 "Drivers/CMSIS/Device/ST/STM32L5xx/Include/stm32l562xx.h"
 525              		.file 5 "Drivers/STM32L5xx_HAL_Driver/Inc/stm32l5xx_hal_def.h"
 526              		.file 6 "Drivers/STM32L5xx_HAL_Driver/Inc/stm32l5xx_ll_usb.h"
 527              		.file 7 "Drivers/STM32L5xx_HAL_Driver/Inc/stm32l5xx_hal_pcd.h"
 528              		.file 8 "Drivers/STM32L5xx_HAL_Driver/Inc/stm32l5xx_hal.h"
ARM GAS  /tmp/ccCfW1bi.s 			page 17


DEFINED SYMBOLS
                            *ABS*:0000000000000000 stm32l5xx_hal_pcd_ex.c
     /tmp/ccCfW1bi.s:22     .text.HAL_PCDEx_PMAConfig:0000000000000000 $t
     /tmp/ccCfW1bi.s:28     .text.HAL_PCDEx_PMAConfig:0000000000000000 HAL_PCDEx_PMAConfig
     /tmp/ccCfW1bi.s:102    .text.HAL_PCDEx_ActivateBCD:0000000000000000 $t
     /tmp/ccCfW1bi.s:108    .text.HAL_PCDEx_ActivateBCD:0000000000000000 HAL_PCDEx_ActivateBCD
     /tmp/ccCfW1bi.s:164    .text.HAL_PCDEx_DeActivateBCD:0000000000000000 $t
     /tmp/ccCfW1bi.s:170    .text.HAL_PCDEx_DeActivateBCD:0000000000000000 HAL_PCDEx_DeActivateBCD
     /tmp/ccCfW1bi.s:207    .text.HAL_PCDEx_ActivateLPM:0000000000000000 $t
     /tmp/ccCfW1bi.s:213    .text.HAL_PCDEx_ActivateLPM:0000000000000000 HAL_PCDEx_ActivateLPM
     /tmp/ccCfW1bi.s:260    .text.HAL_PCDEx_DeActivateLPM:0000000000000000 $t
     /tmp/ccCfW1bi.s:266    .text.HAL_PCDEx_DeActivateLPM:0000000000000000 HAL_PCDEx_DeActivateLPM
     /tmp/ccCfW1bi.s:311    .text.HAL_PCDEx_LPM_Callback:0000000000000000 $t
     /tmp/ccCfW1bi.s:317    .text.HAL_PCDEx_LPM_Callback:0000000000000000 HAL_PCDEx_LPM_Callback
     /tmp/ccCfW1bi.s:333    .text.HAL_PCDEx_BCD_Callback:0000000000000000 $t
     /tmp/ccCfW1bi.s:339    .text.HAL_PCDEx_BCD_Callback:0000000000000000 HAL_PCDEx_BCD_Callback
     /tmp/ccCfW1bi.s:355    .text.HAL_PCDEx_BCD_VBUSDetect:0000000000000000 $t
     /tmp/ccCfW1bi.s:361    .text.HAL_PCDEx_BCD_VBUSDetect:0000000000000000 HAL_PCDEx_BCD_VBUSDetect

UNDEFINED SYMBOLS
HAL_GetTick
HAL_Delay
