ARM GAS  /tmp/ccGqzjK3.s 			page 1


   1              		.cpu cortex-m33
   2              		.arch armv8-m.main
   3              		.fpu fpv4-sp-d16
   4              		.arch_extension dsp
   5              		.eabi_attribute 27, 1
   6              		.eabi_attribute 28, 1
   7              		.eabi_attribute 20, 1
   8              		.eabi_attribute 21, 1
   9              		.eabi_attribute 23, 3
  10              		.eabi_attribute 24, 1
  11              		.eabi_attribute 25, 1
  12              		.eabi_attribute 26, 1
  13              		.eabi_attribute 30, 1
  14              		.eabi_attribute 34, 1
  15              		.eabi_attribute 18, 4
  16              		.file	"usb_device.c"
  17              		.text
  18              	.Ltext0:
  19              		.cfi_sections	.debug_frame
  20              		.file 1 "USB_Device/App/usb_device.c"
  21              		.section	.text.MX_USB_Device_Init,"ax",%progbits
  22              		.align	1
  23              		.global	MX_USB_Device_Init
  24              		.syntax unified
  25              		.thumb
  26              		.thumb_func
  28              	MX_USB_Device_Init:
  29              	.LFB156:
   1:USB_Device/App/usb_device.c **** /* USER CODE BEGIN Header */
   2:USB_Device/App/usb_device.c **** /**
   3:USB_Device/App/usb_device.c ****   ******************************************************************************
   4:USB_Device/App/usb_device.c ****   * @file           : usb_device.c
   5:USB_Device/App/usb_device.c ****   * @version        : v3.0_Cube
   6:USB_Device/App/usb_device.c ****   * @brief          : This file implements the USB Device
   7:USB_Device/App/usb_device.c ****   ******************************************************************************
   8:USB_Device/App/usb_device.c ****   * @attention
   9:USB_Device/App/usb_device.c ****   *
  10:USB_Device/App/usb_device.c ****   * Copyright (c) 2023 STMicroelectronics.
  11:USB_Device/App/usb_device.c ****   * All rights reserved.
  12:USB_Device/App/usb_device.c ****   *
  13:USB_Device/App/usb_device.c ****   * This software is licensed under terms that can be found in the LICENSE file
  14:USB_Device/App/usb_device.c ****   * in the root directory of this software component.
  15:USB_Device/App/usb_device.c ****   * If no LICENSE file comes with this software, it is provided AS-IS.
  16:USB_Device/App/usb_device.c ****   *
  17:USB_Device/App/usb_device.c ****   ******************************************************************************
  18:USB_Device/App/usb_device.c ****   */
  19:USB_Device/App/usb_device.c **** /* USER CODE END Header */
  20:USB_Device/App/usb_device.c **** 
  21:USB_Device/App/usb_device.c **** /* Includes ------------------------------------------------------------------*/
  22:USB_Device/App/usb_device.c **** 
  23:USB_Device/App/usb_device.c **** #include "usb_device.h"
  24:USB_Device/App/usb_device.c **** #include "usbd_core.h"
  25:USB_Device/App/usb_device.c **** #include "usbd_desc.h"
  26:USB_Device/App/usb_device.c **** #include "usbd_cdc.h"
  27:USB_Device/App/usb_device.c **** #include "usbd_cdc_if.h"
  28:USB_Device/App/usb_device.c **** 
  29:USB_Device/App/usb_device.c **** /* USER CODE BEGIN Includes */
ARM GAS  /tmp/ccGqzjK3.s 			page 2


  30:USB_Device/App/usb_device.c **** 
  31:USB_Device/App/usb_device.c **** /* USER CODE END Includes */
  32:USB_Device/App/usb_device.c **** 
  33:USB_Device/App/usb_device.c **** /* USER CODE BEGIN PV */
  34:USB_Device/App/usb_device.c **** /* Private variables ---------------------------------------------------------*/
  35:USB_Device/App/usb_device.c **** 
  36:USB_Device/App/usb_device.c **** /* USER CODE END PV */
  37:USB_Device/App/usb_device.c **** 
  38:USB_Device/App/usb_device.c **** /* USER CODE BEGIN PFP */
  39:USB_Device/App/usb_device.c **** /* Private function prototypes -----------------------------------------------*/
  40:USB_Device/App/usb_device.c **** 
  41:USB_Device/App/usb_device.c **** /* USER CODE END PFP */
  42:USB_Device/App/usb_device.c **** 
  43:USB_Device/App/usb_device.c **** extern void Error_Handler(void);
  44:USB_Device/App/usb_device.c **** /* USB Device Core handle declaration. */
  45:USB_Device/App/usb_device.c **** USBD_HandleTypeDef hUsbDeviceFS;
  46:USB_Device/App/usb_device.c **** extern USBD_DescriptorsTypeDef CDC_Desc;
  47:USB_Device/App/usb_device.c **** 
  48:USB_Device/App/usb_device.c **** /*
  49:USB_Device/App/usb_device.c ****  * -- Insert your variables declaration here --
  50:USB_Device/App/usb_device.c ****  */
  51:USB_Device/App/usb_device.c **** /* USER CODE BEGIN 0 */
  52:USB_Device/App/usb_device.c **** 
  53:USB_Device/App/usb_device.c **** /* USER CODE END 0 */
  54:USB_Device/App/usb_device.c **** 
  55:USB_Device/App/usb_device.c **** /*
  56:USB_Device/App/usb_device.c ****  * -- Insert your external function declaration here --
  57:USB_Device/App/usb_device.c ****  */
  58:USB_Device/App/usb_device.c **** /* USER CODE BEGIN 1 */
  59:USB_Device/App/usb_device.c **** 
  60:USB_Device/App/usb_device.c **** /* USER CODE END 1 */
  61:USB_Device/App/usb_device.c **** 
  62:USB_Device/App/usb_device.c **** /**
  63:USB_Device/App/usb_device.c ****   * Init USB device Library, add supported class and start the library
  64:USB_Device/App/usb_device.c ****   * @retval None
  65:USB_Device/App/usb_device.c ****   */
  66:USB_Device/App/usb_device.c **** void MX_USB_Device_Init(void)
  67:USB_Device/App/usb_device.c **** {
  30              		.loc 1 67 1 view -0
  31              		.cfi_startproc
  32              		@ args = 0, pretend = 0, frame = 0
  33              		@ frame_needed = 0, uses_anonymous_args = 0
  34 0000 08B5     		push	{r3, lr}
  35              	.LCFI0:
  36              		.cfi_def_cfa_offset 8
  37              		.cfi_offset 3, -8
  38              		.cfi_offset 14, -4
  68:USB_Device/App/usb_device.c ****   /* USER CODE BEGIN USB_Device_Init_PreTreatment */
  69:USB_Device/App/usb_device.c **** 
  70:USB_Device/App/usb_device.c ****   /* USER CODE END USB_Device_Init_PreTreatment */
  71:USB_Device/App/usb_device.c **** 
  72:USB_Device/App/usb_device.c ****   /* Init Device Library, add supported class and start the library. */
  73:USB_Device/App/usb_device.c ****   if (USBD_Init(&hUsbDeviceFS, &CDC_Desc, DEVICE_FS) != USBD_OK) {
  39              		.loc 1 73 3 view .LVU1
  40              		.loc 1 73 7 is_stmt 0 view .LVU2
  41 0002 0022     		movs	r2, #0
  42 0004 0F49     		ldr	r1, .L11
ARM GAS  /tmp/ccGqzjK3.s 			page 3


  43 0006 1048     		ldr	r0, .L11+4
  44 0008 FFF7FEFF 		bl	USBD_Init
  45              	.LVL0:
  46              		.loc 1 73 6 view .LVU3
  47 000c 70B9     		cbnz	r0, .L7
  48              	.L2:
  74:USB_Device/App/usb_device.c ****     Error_Handler();
  75:USB_Device/App/usb_device.c ****   }
  76:USB_Device/App/usb_device.c ****   if (USBD_RegisterClass(&hUsbDeviceFS, &USBD_CDC) != USBD_OK) {
  49              		.loc 1 76 3 is_stmt 1 view .LVU4
  50              		.loc 1 76 7 is_stmt 0 view .LVU5
  51 000e 0F49     		ldr	r1, .L11+8
  52 0010 0D48     		ldr	r0, .L11+4
  53 0012 FFF7FEFF 		bl	USBD_RegisterClass
  54              	.LVL1:
  55              		.loc 1 76 6 view .LVU6
  56 0016 60B9     		cbnz	r0, .L8
  57              	.L3:
  77:USB_Device/App/usb_device.c ****     Error_Handler();
  78:USB_Device/App/usb_device.c ****   }
  79:USB_Device/App/usb_device.c ****   if (USBD_CDC_RegisterInterface(&hUsbDeviceFS, &USBD_Interface_fops_FS) != USBD_OK) {
  58              		.loc 1 79 3 is_stmt 1 view .LVU7
  59              		.loc 1 79 7 is_stmt 0 view .LVU8
  60 0018 0D49     		ldr	r1, .L11+12
  61 001a 0B48     		ldr	r0, .L11+4
  62 001c FFF7FEFF 		bl	USBD_CDC_RegisterInterface
  63              	.LVL2:
  64              		.loc 1 79 6 view .LVU9
  65 0020 50B9     		cbnz	r0, .L9
  66              	.L4:
  80:USB_Device/App/usb_device.c ****     Error_Handler();
  81:USB_Device/App/usb_device.c ****   }
  82:USB_Device/App/usb_device.c ****   if (USBD_Start(&hUsbDeviceFS) != USBD_OK) {
  67              		.loc 1 82 3 is_stmt 1 view .LVU10
  68              		.loc 1 82 7 is_stmt 0 view .LVU11
  69 0022 0948     		ldr	r0, .L11+4
  70 0024 FFF7FEFF 		bl	USBD_Start
  71              	.LVL3:
  72              		.loc 1 82 6 view .LVU12
  73 0028 48B9     		cbnz	r0, .L10
  74              	.L1:
  83:USB_Device/App/usb_device.c ****     Error_Handler();
  84:USB_Device/App/usb_device.c ****   }
  85:USB_Device/App/usb_device.c ****   /* USER CODE BEGIN USB_Device_Init_PostTreatment */
  86:USB_Device/App/usb_device.c **** 
  87:USB_Device/App/usb_device.c ****   /* USER CODE END USB_Device_Init_PostTreatment */
  88:USB_Device/App/usb_device.c **** }
  75              		.loc 1 88 1 view .LVU13
  76 002a 08BD     		pop	{r3, pc}
  77              	.L7:
  74:USB_Device/App/usb_device.c ****   }
  78              		.loc 1 74 5 is_stmt 1 view .LVU14
  79 002c FFF7FEFF 		bl	Error_Handler
  80              	.LVL4:
  81 0030 EDE7     		b	.L2
  82              	.L8:
  77:USB_Device/App/usb_device.c ****   }
ARM GAS  /tmp/ccGqzjK3.s 			page 4


  83              		.loc 1 77 5 view .LVU15
  84 0032 FFF7FEFF 		bl	Error_Handler
  85              	.LVL5:
  86 0036 EFE7     		b	.L3
  87              	.L9:
  80:USB_Device/App/usb_device.c ****   }
  88              		.loc 1 80 5 view .LVU16
  89 0038 FFF7FEFF 		bl	Error_Handler
  90              	.LVL6:
  91 003c F1E7     		b	.L4
  92              	.L10:
  83:USB_Device/App/usb_device.c ****   }
  93              		.loc 1 83 5 view .LVU17
  94 003e FFF7FEFF 		bl	Error_Handler
  95              	.LVL7:
  96              		.loc 1 88 1 is_stmt 0 view .LVU18
  97 0042 F2E7     		b	.L1
  98              	.L12:
  99              		.align	2
 100              	.L11:
 101 0044 00000000 		.word	CDC_Desc
 102 0048 00000000 		.word	hUsbDeviceFS
 103 004c 00000000 		.word	USBD_CDC
 104 0050 00000000 		.word	USBD_Interface_fops_FS
 105              		.cfi_endproc
 106              	.LFE156:
 108              		.global	hUsbDeviceFS
 109              		.section	.bss.hUsbDeviceFS,"aw",%nobits
 110              		.align	2
 113              	hUsbDeviceFS:
 114 0000 00000000 		.space	732
 114      00000000 
 114      00000000 
 114      00000000 
 114      00000000 
 115              		.text
 116              	.Letext0:
 117              		.file 2 "/home/yul/toolchain/arm-gnu-toolchain-12.2.rel1-x86_64-arm-none-eabi/arm-none-eabi/includ
 118              		.file 3 "/home/yul/toolchain/arm-gnu-toolchain-12.2.rel1-x86_64-arm-none-eabi/arm-none-eabi/includ
 119              		.file 4 "Middlewares/ST/STM32_USB_Device_Library/Core/Inc/usbd_def.h"
 120              		.file 5 "Middlewares/ST/STM32_USB_Device_Library/Class/CDC/Inc/usbd_cdc.h"
 121              		.file 6 "USB_Device/App/usbd_desc.h"
 122              		.file 7 "USB_Device/App/usbd_cdc_if.h"
 123              		.file 8 "Middlewares/ST/STM32_USB_Device_Library/Core/Inc/usbd_core.h"
ARM GAS  /tmp/ccGqzjK3.s 			page 5


DEFINED SYMBOLS
                            *ABS*:0000000000000000 usb_device.c
     /tmp/ccGqzjK3.s:22     .text.MX_USB_Device_Init:0000000000000000 $t
     /tmp/ccGqzjK3.s:28     .text.MX_USB_Device_Init:0000000000000000 MX_USB_Device_Init
     /tmp/ccGqzjK3.s:101    .text.MX_USB_Device_Init:0000000000000044 $d
     /tmp/ccGqzjK3.s:113    .bss.hUsbDeviceFS:0000000000000000 hUsbDeviceFS
     /tmp/ccGqzjK3.s:110    .bss.hUsbDeviceFS:0000000000000000 $d

UNDEFINED SYMBOLS
USBD_Init
USBD_RegisterClass
USBD_CDC_RegisterInterface
USBD_Start
Error_Handler
CDC_Desc
USBD_CDC
USBD_Interface_fops_FS
