ARM GAS  /tmp/cceHbUH4.s 			page 1


   1              		.cpu cortex-m33
   2              		.arch armv8-m.main
   3              		.fpu fpv4-sp-d16
   4              		.arch_extension dsp
   5              		.eabi_attribute 27, 1
   6              		.eabi_attribute 28, 1
   7              		.eabi_attribute 20, 1
   8              		.eabi_attribute 21, 1
   9              		.eabi_attribute 23, 3
  10              		.eabi_attribute 24, 1
  11              		.eabi_attribute 25, 1
  12              		.eabi_attribute 26, 1
  13              		.eabi_attribute 30, 1
  14              		.eabi_attribute 34, 1
  15              		.eabi_attribute 18, 4
  16              		.file	"usbd_desc.c"
  17              		.text
  18              	.Ltext0:
  19              		.cfi_sections	.debug_frame
  20              		.file 1 "USB_Device/App/usbd_desc.c"
  21              		.section	.text.USBD_CDC_DeviceDescriptor,"ax",%progbits
  22              		.align	1
  23              		.global	USBD_CDC_DeviceDescriptor
  24              		.syntax unified
  25              		.thumb
  26              		.thumb_func
  28              	USBD_CDC_DeviceDescriptor:
  29              	.LVL0:
  30              	.LFB156:
   1:USB_Device/App/usbd_desc.c **** /* USER CODE BEGIN Header */
   2:USB_Device/App/usbd_desc.c **** /**
   3:USB_Device/App/usbd_desc.c ****   ******************************************************************************
   4:USB_Device/App/usbd_desc.c ****   * @file           : App/usbd_desc.c
   5:USB_Device/App/usbd_desc.c ****   * @version        : v3.0_Cube
   6:USB_Device/App/usbd_desc.c ****   * @brief          : This file implements the USB device descriptors.
   7:USB_Device/App/usbd_desc.c ****   ******************************************************************************
   8:USB_Device/App/usbd_desc.c ****   * @attention
   9:USB_Device/App/usbd_desc.c ****   *
  10:USB_Device/App/usbd_desc.c ****   * Copyright (c) 2023 STMicroelectronics.
  11:USB_Device/App/usbd_desc.c ****   * All rights reserved.
  12:USB_Device/App/usbd_desc.c ****   *
  13:USB_Device/App/usbd_desc.c ****   * This software is licensed under terms that can be found in the LICENSE file
  14:USB_Device/App/usbd_desc.c ****   * in the root directory of this software component.
  15:USB_Device/App/usbd_desc.c ****   * If no LICENSE file comes with this software, it is provided AS-IS.
  16:USB_Device/App/usbd_desc.c ****   *
  17:USB_Device/App/usbd_desc.c ****   ******************************************************************************
  18:USB_Device/App/usbd_desc.c ****   */
  19:USB_Device/App/usbd_desc.c **** /* USER CODE END Header */
  20:USB_Device/App/usbd_desc.c **** 
  21:USB_Device/App/usbd_desc.c **** /* Includes ------------------------------------------------------------------*/
  22:USB_Device/App/usbd_desc.c **** #include "usbd_core.h"
  23:USB_Device/App/usbd_desc.c **** #include "usbd_desc.h"
  24:USB_Device/App/usbd_desc.c **** #include "usbd_conf.h"
  25:USB_Device/App/usbd_desc.c **** 
  26:USB_Device/App/usbd_desc.c **** /* USER CODE BEGIN INCLUDE */
  27:USB_Device/App/usbd_desc.c **** 
  28:USB_Device/App/usbd_desc.c **** /* USER CODE END INCLUDE */
ARM GAS  /tmp/cceHbUH4.s 			page 2


  29:USB_Device/App/usbd_desc.c **** 
  30:USB_Device/App/usbd_desc.c **** /* Private typedef -----------------------------------------------------------*/
  31:USB_Device/App/usbd_desc.c **** /* Private define ------------------------------------------------------------*/
  32:USB_Device/App/usbd_desc.c **** /* Private macro -------------------------------------------------------------*/
  33:USB_Device/App/usbd_desc.c **** 
  34:USB_Device/App/usbd_desc.c **** /* USER CODE BEGIN PV */
  35:USB_Device/App/usbd_desc.c **** /* Private variables ---------------------------------------------------------*/
  36:USB_Device/App/usbd_desc.c **** 
  37:USB_Device/App/usbd_desc.c **** /* USER CODE END PV */
  38:USB_Device/App/usbd_desc.c **** 
  39:USB_Device/App/usbd_desc.c **** /** @addtogroup STM32_USB_OTG_DEVICE_LIBRARY
  40:USB_Device/App/usbd_desc.c ****   * @{
  41:USB_Device/App/usbd_desc.c ****   */
  42:USB_Device/App/usbd_desc.c **** 
  43:USB_Device/App/usbd_desc.c **** /** @addtogroup USBD_DESC
  44:USB_Device/App/usbd_desc.c ****   * @{
  45:USB_Device/App/usbd_desc.c ****   */
  46:USB_Device/App/usbd_desc.c **** 
  47:USB_Device/App/usbd_desc.c **** /** @defgroup USBD_DESC_Private_TypesDefinitions USBD_DESC_Private_TypesDefinitions
  48:USB_Device/App/usbd_desc.c ****   * @brief Private types.
  49:USB_Device/App/usbd_desc.c ****   * @{
  50:USB_Device/App/usbd_desc.c ****   */
  51:USB_Device/App/usbd_desc.c **** 
  52:USB_Device/App/usbd_desc.c **** /* USER CODE BEGIN PRIVATE_TYPES */
  53:USB_Device/App/usbd_desc.c **** 
  54:USB_Device/App/usbd_desc.c **** /* USER CODE END PRIVATE_TYPES */
  55:USB_Device/App/usbd_desc.c **** 
  56:USB_Device/App/usbd_desc.c **** /**
  57:USB_Device/App/usbd_desc.c ****   * @}
  58:USB_Device/App/usbd_desc.c ****   */
  59:USB_Device/App/usbd_desc.c **** 
  60:USB_Device/App/usbd_desc.c **** /** @defgroup USBD_DESC_Private_Defines USBD_DESC_Private_Defines
  61:USB_Device/App/usbd_desc.c ****   * @brief Private defines.
  62:USB_Device/App/usbd_desc.c ****   * @{
  63:USB_Device/App/usbd_desc.c ****   */
  64:USB_Device/App/usbd_desc.c **** 
  65:USB_Device/App/usbd_desc.c **** #define USBD_VID     1155
  66:USB_Device/App/usbd_desc.c **** #define USBD_LANGID_STRING     1033
  67:USB_Device/App/usbd_desc.c **** #define USBD_MANUFACTURER_STRING     "STMicroelectronics"
  68:USB_Device/App/usbd_desc.c **** #define USBD_PID     22336
  69:USB_Device/App/usbd_desc.c **** #define USBD_PRODUCT_STRING     "STM32 Virtual ComPort"
  70:USB_Device/App/usbd_desc.c **** #define USBD_CONFIGURATION_STRING     "CDC Config"
  71:USB_Device/App/usbd_desc.c **** #define USBD_INTERFACE_STRING     "CDC Interface"
  72:USB_Device/App/usbd_desc.c **** 
  73:USB_Device/App/usbd_desc.c **** /* USER CODE BEGIN PRIVATE_DEFINES */
  74:USB_Device/App/usbd_desc.c **** 
  75:USB_Device/App/usbd_desc.c **** /* USER CODE END PRIVATE_DEFINES */
  76:USB_Device/App/usbd_desc.c **** 
  77:USB_Device/App/usbd_desc.c **** /**
  78:USB_Device/App/usbd_desc.c ****   * @}
  79:USB_Device/App/usbd_desc.c ****   */
  80:USB_Device/App/usbd_desc.c **** 
  81:USB_Device/App/usbd_desc.c **** /* USER CODE BEGIN 0 */
  82:USB_Device/App/usbd_desc.c **** 
  83:USB_Device/App/usbd_desc.c **** /* USER CODE END 0 */
  84:USB_Device/App/usbd_desc.c **** 
  85:USB_Device/App/usbd_desc.c **** /** @defgroup USBD_DESC_Private_Macros USBD_DESC_Private_Macros
ARM GAS  /tmp/cceHbUH4.s 			page 3


  86:USB_Device/App/usbd_desc.c ****   * @brief Private macros.
  87:USB_Device/App/usbd_desc.c ****   * @{
  88:USB_Device/App/usbd_desc.c ****   */
  89:USB_Device/App/usbd_desc.c **** 
  90:USB_Device/App/usbd_desc.c **** /* USER CODE BEGIN PRIVATE_MACRO */
  91:USB_Device/App/usbd_desc.c **** 
  92:USB_Device/App/usbd_desc.c **** /* USER CODE END PRIVATE_MACRO */
  93:USB_Device/App/usbd_desc.c **** 
  94:USB_Device/App/usbd_desc.c **** /**
  95:USB_Device/App/usbd_desc.c ****   * @}
  96:USB_Device/App/usbd_desc.c ****   */
  97:USB_Device/App/usbd_desc.c **** 
  98:USB_Device/App/usbd_desc.c **** /** @defgroup USBD_DESC_Private_FunctionPrototypes USBD_DESC_Private_FunctionPrototypes
  99:USB_Device/App/usbd_desc.c ****   * @brief Private functions declaration.
 100:USB_Device/App/usbd_desc.c ****   * @{
 101:USB_Device/App/usbd_desc.c ****   */
 102:USB_Device/App/usbd_desc.c **** 
 103:USB_Device/App/usbd_desc.c **** static void Get_SerialNum(void);
 104:USB_Device/App/usbd_desc.c **** static void IntToUnicode(uint32_t value, uint8_t * pbuf, uint8_t len);
 105:USB_Device/App/usbd_desc.c **** 
 106:USB_Device/App/usbd_desc.c **** /**
 107:USB_Device/App/usbd_desc.c ****   * @}
 108:USB_Device/App/usbd_desc.c ****   */
 109:USB_Device/App/usbd_desc.c **** 
 110:USB_Device/App/usbd_desc.c **** /** @defgroup USBD_DESC_Private_FunctionPrototypes USBD_DESC_Private_FunctionPrototypes
 111:USB_Device/App/usbd_desc.c ****   * @brief Private functions declaration.
 112:USB_Device/App/usbd_desc.c ****   * @{
 113:USB_Device/App/usbd_desc.c ****   */
 114:USB_Device/App/usbd_desc.c **** 
 115:USB_Device/App/usbd_desc.c **** uint8_t * USBD_CDC_DeviceDescriptor(USBD_SpeedTypeDef speed, uint16_t *length);
 116:USB_Device/App/usbd_desc.c **** uint8_t * USBD_CDC_LangIDStrDescriptor(USBD_SpeedTypeDef speed, uint16_t *length);
 117:USB_Device/App/usbd_desc.c **** uint8_t * USBD_CDC_ManufacturerStrDescriptor(USBD_SpeedTypeDef speed, uint16_t *length);
 118:USB_Device/App/usbd_desc.c **** uint8_t * USBD_CDC_ProductStrDescriptor(USBD_SpeedTypeDef speed, uint16_t *length);
 119:USB_Device/App/usbd_desc.c **** uint8_t * USBD_CDC_SerialStrDescriptor(USBD_SpeedTypeDef speed, uint16_t *length);
 120:USB_Device/App/usbd_desc.c **** uint8_t * USBD_CDC_ConfigStrDescriptor(USBD_SpeedTypeDef speed, uint16_t *length);
 121:USB_Device/App/usbd_desc.c **** uint8_t * USBD_CDC_InterfaceStrDescriptor(USBD_SpeedTypeDef speed, uint16_t *length);
 122:USB_Device/App/usbd_desc.c **** 
 123:USB_Device/App/usbd_desc.c **** /**
 124:USB_Device/App/usbd_desc.c ****   * @}
 125:USB_Device/App/usbd_desc.c ****   */
 126:USB_Device/App/usbd_desc.c **** 
 127:USB_Device/App/usbd_desc.c **** /** @defgroup USBD_DESC_Private_Variables USBD_DESC_Private_Variables
 128:USB_Device/App/usbd_desc.c ****   * @brief Private variables.
 129:USB_Device/App/usbd_desc.c ****   * @{
 130:USB_Device/App/usbd_desc.c ****   */
 131:USB_Device/App/usbd_desc.c **** 
 132:USB_Device/App/usbd_desc.c **** USBD_DescriptorsTypeDef CDC_Desc =
 133:USB_Device/App/usbd_desc.c **** {
 134:USB_Device/App/usbd_desc.c ****   USBD_CDC_DeviceDescriptor,
 135:USB_Device/App/usbd_desc.c ****   USBD_CDC_LangIDStrDescriptor,
 136:USB_Device/App/usbd_desc.c ****   USBD_CDC_ManufacturerStrDescriptor,
 137:USB_Device/App/usbd_desc.c ****   USBD_CDC_ProductStrDescriptor,
 138:USB_Device/App/usbd_desc.c ****   USBD_CDC_SerialStrDescriptor,
 139:USB_Device/App/usbd_desc.c ****   USBD_CDC_ConfigStrDescriptor,
 140:USB_Device/App/usbd_desc.c ****   USBD_CDC_InterfaceStrDescriptor
 141:USB_Device/App/usbd_desc.c **** };
 142:USB_Device/App/usbd_desc.c **** 
ARM GAS  /tmp/cceHbUH4.s 			page 4


 143:USB_Device/App/usbd_desc.c **** #if defined ( __ICCARM__ ) /* IAR Compiler */
 144:USB_Device/App/usbd_desc.c ****   #pragma data_alignment=4
 145:USB_Device/App/usbd_desc.c **** #endif /* defined ( __ICCARM__ ) */
 146:USB_Device/App/usbd_desc.c **** /** USB standard device descriptor. */
 147:USB_Device/App/usbd_desc.c **** __ALIGN_BEGIN uint8_t USBD_CDC_DeviceDesc[USB_LEN_DEV_DESC] __ALIGN_END =
 148:USB_Device/App/usbd_desc.c **** {
 149:USB_Device/App/usbd_desc.c ****   0x12,                       /*bLength */
 150:USB_Device/App/usbd_desc.c ****   USB_DESC_TYPE_DEVICE,       /*bDescriptorType*/
 151:USB_Device/App/usbd_desc.c ****   0x00,                       /*bcdUSB */
 152:USB_Device/App/usbd_desc.c ****   0x02,
 153:USB_Device/App/usbd_desc.c ****   0x02,                       /*bDeviceClass*/
 154:USB_Device/App/usbd_desc.c ****   0x02,                       /*bDeviceSubClass*/
 155:USB_Device/App/usbd_desc.c ****   0x00,                       /*bDeviceProtocol*/
 156:USB_Device/App/usbd_desc.c ****   USB_MAX_EP0_SIZE,           /*bMaxPacketSize*/
 157:USB_Device/App/usbd_desc.c ****   LOBYTE(USBD_VID),           /*idVendor*/
 158:USB_Device/App/usbd_desc.c ****   HIBYTE(USBD_VID),           /*idVendor*/
 159:USB_Device/App/usbd_desc.c ****   LOBYTE(USBD_PID),           /*idProduct*/
 160:USB_Device/App/usbd_desc.c ****   HIBYTE(USBD_PID),           /*idProduct*/
 161:USB_Device/App/usbd_desc.c ****   0x00,                       /*bcdDevice rel. 2.00*/
 162:USB_Device/App/usbd_desc.c ****   0x02,
 163:USB_Device/App/usbd_desc.c ****   USBD_IDX_MFC_STR,           /*Index of manufacturer  string*/
 164:USB_Device/App/usbd_desc.c ****   USBD_IDX_PRODUCT_STR,       /*Index of product string*/
 165:USB_Device/App/usbd_desc.c ****   USBD_IDX_SERIAL_STR,        /*Index of serial number string*/
 166:USB_Device/App/usbd_desc.c ****   USBD_MAX_NUM_CONFIGURATION  /*bNumConfigurations*/
 167:USB_Device/App/usbd_desc.c **** };
 168:USB_Device/App/usbd_desc.c **** 
 169:USB_Device/App/usbd_desc.c **** /* USB_DeviceDescriptor */
 170:USB_Device/App/usbd_desc.c **** 
 171:USB_Device/App/usbd_desc.c **** /**
 172:USB_Device/App/usbd_desc.c ****   * @}
 173:USB_Device/App/usbd_desc.c ****   */
 174:USB_Device/App/usbd_desc.c **** 
 175:USB_Device/App/usbd_desc.c **** /** @defgroup USBD_DESC_Private_Variables USBD_DESC_Private_Variables
 176:USB_Device/App/usbd_desc.c ****   * @brief Private variables.
 177:USB_Device/App/usbd_desc.c ****   * @{
 178:USB_Device/App/usbd_desc.c ****   */
 179:USB_Device/App/usbd_desc.c **** 
 180:USB_Device/App/usbd_desc.c **** #if defined ( __ICCARM__ ) /* IAR Compiler */
 181:USB_Device/App/usbd_desc.c ****   #pragma data_alignment=4
 182:USB_Device/App/usbd_desc.c **** #endif /* defined ( __ICCARM__ ) */
 183:USB_Device/App/usbd_desc.c **** 
 184:USB_Device/App/usbd_desc.c **** /** USB lang identifier descriptor. */
 185:USB_Device/App/usbd_desc.c **** __ALIGN_BEGIN uint8_t USBD_LangIDDesc[USB_LEN_LANGID_STR_DESC] __ALIGN_END =
 186:USB_Device/App/usbd_desc.c **** {
 187:USB_Device/App/usbd_desc.c ****      USB_LEN_LANGID_STR_DESC,
 188:USB_Device/App/usbd_desc.c ****      USB_DESC_TYPE_STRING,
 189:USB_Device/App/usbd_desc.c ****      LOBYTE(USBD_LANGID_STRING),
 190:USB_Device/App/usbd_desc.c ****      HIBYTE(USBD_LANGID_STRING)
 191:USB_Device/App/usbd_desc.c **** };
 192:USB_Device/App/usbd_desc.c **** 
 193:USB_Device/App/usbd_desc.c **** #if defined ( __ICCARM__ ) /* IAR Compiler */
 194:USB_Device/App/usbd_desc.c ****   #pragma data_alignment=4
 195:USB_Device/App/usbd_desc.c **** #endif /* defined ( __ICCARM__ ) */
 196:USB_Device/App/usbd_desc.c **** /* Internal string descriptor. */
 197:USB_Device/App/usbd_desc.c **** __ALIGN_BEGIN uint8_t USBD_StrDesc[USBD_MAX_STR_DESC_SIZ] __ALIGN_END;
 198:USB_Device/App/usbd_desc.c **** 
 199:USB_Device/App/usbd_desc.c **** #if defined ( __ICCARM__ ) /*!< IAR Compiler */
ARM GAS  /tmp/cceHbUH4.s 			page 5


 200:USB_Device/App/usbd_desc.c ****   #pragma data_alignment=4
 201:USB_Device/App/usbd_desc.c **** #endif
 202:USB_Device/App/usbd_desc.c **** __ALIGN_BEGIN uint8_t USBD_StringSerial[USB_SIZ_STRING_SERIAL] __ALIGN_END = {
 203:USB_Device/App/usbd_desc.c ****   USB_SIZ_STRING_SERIAL,
 204:USB_Device/App/usbd_desc.c ****   USB_DESC_TYPE_STRING,
 205:USB_Device/App/usbd_desc.c **** };
 206:USB_Device/App/usbd_desc.c **** 
 207:USB_Device/App/usbd_desc.c **** /**
 208:USB_Device/App/usbd_desc.c ****   * @}
 209:USB_Device/App/usbd_desc.c ****   */
 210:USB_Device/App/usbd_desc.c **** 
 211:USB_Device/App/usbd_desc.c **** /** @defgroup USBD_DESC_Private_Functions USBD_DESC_Private_Functions
 212:USB_Device/App/usbd_desc.c ****   * @brief Private functions.
 213:USB_Device/App/usbd_desc.c ****   * @{
 214:USB_Device/App/usbd_desc.c ****   */
 215:USB_Device/App/usbd_desc.c **** 
 216:USB_Device/App/usbd_desc.c **** /**
 217:USB_Device/App/usbd_desc.c ****   * @brief  Return the device descriptor
 218:USB_Device/App/usbd_desc.c ****   * @param  speed : Current device speed
 219:USB_Device/App/usbd_desc.c ****   * @param  length : Pointer to data length variable
 220:USB_Device/App/usbd_desc.c ****   * @retval Pointer to descriptor buffer
 221:USB_Device/App/usbd_desc.c ****   */
 222:USB_Device/App/usbd_desc.c **** uint8_t * USBD_CDC_DeviceDescriptor(USBD_SpeedTypeDef speed, uint16_t *length)
 223:USB_Device/App/usbd_desc.c **** {
  31              		.loc 1 223 1 view -0
  32              		.cfi_startproc
  33              		@ args = 0, pretend = 0, frame = 0
  34              		@ frame_needed = 0, uses_anonymous_args = 0
  35              		@ link register save eliminated.
 224:USB_Device/App/usbd_desc.c ****   UNUSED(speed);
  36              		.loc 1 224 3 view .LVU1
 225:USB_Device/App/usbd_desc.c ****   *length = sizeof(USBD_CDC_DeviceDesc);
  37              		.loc 1 225 3 view .LVU2
  38              		.loc 1 225 11 is_stmt 0 view .LVU3
  39 0000 1223     		movs	r3, #18
  40 0002 0B80     		strh	r3, [r1]	@ movhi
 226:USB_Device/App/usbd_desc.c ****   return USBD_CDC_DeviceDesc;
  41              		.loc 1 226 3 is_stmt 1 view .LVU4
 227:USB_Device/App/usbd_desc.c **** }
  42              		.loc 1 227 1 is_stmt 0 view .LVU5
  43 0004 0048     		ldr	r0, .L2
  44              	.LVL1:
  45              		.loc 1 227 1 view .LVU6
  46 0006 7047     		bx	lr
  47              	.L3:
  48              		.align	2
  49              	.L2:
  50 0008 00000000 		.word	USBD_CDC_DeviceDesc
  51              		.cfi_endproc
  52              	.LFE156:
  54              		.section	.text.USBD_CDC_LangIDStrDescriptor,"ax",%progbits
  55              		.align	1
  56              		.global	USBD_CDC_LangIDStrDescriptor
  57              		.syntax unified
  58              		.thumb
  59              		.thumb_func
  61              	USBD_CDC_LangIDStrDescriptor:
ARM GAS  /tmp/cceHbUH4.s 			page 6


  62              	.LVL2:
  63              	.LFB157:
 228:USB_Device/App/usbd_desc.c **** 
 229:USB_Device/App/usbd_desc.c **** /**
 230:USB_Device/App/usbd_desc.c ****   * @brief  Return the LangID string descriptor
 231:USB_Device/App/usbd_desc.c ****   * @param  speed : Current device speed
 232:USB_Device/App/usbd_desc.c ****   * @param  length : Pointer to data length variable
 233:USB_Device/App/usbd_desc.c ****   * @retval Pointer to descriptor buffer
 234:USB_Device/App/usbd_desc.c ****   */
 235:USB_Device/App/usbd_desc.c **** uint8_t * USBD_CDC_LangIDStrDescriptor(USBD_SpeedTypeDef speed, uint16_t *length)
 236:USB_Device/App/usbd_desc.c **** {
  64              		.loc 1 236 1 is_stmt 1 view -0
  65              		.cfi_startproc
  66              		@ args = 0, pretend = 0, frame = 0
  67              		@ frame_needed = 0, uses_anonymous_args = 0
  68              		@ link register save eliminated.
 237:USB_Device/App/usbd_desc.c ****   UNUSED(speed);
  69              		.loc 1 237 3 view .LVU8
 238:USB_Device/App/usbd_desc.c ****   *length = sizeof(USBD_LangIDDesc);
  70              		.loc 1 238 3 view .LVU9
  71              		.loc 1 238 11 is_stmt 0 view .LVU10
  72 0000 0423     		movs	r3, #4
  73 0002 0B80     		strh	r3, [r1]	@ movhi
 239:USB_Device/App/usbd_desc.c ****   return USBD_LangIDDesc;
  74              		.loc 1 239 3 is_stmt 1 view .LVU11
 240:USB_Device/App/usbd_desc.c **** }
  75              		.loc 1 240 1 is_stmt 0 view .LVU12
  76 0004 0048     		ldr	r0, .L5
  77              	.LVL3:
  78              		.loc 1 240 1 view .LVU13
  79 0006 7047     		bx	lr
  80              	.L6:
  81              		.align	2
  82              	.L5:
  83 0008 00000000 		.word	USBD_LangIDDesc
  84              		.cfi_endproc
  85              	.LFE157:
  87              		.section	.text.IntToUnicode,"ax",%progbits
  88              		.align	1
  89              		.syntax unified
  90              		.thumb
  91              		.thumb_func
  93              	IntToUnicode:
  94              	.LVL4:
  95              	.LFB164:
 241:USB_Device/App/usbd_desc.c **** 
 242:USB_Device/App/usbd_desc.c **** /**
 243:USB_Device/App/usbd_desc.c ****   * @brief  Return the product string descriptor
 244:USB_Device/App/usbd_desc.c ****   * @param  speed : Current device speed
 245:USB_Device/App/usbd_desc.c ****   * @param  length : Pointer to data length variable
 246:USB_Device/App/usbd_desc.c ****   * @retval Pointer to descriptor buffer
 247:USB_Device/App/usbd_desc.c ****   */
 248:USB_Device/App/usbd_desc.c **** uint8_t * USBD_CDC_ProductStrDescriptor(USBD_SpeedTypeDef speed, uint16_t *length)
 249:USB_Device/App/usbd_desc.c **** {
 250:USB_Device/App/usbd_desc.c ****   if(speed == 0)
 251:USB_Device/App/usbd_desc.c ****   {
 252:USB_Device/App/usbd_desc.c ****     USBD_GetString((uint8_t *)USBD_PRODUCT_STRING, USBD_StrDesc, length);
ARM GAS  /tmp/cceHbUH4.s 			page 7


 253:USB_Device/App/usbd_desc.c ****   }
 254:USB_Device/App/usbd_desc.c ****   else
 255:USB_Device/App/usbd_desc.c ****   {
 256:USB_Device/App/usbd_desc.c ****     USBD_GetString((uint8_t *)USBD_PRODUCT_STRING, USBD_StrDesc, length);
 257:USB_Device/App/usbd_desc.c ****   }
 258:USB_Device/App/usbd_desc.c ****   return USBD_StrDesc;
 259:USB_Device/App/usbd_desc.c **** }
 260:USB_Device/App/usbd_desc.c **** 
 261:USB_Device/App/usbd_desc.c **** /**
 262:USB_Device/App/usbd_desc.c ****   * @brief  Return the manufacturer string descriptor
 263:USB_Device/App/usbd_desc.c ****   * @param  speed : Current device speed
 264:USB_Device/App/usbd_desc.c ****   * @param  length : Pointer to data length variable
 265:USB_Device/App/usbd_desc.c ****   * @retval Pointer to descriptor buffer
 266:USB_Device/App/usbd_desc.c ****   */
 267:USB_Device/App/usbd_desc.c **** uint8_t * USBD_CDC_ManufacturerStrDescriptor(USBD_SpeedTypeDef speed, uint16_t *length)
 268:USB_Device/App/usbd_desc.c **** {
 269:USB_Device/App/usbd_desc.c ****   UNUSED(speed);
 270:USB_Device/App/usbd_desc.c ****   USBD_GetString((uint8_t *)USBD_MANUFACTURER_STRING, USBD_StrDesc, length);
 271:USB_Device/App/usbd_desc.c ****   return USBD_StrDesc;
 272:USB_Device/App/usbd_desc.c **** }
 273:USB_Device/App/usbd_desc.c **** 
 274:USB_Device/App/usbd_desc.c **** /**
 275:USB_Device/App/usbd_desc.c ****   * @brief  Return the serial number string descriptor
 276:USB_Device/App/usbd_desc.c ****   * @param  speed : Current device speed
 277:USB_Device/App/usbd_desc.c ****   * @param  length : Pointer to data length variable
 278:USB_Device/App/usbd_desc.c ****   * @retval Pointer to descriptor buffer
 279:USB_Device/App/usbd_desc.c ****   */
 280:USB_Device/App/usbd_desc.c **** uint8_t * USBD_CDC_SerialStrDescriptor(USBD_SpeedTypeDef speed, uint16_t *length)
 281:USB_Device/App/usbd_desc.c **** {
 282:USB_Device/App/usbd_desc.c ****   UNUSED(speed);
 283:USB_Device/App/usbd_desc.c ****   *length = USB_SIZ_STRING_SERIAL;
 284:USB_Device/App/usbd_desc.c **** 
 285:USB_Device/App/usbd_desc.c ****   /* Update the serial number string descriptor with the data from the unique
 286:USB_Device/App/usbd_desc.c ****    * ID */
 287:USB_Device/App/usbd_desc.c ****   Get_SerialNum();
 288:USB_Device/App/usbd_desc.c **** 
 289:USB_Device/App/usbd_desc.c ****   /* USER CODE BEGIN USBD_CDC_SerialStrDescriptor */
 290:USB_Device/App/usbd_desc.c **** 
 291:USB_Device/App/usbd_desc.c ****   /* USER CODE END USBD_CDC_SerialStrDescriptor */
 292:USB_Device/App/usbd_desc.c **** 
 293:USB_Device/App/usbd_desc.c ****   return (uint8_t *) USBD_StringSerial;
 294:USB_Device/App/usbd_desc.c **** }
 295:USB_Device/App/usbd_desc.c **** 
 296:USB_Device/App/usbd_desc.c **** /**
 297:USB_Device/App/usbd_desc.c ****   * @brief  Return the configuration string descriptor
 298:USB_Device/App/usbd_desc.c ****   * @param  speed : Current device speed
 299:USB_Device/App/usbd_desc.c ****   * @param  length : Pointer to data length variable
 300:USB_Device/App/usbd_desc.c ****   * @retval Pointer to descriptor buffer
 301:USB_Device/App/usbd_desc.c ****   */
 302:USB_Device/App/usbd_desc.c **** uint8_t * USBD_CDC_ConfigStrDescriptor(USBD_SpeedTypeDef speed, uint16_t *length)
 303:USB_Device/App/usbd_desc.c **** {
 304:USB_Device/App/usbd_desc.c ****   if(speed == USBD_SPEED_HIGH)
 305:USB_Device/App/usbd_desc.c ****   {
 306:USB_Device/App/usbd_desc.c ****     USBD_GetString((uint8_t *)USBD_CONFIGURATION_STRING, USBD_StrDesc, length);
 307:USB_Device/App/usbd_desc.c ****   }
 308:USB_Device/App/usbd_desc.c ****   else
 309:USB_Device/App/usbd_desc.c ****   {
ARM GAS  /tmp/cceHbUH4.s 			page 8


 310:USB_Device/App/usbd_desc.c ****     USBD_GetString((uint8_t *)USBD_CONFIGURATION_STRING, USBD_StrDesc, length);
 311:USB_Device/App/usbd_desc.c ****   }
 312:USB_Device/App/usbd_desc.c ****   return USBD_StrDesc;
 313:USB_Device/App/usbd_desc.c **** }
 314:USB_Device/App/usbd_desc.c **** 
 315:USB_Device/App/usbd_desc.c **** /**
 316:USB_Device/App/usbd_desc.c ****   * @brief  Return the interface string descriptor
 317:USB_Device/App/usbd_desc.c ****   * @param  speed : Current device speed
 318:USB_Device/App/usbd_desc.c ****   * @param  length : Pointer to data length variable
 319:USB_Device/App/usbd_desc.c ****   * @retval Pointer to descriptor buffer
 320:USB_Device/App/usbd_desc.c ****   */
 321:USB_Device/App/usbd_desc.c **** uint8_t * USBD_CDC_InterfaceStrDescriptor(USBD_SpeedTypeDef speed, uint16_t *length)
 322:USB_Device/App/usbd_desc.c **** {
 323:USB_Device/App/usbd_desc.c ****   if(speed == 0)
 324:USB_Device/App/usbd_desc.c ****   {
 325:USB_Device/App/usbd_desc.c ****     USBD_GetString((uint8_t *)USBD_INTERFACE_STRING, USBD_StrDesc, length);
 326:USB_Device/App/usbd_desc.c ****   }
 327:USB_Device/App/usbd_desc.c ****   else
 328:USB_Device/App/usbd_desc.c ****   {
 329:USB_Device/App/usbd_desc.c ****     USBD_GetString((uint8_t *)USBD_INTERFACE_STRING, USBD_StrDesc, length);
 330:USB_Device/App/usbd_desc.c ****   }
 331:USB_Device/App/usbd_desc.c ****   return USBD_StrDesc;
 332:USB_Device/App/usbd_desc.c **** }
 333:USB_Device/App/usbd_desc.c **** 
 334:USB_Device/App/usbd_desc.c **** /**
 335:USB_Device/App/usbd_desc.c ****   * @brief  Create the serial number string descriptor
 336:USB_Device/App/usbd_desc.c ****   * @param  None
 337:USB_Device/App/usbd_desc.c ****   * @retval None
 338:USB_Device/App/usbd_desc.c ****   */
 339:USB_Device/App/usbd_desc.c **** static void Get_SerialNum(void)
 340:USB_Device/App/usbd_desc.c **** {
 341:USB_Device/App/usbd_desc.c ****   uint32_t deviceserial0;
 342:USB_Device/App/usbd_desc.c ****   uint32_t deviceserial1;
 343:USB_Device/App/usbd_desc.c ****   uint32_t deviceserial2;
 344:USB_Device/App/usbd_desc.c **** 
 345:USB_Device/App/usbd_desc.c ****   deviceserial0 = *(uint32_t *) DEVICE_ID1;
 346:USB_Device/App/usbd_desc.c ****   deviceserial1 = *(uint32_t *) DEVICE_ID2;
 347:USB_Device/App/usbd_desc.c ****   deviceserial2 = *(uint32_t *) DEVICE_ID3;
 348:USB_Device/App/usbd_desc.c **** 
 349:USB_Device/App/usbd_desc.c ****   deviceserial0 += deviceserial2;
 350:USB_Device/App/usbd_desc.c **** 
 351:USB_Device/App/usbd_desc.c ****   if (deviceserial0 != 0)
 352:USB_Device/App/usbd_desc.c ****   {
 353:USB_Device/App/usbd_desc.c ****     IntToUnicode(deviceserial0, &USBD_StringSerial[2], 8);
 354:USB_Device/App/usbd_desc.c ****     IntToUnicode(deviceserial1, &USBD_StringSerial[18], 4);
 355:USB_Device/App/usbd_desc.c ****   }
 356:USB_Device/App/usbd_desc.c **** }
 357:USB_Device/App/usbd_desc.c **** 
 358:USB_Device/App/usbd_desc.c **** /**
 359:USB_Device/App/usbd_desc.c ****   * @brief  Convert Hex 32Bits value into char
 360:USB_Device/App/usbd_desc.c ****   * @param  value: value to convert
 361:USB_Device/App/usbd_desc.c ****   * @param  pbuf: pointer to the buffer
 362:USB_Device/App/usbd_desc.c ****   * @param  len: buffer length
 363:USB_Device/App/usbd_desc.c ****   * @retval None
 364:USB_Device/App/usbd_desc.c ****   */
 365:USB_Device/App/usbd_desc.c **** static void IntToUnicode(uint32_t value, uint8_t * pbuf, uint8_t len)
 366:USB_Device/App/usbd_desc.c **** {
ARM GAS  /tmp/cceHbUH4.s 			page 9


  96              		.loc 1 366 1 is_stmt 1 view -0
  97              		.cfi_startproc
  98              		@ args = 0, pretend = 0, frame = 0
  99              		@ frame_needed = 0, uses_anonymous_args = 0
 367:USB_Device/App/usbd_desc.c ****   uint8_t idx = 0;
 100              		.loc 1 367 3 view .LVU15
 368:USB_Device/App/usbd_desc.c **** 
 369:USB_Device/App/usbd_desc.c ****   for (idx = 0; idx < len; idx++)
 101              		.loc 1 369 3 view .LVU16
 102              		.loc 1 369 12 is_stmt 0 view .LVU17
 103 0000 0023     		movs	r3, #0
 104              	.LVL5:
 105              		.loc 1 369 21 is_stmt 1 view .LVU18
 106 0002 9342     		cmp	r3, r2
 107 0004 1ED2     		bcs	.L15
 366:USB_Device/App/usbd_desc.c ****   uint8_t idx = 0;
 108              		.loc 1 366 1 is_stmt 0 view .LVU19
 109 0006 00B5     		push	{lr}
 110              	.LCFI0:
 111              		.cfi_def_cfa_offset 4
 112              		.cfi_offset 14, -4
 113 0008 10E0     		b	.L11
 114              	.L9:
 370:USB_Device/App/usbd_desc.c ****   {
 371:USB_Device/App/usbd_desc.c ****     if (((value >> 28)) < 0xA)
 372:USB_Device/App/usbd_desc.c ****     {
 373:USB_Device/App/usbd_desc.c ****       pbuf[2 * idx] = (value >> 28) + '0';
 374:USB_Device/App/usbd_desc.c ****     }
 375:USB_Device/App/usbd_desc.c ****     else
 376:USB_Device/App/usbd_desc.c ****     {
 377:USB_Device/App/usbd_desc.c ****       pbuf[2 * idx] = (value >> 28) + 'A' - 10;
 115              		.loc 1 377 7 is_stmt 1 view .LVU20
 116              		.loc 1 377 43 is_stmt 0 view .LVU21
 117 000a 0CF1370C 		add	ip, ip, #55
 118              		.loc 1 377 21 view .LVU22
 119 000e 01F813C0 		strb	ip, [r1, r3, lsl #1]
 120              	.L10:
 378:USB_Device/App/usbd_desc.c ****     }
 379:USB_Device/App/usbd_desc.c **** 
 380:USB_Device/App/usbd_desc.c ****     value = value << 4;
 121              		.loc 1 380 5 is_stmt 1 discriminator 2 view .LVU23
 122              		.loc 1 380 11 is_stmt 0 discriminator 2 view .LVU24
 123 0012 0001     		lsls	r0, r0, #4
 124              	.LVL6:
 381:USB_Device/App/usbd_desc.c **** 
 382:USB_Device/App/usbd_desc.c ****     pbuf[2 * idx + 1] = 0;
 125              		.loc 1 382 5 is_stmt 1 discriminator 2 view .LVU25
 126              		.loc 1 382 12 is_stmt 0 discriminator 2 view .LVU26
 127 0014 4FEA430C 		lsl	ip, r3, #1
 128              		.loc 1 382 9 discriminator 2 view .LVU27
 129 0018 0CF1010C 		add	ip, ip, #1
 130              		.loc 1 382 23 discriminator 2 view .LVU28
 131 001c 4FF0000E 		mov	lr, #0
 132 0020 01F80CE0 		strb	lr, [r1, ip]
 369:USB_Device/App/usbd_desc.c ****   {
 133              		.loc 1 369 31 is_stmt 1 discriminator 2 view .LVU29
 134 0024 0133     		adds	r3, r3, #1
ARM GAS  /tmp/cceHbUH4.s 			page 10


 135              	.LVL7:
 369:USB_Device/App/usbd_desc.c ****   {
 136              		.loc 1 369 31 is_stmt 0 discriminator 2 view .LVU30
 137 0026 DBB2     		uxtb	r3, r3
 138              	.LVL8:
 369:USB_Device/App/usbd_desc.c ****   {
 139              		.loc 1 369 21 is_stmt 1 discriminator 2 view .LVU31
 140 0028 9342     		cmp	r3, r2
 141 002a 09D2     		bcs	.L16
 142              	.L11:
 371:USB_Device/App/usbd_desc.c ****     {
 143              		.loc 1 371 5 view .LVU32
 371:USB_Device/App/usbd_desc.c ****     {
 144              		.loc 1 371 17 is_stmt 0 view .LVU33
 145 002c 4FEA107C 		lsr	ip, r0, #28
 371:USB_Device/App/usbd_desc.c ****     {
 146              		.loc 1 371 8 view .LVU34
 147 0030 B0F1204F 		cmp	r0, #-1610612736
 148 0034 E9D2     		bcs	.L9
 373:USB_Device/App/usbd_desc.c ****     }
 149              		.loc 1 373 7 is_stmt 1 view .LVU35
 373:USB_Device/App/usbd_desc.c ****     }
 150              		.loc 1 373 37 is_stmt 0 view .LVU36
 151 0036 0CF1300C 		add	ip, ip, #48
 373:USB_Device/App/usbd_desc.c ****     }
 152              		.loc 1 373 21 view .LVU37
 153 003a 01F813C0 		strb	ip, [r1, r3, lsl #1]
 154 003e E8E7     		b	.L10
 155              	.L16:
 383:USB_Device/App/usbd_desc.c ****   }
 384:USB_Device/App/usbd_desc.c **** }
 156              		.loc 1 384 1 view .LVU38
 157 0040 5DF804FB 		ldr	pc, [sp], #4
 158              	.L15:
 159              	.LCFI1:
 160              		.cfi_def_cfa_offset 0
 161              		.cfi_restore 14
 162              		.loc 1 384 1 view .LVU39
 163 0044 7047     		bx	lr
 164              		.cfi_endproc
 165              	.LFE164:
 167              		.section	.text.Get_SerialNum,"ax",%progbits
 168              		.align	1
 169              		.syntax unified
 170              		.thumb
 171              		.thumb_func
 173              	Get_SerialNum:
 174              	.LFB163:
 340:USB_Device/App/usbd_desc.c ****   uint32_t deviceserial0;
 175              		.loc 1 340 1 is_stmt 1 view -0
 176              		.cfi_startproc
 177              		@ args = 0, pretend = 0, frame = 0
 178              		@ frame_needed = 0, uses_anonymous_args = 0
 179 0000 38B5     		push	{r3, r4, r5, lr}
 180              	.LCFI2:
 181              		.cfi_def_cfa_offset 16
 182              		.cfi_offset 3, -16
ARM GAS  /tmp/cceHbUH4.s 			page 11


 183              		.cfi_offset 4, -12
 184              		.cfi_offset 5, -8
 185              		.cfi_offset 14, -4
 341:USB_Device/App/usbd_desc.c ****   uint32_t deviceserial1;
 186              		.loc 1 341 3 view .LVU41
 342:USB_Device/App/usbd_desc.c ****   uint32_t deviceserial2;
 187              		.loc 1 342 3 view .LVU42
 343:USB_Device/App/usbd_desc.c **** 
 188              		.loc 1 343 3 view .LVU43
 345:USB_Device/App/usbd_desc.c ****   deviceserial1 = *(uint32_t *) DEVICE_ID2;
 189              		.loc 1 345 3 view .LVU44
 345:USB_Device/App/usbd_desc.c ****   deviceserial1 = *(uint32_t *) DEVICE_ID2;
 190              		.loc 1 345 17 is_stmt 0 view .LVU45
 191 0002 0B4B     		ldr	r3, .L21
 192 0004 D3F89005 		ldr	r0, [r3, #1424]
 193              	.LVL9:
 346:USB_Device/App/usbd_desc.c ****   deviceserial2 = *(uint32_t *) DEVICE_ID3;
 194              		.loc 1 346 3 is_stmt 1 view .LVU46
 346:USB_Device/App/usbd_desc.c ****   deviceserial2 = *(uint32_t *) DEVICE_ID3;
 195              		.loc 1 346 17 is_stmt 0 view .LVU47
 196 0008 D3F89445 		ldr	r4, [r3, #1428]
 197              	.LVL10:
 347:USB_Device/App/usbd_desc.c **** 
 198              		.loc 1 347 3 is_stmt 1 view .LVU48
 347:USB_Device/App/usbd_desc.c **** 
 199              		.loc 1 347 17 is_stmt 0 view .LVU49
 200 000c D3F89835 		ldr	r3, [r3, #1432]
 201              	.LVL11:
 349:USB_Device/App/usbd_desc.c **** 
 202              		.loc 1 349 3 is_stmt 1 view .LVU50
 351:USB_Device/App/usbd_desc.c ****   {
 203              		.loc 1 351 3 view .LVU51
 351:USB_Device/App/usbd_desc.c ****   {
 204              		.loc 1 351 6 is_stmt 0 view .LVU52
 205 0010 C018     		adds	r0, r0, r3
 206              	.LVL12:
 351:USB_Device/App/usbd_desc.c ****   {
 207              		.loc 1 351 6 view .LVU53
 208 0012 00D1     		bne	.L20
 209              	.LVL13:
 210              	.L17:
 356:USB_Device/App/usbd_desc.c **** 
 211              		.loc 1 356 1 view .LVU54
 212 0014 38BD     		pop	{r3, r4, r5, pc}
 213              	.LVL14:
 214              	.L20:
 353:USB_Device/App/usbd_desc.c ****     IntToUnicode(deviceserial1, &USBD_StringSerial[18], 4);
 215              		.loc 1 353 5 is_stmt 1 view .LVU55
 216 0016 074D     		ldr	r5, .L21+4
 217 0018 0822     		movs	r2, #8
 218 001a 2946     		mov	r1, r5
 219 001c FFF7FEFF 		bl	IntToUnicode
 220              	.LVL15:
 354:USB_Device/App/usbd_desc.c ****   }
 221              		.loc 1 354 5 view .LVU56
 222 0020 0422     		movs	r2, #4
 223 0022 05F11001 		add	r1, r5, #16
ARM GAS  /tmp/cceHbUH4.s 			page 12


 224 0026 2046     		mov	r0, r4
 225 0028 FFF7FEFF 		bl	IntToUnicode
 226              	.LVL16:
 356:USB_Device/App/usbd_desc.c **** 
 227              		.loc 1 356 1 is_stmt 0 view .LVU57
 228 002c F2E7     		b	.L17
 229              	.L22:
 230 002e 00BF     		.align	2
 231              	.L21:
 232 0030 0000FA0B 		.word	200933376
 233 0034 02000000 		.word	USBD_StringSerial+2
 234              		.cfi_endproc
 235              	.LFE163:
 237              		.section	.text.USBD_CDC_SerialStrDescriptor,"ax",%progbits
 238              		.align	1
 239              		.global	USBD_CDC_SerialStrDescriptor
 240              		.syntax unified
 241              		.thumb
 242              		.thumb_func
 244              	USBD_CDC_SerialStrDescriptor:
 245              	.LVL17:
 246              	.LFB160:
 281:USB_Device/App/usbd_desc.c ****   UNUSED(speed);
 247              		.loc 1 281 1 is_stmt 1 view -0
 248              		.cfi_startproc
 249              		@ args = 0, pretend = 0, frame = 0
 250              		@ frame_needed = 0, uses_anonymous_args = 0
 281:USB_Device/App/usbd_desc.c ****   UNUSED(speed);
 251              		.loc 1 281 1 is_stmt 0 view .LVU59
 252 0000 08B5     		push	{r3, lr}
 253              	.LCFI3:
 254              		.cfi_def_cfa_offset 8
 255              		.cfi_offset 3, -8
 256              		.cfi_offset 14, -4
 282:USB_Device/App/usbd_desc.c ****   *length = USB_SIZ_STRING_SERIAL;
 257              		.loc 1 282 3 is_stmt 1 view .LVU60
 283:USB_Device/App/usbd_desc.c **** 
 258              		.loc 1 283 3 view .LVU61
 283:USB_Device/App/usbd_desc.c **** 
 259              		.loc 1 283 11 is_stmt 0 view .LVU62
 260 0002 1A23     		movs	r3, #26
 261 0004 0B80     		strh	r3, [r1]	@ movhi
 287:USB_Device/App/usbd_desc.c **** 
 262              		.loc 1 287 3 is_stmt 1 view .LVU63
 263 0006 FFF7FEFF 		bl	Get_SerialNum
 264              	.LVL18:
 293:USB_Device/App/usbd_desc.c **** }
 265              		.loc 1 293 3 view .LVU64
 294:USB_Device/App/usbd_desc.c **** 
 266              		.loc 1 294 1 is_stmt 0 view .LVU65
 267 000a 0148     		ldr	r0, .L25
 268 000c 08BD     		pop	{r3, pc}
 269              	.L26:
 270 000e 00BF     		.align	2
 271              	.L25:
 272 0010 00000000 		.word	USBD_StringSerial
 273              		.cfi_endproc
ARM GAS  /tmp/cceHbUH4.s 			page 13


 274              	.LFE160:
 276              		.section	.rodata.USBD_CDC_ProductStrDescriptor.str1.4,"aMS",%progbits,1
 277              		.align	2
 278              	.LC0:
 279 0000 53544D33 		.ascii	"STM32 Virtual ComPort\000"
 279      32205669 
 279      72747561 
 279      6C20436F 
 279      6D506F72 
 280              		.section	.text.USBD_CDC_ProductStrDescriptor,"ax",%progbits
 281              		.align	1
 282              		.global	USBD_CDC_ProductStrDescriptor
 283              		.syntax unified
 284              		.thumb
 285              		.thumb_func
 287              	USBD_CDC_ProductStrDescriptor:
 288              	.LVL19:
 289              	.LFB158:
 249:USB_Device/App/usbd_desc.c ****   if(speed == 0)
 290              		.loc 1 249 1 is_stmt 1 view -0
 291              		.cfi_startproc
 292              		@ args = 0, pretend = 0, frame = 0
 293              		@ frame_needed = 0, uses_anonymous_args = 0
 249:USB_Device/App/usbd_desc.c ****   if(speed == 0)
 294              		.loc 1 249 1 is_stmt 0 view .LVU67
 295 0000 08B5     		push	{r3, lr}
 296              	.LCFI4:
 297              		.cfi_def_cfa_offset 8
 298              		.cfi_offset 3, -8
 299              		.cfi_offset 14, -4
 300 0002 0A46     		mov	r2, r1
 250:USB_Device/App/usbd_desc.c ****   {
 301              		.loc 1 250 3 is_stmt 1 view .LVU68
 250:USB_Device/App/usbd_desc.c ****   {
 302              		.loc 1 250 5 is_stmt 0 view .LVU69
 303 0004 28B9     		cbnz	r0, .L28
 252:USB_Device/App/usbd_desc.c ****   }
 304              		.loc 1 252 5 is_stmt 1 view .LVU70
 305 0006 0549     		ldr	r1, .L31
 306              	.LVL20:
 252:USB_Device/App/usbd_desc.c ****   }
 307              		.loc 1 252 5 is_stmt 0 view .LVU71
 308 0008 0548     		ldr	r0, .L31+4
 309              	.LVL21:
 252:USB_Device/App/usbd_desc.c ****   }
 310              		.loc 1 252 5 view .LVU72
 311 000a FFF7FEFF 		bl	USBD_GetString
 312              	.LVL22:
 313              	.L29:
 258:USB_Device/App/usbd_desc.c **** }
 314              		.loc 1 258 3 is_stmt 1 view .LVU73
 259:USB_Device/App/usbd_desc.c **** 
 315              		.loc 1 259 1 is_stmt 0 view .LVU74
 316 000e 0348     		ldr	r0, .L31
 317 0010 08BD     		pop	{r3, pc}
 318              	.LVL23:
 319              	.L28:
ARM GAS  /tmp/cceHbUH4.s 			page 14


 256:USB_Device/App/usbd_desc.c ****   }
 320              		.loc 1 256 5 is_stmt 1 view .LVU75
 321 0012 0249     		ldr	r1, .L31
 322              	.LVL24:
 256:USB_Device/App/usbd_desc.c ****   }
 323              		.loc 1 256 5 is_stmt 0 view .LVU76
 324 0014 0248     		ldr	r0, .L31+4
 325              	.LVL25:
 256:USB_Device/App/usbd_desc.c ****   }
 326              		.loc 1 256 5 view .LVU77
 327 0016 FFF7FEFF 		bl	USBD_GetString
 328              	.LVL26:
 256:USB_Device/App/usbd_desc.c ****   }
 329              		.loc 1 256 5 view .LVU78
 330 001a F8E7     		b	.L29
 331              	.L32:
 332              		.align	2
 333              	.L31:
 334 001c 00000000 		.word	USBD_StrDesc
 335 0020 00000000 		.word	.LC0
 336              		.cfi_endproc
 337              	.LFE158:
 339              		.section	.rodata.USBD_CDC_ManufacturerStrDescriptor.str1.4,"aMS",%progbits,1
 340              		.align	2
 341              	.LC1:
 342 0000 53544D69 		.ascii	"STMicroelectronics\000"
 342      63726F65 
 342      6C656374 
 342      726F6E69 
 342      637300
 343              		.section	.text.USBD_CDC_ManufacturerStrDescriptor,"ax",%progbits
 344              		.align	1
 345              		.global	USBD_CDC_ManufacturerStrDescriptor
 346              		.syntax unified
 347              		.thumb
 348              		.thumb_func
 350              	USBD_CDC_ManufacturerStrDescriptor:
 351              	.LVL27:
 352              	.LFB159:
 268:USB_Device/App/usbd_desc.c ****   UNUSED(speed);
 353              		.loc 1 268 1 is_stmt 1 view -0
 354              		.cfi_startproc
 355              		@ args = 0, pretend = 0, frame = 0
 356              		@ frame_needed = 0, uses_anonymous_args = 0
 268:USB_Device/App/usbd_desc.c ****   UNUSED(speed);
 357              		.loc 1 268 1 is_stmt 0 view .LVU80
 358 0000 10B5     		push	{r4, lr}
 359              	.LCFI5:
 360              		.cfi_def_cfa_offset 8
 361              		.cfi_offset 4, -8
 362              		.cfi_offset 14, -4
 363 0002 0A46     		mov	r2, r1
 269:USB_Device/App/usbd_desc.c ****   USBD_GetString((uint8_t *)USBD_MANUFACTURER_STRING, USBD_StrDesc, length);
 364              		.loc 1 269 3 is_stmt 1 view .LVU81
 270:USB_Device/App/usbd_desc.c ****   return USBD_StrDesc;
 365              		.loc 1 270 3 view .LVU82
 366 0004 034C     		ldr	r4, .L35
ARM GAS  /tmp/cceHbUH4.s 			page 15


 367 0006 2146     		mov	r1, r4
 368              	.LVL28:
 270:USB_Device/App/usbd_desc.c ****   return USBD_StrDesc;
 369              		.loc 1 270 3 is_stmt 0 view .LVU83
 370 0008 0348     		ldr	r0, .L35+4
 371              	.LVL29:
 270:USB_Device/App/usbd_desc.c ****   return USBD_StrDesc;
 372              		.loc 1 270 3 view .LVU84
 373 000a FFF7FEFF 		bl	USBD_GetString
 374              	.LVL30:
 271:USB_Device/App/usbd_desc.c **** }
 375              		.loc 1 271 3 is_stmt 1 view .LVU85
 272:USB_Device/App/usbd_desc.c **** 
 376              		.loc 1 272 1 is_stmt 0 view .LVU86
 377 000e 2046     		mov	r0, r4
 378 0010 10BD     		pop	{r4, pc}
 379              	.L36:
 380 0012 00BF     		.align	2
 381              	.L35:
 382 0014 00000000 		.word	USBD_StrDesc
 383 0018 00000000 		.word	.LC1
 384              		.cfi_endproc
 385              	.LFE159:
 387              		.section	.rodata.USBD_CDC_ConfigStrDescriptor.str1.4,"aMS",%progbits,1
 388              		.align	2
 389              	.LC2:
 390 0000 43444320 		.ascii	"CDC Config\000"
 390      436F6E66 
 390      696700
 391              		.section	.text.USBD_CDC_ConfigStrDescriptor,"ax",%progbits
 392              		.align	1
 393              		.global	USBD_CDC_ConfigStrDescriptor
 394              		.syntax unified
 395              		.thumb
 396              		.thumb_func
 398              	USBD_CDC_ConfigStrDescriptor:
 399              	.LVL31:
 400              	.LFB161:
 303:USB_Device/App/usbd_desc.c ****   if(speed == USBD_SPEED_HIGH)
 401              		.loc 1 303 1 is_stmt 1 view -0
 402              		.cfi_startproc
 403              		@ args = 0, pretend = 0, frame = 0
 404              		@ frame_needed = 0, uses_anonymous_args = 0
 303:USB_Device/App/usbd_desc.c ****   if(speed == USBD_SPEED_HIGH)
 405              		.loc 1 303 1 is_stmt 0 view .LVU88
 406 0000 08B5     		push	{r3, lr}
 407              	.LCFI6:
 408              		.cfi_def_cfa_offset 8
 409              		.cfi_offset 3, -8
 410              		.cfi_offset 14, -4
 411 0002 0A46     		mov	r2, r1
 304:USB_Device/App/usbd_desc.c ****   {
 412              		.loc 1 304 3 is_stmt 1 view .LVU89
 304:USB_Device/App/usbd_desc.c ****   {
 413              		.loc 1 304 5 is_stmt 0 view .LVU90
 414 0004 28B9     		cbnz	r0, .L38
 306:USB_Device/App/usbd_desc.c ****   }
ARM GAS  /tmp/cceHbUH4.s 			page 16


 415              		.loc 1 306 5 is_stmt 1 view .LVU91
 416 0006 0549     		ldr	r1, .L41
 417              	.LVL32:
 306:USB_Device/App/usbd_desc.c ****   }
 418              		.loc 1 306 5 is_stmt 0 view .LVU92
 419 0008 0548     		ldr	r0, .L41+4
 420              	.LVL33:
 306:USB_Device/App/usbd_desc.c ****   }
 421              		.loc 1 306 5 view .LVU93
 422 000a FFF7FEFF 		bl	USBD_GetString
 423              	.LVL34:
 424              	.L39:
 312:USB_Device/App/usbd_desc.c **** }
 425              		.loc 1 312 3 is_stmt 1 view .LVU94
 313:USB_Device/App/usbd_desc.c **** 
 426              		.loc 1 313 1 is_stmt 0 view .LVU95
 427 000e 0348     		ldr	r0, .L41
 428 0010 08BD     		pop	{r3, pc}
 429              	.LVL35:
 430              	.L38:
 310:USB_Device/App/usbd_desc.c ****   }
 431              		.loc 1 310 5 is_stmt 1 view .LVU96
 432 0012 0249     		ldr	r1, .L41
 433              	.LVL36:
 310:USB_Device/App/usbd_desc.c ****   }
 434              		.loc 1 310 5 is_stmt 0 view .LVU97
 435 0014 0248     		ldr	r0, .L41+4
 436              	.LVL37:
 310:USB_Device/App/usbd_desc.c ****   }
 437              		.loc 1 310 5 view .LVU98
 438 0016 FFF7FEFF 		bl	USBD_GetString
 439              	.LVL38:
 310:USB_Device/App/usbd_desc.c ****   }
 440              		.loc 1 310 5 view .LVU99
 441 001a F8E7     		b	.L39
 442              	.L42:
 443              		.align	2
 444              	.L41:
 445 001c 00000000 		.word	USBD_StrDesc
 446 0020 00000000 		.word	.LC2
 447              		.cfi_endproc
 448              	.LFE161:
 450              		.section	.rodata.USBD_CDC_InterfaceStrDescriptor.str1.4,"aMS",%progbits,1
 451              		.align	2
 452              	.LC3:
 453 0000 43444320 		.ascii	"CDC Interface\000"
 453      496E7465 
 453      72666163 
 453      6500
 454              		.section	.text.USBD_CDC_InterfaceStrDescriptor,"ax",%progbits
 455              		.align	1
 456              		.global	USBD_CDC_InterfaceStrDescriptor
 457              		.syntax unified
 458              		.thumb
 459              		.thumb_func
 461              	USBD_CDC_InterfaceStrDescriptor:
 462              	.LVL39:
ARM GAS  /tmp/cceHbUH4.s 			page 17


 463              	.LFB162:
 322:USB_Device/App/usbd_desc.c ****   if(speed == 0)
 464              		.loc 1 322 1 is_stmt 1 view -0
 465              		.cfi_startproc
 466              		@ args = 0, pretend = 0, frame = 0
 467              		@ frame_needed = 0, uses_anonymous_args = 0
 322:USB_Device/App/usbd_desc.c ****   if(speed == 0)
 468              		.loc 1 322 1 is_stmt 0 view .LVU101
 469 0000 08B5     		push	{r3, lr}
 470              	.LCFI7:
 471              		.cfi_def_cfa_offset 8
 472              		.cfi_offset 3, -8
 473              		.cfi_offset 14, -4
 474 0002 0A46     		mov	r2, r1
 323:USB_Device/App/usbd_desc.c ****   {
 475              		.loc 1 323 3 is_stmt 1 view .LVU102
 323:USB_Device/App/usbd_desc.c ****   {
 476              		.loc 1 323 5 is_stmt 0 view .LVU103
 477 0004 28B9     		cbnz	r0, .L44
 325:USB_Device/App/usbd_desc.c ****   }
 478              		.loc 1 325 5 is_stmt 1 view .LVU104
 479 0006 0549     		ldr	r1, .L47
 480              	.LVL40:
 325:USB_Device/App/usbd_desc.c ****   }
 481              		.loc 1 325 5 is_stmt 0 view .LVU105
 482 0008 0548     		ldr	r0, .L47+4
 483              	.LVL41:
 325:USB_Device/App/usbd_desc.c ****   }
 484              		.loc 1 325 5 view .LVU106
 485 000a FFF7FEFF 		bl	USBD_GetString
 486              	.LVL42:
 487              	.L45:
 331:USB_Device/App/usbd_desc.c **** }
 488              		.loc 1 331 3 is_stmt 1 view .LVU107
 332:USB_Device/App/usbd_desc.c **** 
 489              		.loc 1 332 1 is_stmt 0 view .LVU108
 490 000e 0348     		ldr	r0, .L47
 491 0010 08BD     		pop	{r3, pc}
 492              	.LVL43:
 493              	.L44:
 329:USB_Device/App/usbd_desc.c ****   }
 494              		.loc 1 329 5 is_stmt 1 view .LVU109
 495 0012 0249     		ldr	r1, .L47
 496              	.LVL44:
 329:USB_Device/App/usbd_desc.c ****   }
 497              		.loc 1 329 5 is_stmt 0 view .LVU110
 498 0014 0248     		ldr	r0, .L47+4
 499              	.LVL45:
 329:USB_Device/App/usbd_desc.c ****   }
 500              		.loc 1 329 5 view .LVU111
 501 0016 FFF7FEFF 		bl	USBD_GetString
 502              	.LVL46:
 329:USB_Device/App/usbd_desc.c ****   }
 503              		.loc 1 329 5 view .LVU112
 504 001a F8E7     		b	.L45
 505              	.L48:
 506              		.align	2
ARM GAS  /tmp/cceHbUH4.s 			page 18


 507              	.L47:
 508 001c 00000000 		.word	USBD_StrDesc
 509 0020 00000000 		.word	.LC3
 510              		.cfi_endproc
 511              	.LFE162:
 513              		.global	USBD_StringSerial
 514              		.section	.data.USBD_StringSerial,"aw"
 515              		.align	2
 518              	USBD_StringSerial:
 519 0000 1A0300   		.ascii	"\032\003\000"
 520 0003 00000000 		.space	23
 520      00000000 
 520      00000000 
 520      00000000 
 520      00000000 
 521              		.global	USBD_StrDesc
 522              		.section	.bss.USBD_StrDesc,"aw",%nobits
 523              		.align	2
 526              	USBD_StrDesc:
 527 0000 00000000 		.space	512
 527      00000000 
 527      00000000 
 527      00000000 
 527      00000000 
 528              		.global	USBD_LangIDDesc
 529              		.section	.data.USBD_LangIDDesc,"aw"
 530              		.align	2
 533              	USBD_LangIDDesc:
 534 0000 04030904 		.ascii	"\004\003\011\004"
 535              		.global	USBD_CDC_DeviceDesc
 536              		.section	.data.USBD_CDC_DeviceDesc,"aw"
 537              		.align	2
 540              	USBD_CDC_DeviceDesc:
 541 0000 12010002 		.ascii	"\022\001\000\002\002\002\000@\203\004@W\000\002\001"
 541      02020040 
 541      83044057 
 541      000201
 542 000f 020301   		.ascii	"\002\003\001"
 543              		.global	CDC_Desc
 544              		.section	.data.CDC_Desc,"aw"
 545              		.align	2
 548              	CDC_Desc:
 549 0000 00000000 		.word	USBD_CDC_DeviceDescriptor
 550 0004 00000000 		.word	USBD_CDC_LangIDStrDescriptor
 551 0008 00000000 		.word	USBD_CDC_ManufacturerStrDescriptor
 552 000c 00000000 		.word	USBD_CDC_ProductStrDescriptor
 553 0010 00000000 		.word	USBD_CDC_SerialStrDescriptor
 554 0014 00000000 		.word	USBD_CDC_ConfigStrDescriptor
 555 0018 00000000 		.word	USBD_CDC_InterfaceStrDescriptor
 556 001c 00000000 		.space	4
 557              		.text
 558              	.Letext0:
 559              		.file 2 "/home/yul/toolchain/arm-gnu-toolchain-12.2.rel1-x86_64-arm-none-eabi/arm-none-eabi/includ
 560              		.file 3 "/home/yul/toolchain/arm-gnu-toolchain-12.2.rel1-x86_64-arm-none-eabi/arm-none-eabi/includ
 561              		.file 4 "Middlewares/ST/STM32_USB_Device_Library/Core/Inc/usbd_def.h"
 562              		.file 5 "USB_Device/App/usbd_desc.h"
 563              		.file 6 "Middlewares/ST/STM32_USB_Device_Library/Core/Inc/usbd_ctlreq.h"
ARM GAS  /tmp/cceHbUH4.s 			page 19


ARM GAS  /tmp/cceHbUH4.s 			page 20


DEFINED SYMBOLS
                            *ABS*:0000000000000000 usbd_desc.c
     /tmp/cceHbUH4.s:22     .text.USBD_CDC_DeviceDescriptor:0000000000000000 $t
     /tmp/cceHbUH4.s:28     .text.USBD_CDC_DeviceDescriptor:0000000000000000 USBD_CDC_DeviceDescriptor
     /tmp/cceHbUH4.s:50     .text.USBD_CDC_DeviceDescriptor:0000000000000008 $d
     /tmp/cceHbUH4.s:540    .data.USBD_CDC_DeviceDesc:0000000000000000 USBD_CDC_DeviceDesc
     /tmp/cceHbUH4.s:55     .text.USBD_CDC_LangIDStrDescriptor:0000000000000000 $t
     /tmp/cceHbUH4.s:61     .text.USBD_CDC_LangIDStrDescriptor:0000000000000000 USBD_CDC_LangIDStrDescriptor
     /tmp/cceHbUH4.s:83     .text.USBD_CDC_LangIDStrDescriptor:0000000000000008 $d
     /tmp/cceHbUH4.s:533    .data.USBD_LangIDDesc:0000000000000000 USBD_LangIDDesc
     /tmp/cceHbUH4.s:88     .text.IntToUnicode:0000000000000000 $t
     /tmp/cceHbUH4.s:93     .text.IntToUnicode:0000000000000000 IntToUnicode
     /tmp/cceHbUH4.s:168    .text.Get_SerialNum:0000000000000000 $t
     /tmp/cceHbUH4.s:173    .text.Get_SerialNum:0000000000000000 Get_SerialNum
     /tmp/cceHbUH4.s:232    .text.Get_SerialNum:0000000000000030 $d
     /tmp/cceHbUH4.s:518    .data.USBD_StringSerial:0000000000000000 USBD_StringSerial
     /tmp/cceHbUH4.s:238    .text.USBD_CDC_SerialStrDescriptor:0000000000000000 $t
     /tmp/cceHbUH4.s:244    .text.USBD_CDC_SerialStrDescriptor:0000000000000000 USBD_CDC_SerialStrDescriptor
     /tmp/cceHbUH4.s:272    .text.USBD_CDC_SerialStrDescriptor:0000000000000010 $d
     /tmp/cceHbUH4.s:277    .rodata.USBD_CDC_ProductStrDescriptor.str1.4:0000000000000000 $d
     /tmp/cceHbUH4.s:281    .text.USBD_CDC_ProductStrDescriptor:0000000000000000 $t
     /tmp/cceHbUH4.s:287    .text.USBD_CDC_ProductStrDescriptor:0000000000000000 USBD_CDC_ProductStrDescriptor
     /tmp/cceHbUH4.s:334    .text.USBD_CDC_ProductStrDescriptor:000000000000001c $d
     /tmp/cceHbUH4.s:526    .bss.USBD_StrDesc:0000000000000000 USBD_StrDesc
     /tmp/cceHbUH4.s:340    .rodata.USBD_CDC_ManufacturerStrDescriptor.str1.4:0000000000000000 $d
     /tmp/cceHbUH4.s:344    .text.USBD_CDC_ManufacturerStrDescriptor:0000000000000000 $t
     /tmp/cceHbUH4.s:350    .text.USBD_CDC_ManufacturerStrDescriptor:0000000000000000 USBD_CDC_ManufacturerStrDescriptor
     /tmp/cceHbUH4.s:382    .text.USBD_CDC_ManufacturerStrDescriptor:0000000000000014 $d
     /tmp/cceHbUH4.s:388    .rodata.USBD_CDC_ConfigStrDescriptor.str1.4:0000000000000000 $d
     /tmp/cceHbUH4.s:392    .text.USBD_CDC_ConfigStrDescriptor:0000000000000000 $t
     /tmp/cceHbUH4.s:398    .text.USBD_CDC_ConfigStrDescriptor:0000000000000000 USBD_CDC_ConfigStrDescriptor
     /tmp/cceHbUH4.s:445    .text.USBD_CDC_ConfigStrDescriptor:000000000000001c $d
     /tmp/cceHbUH4.s:451    .rodata.USBD_CDC_InterfaceStrDescriptor.str1.4:0000000000000000 $d
     /tmp/cceHbUH4.s:455    .text.USBD_CDC_InterfaceStrDescriptor:0000000000000000 $t
     /tmp/cceHbUH4.s:461    .text.USBD_CDC_InterfaceStrDescriptor:0000000000000000 USBD_CDC_InterfaceStrDescriptor
     /tmp/cceHbUH4.s:508    .text.USBD_CDC_InterfaceStrDescriptor:000000000000001c $d
     /tmp/cceHbUH4.s:515    .data.USBD_StringSerial:0000000000000000 $d
     /tmp/cceHbUH4.s:523    .bss.USBD_StrDesc:0000000000000000 $d
     /tmp/cceHbUH4.s:530    .data.USBD_LangIDDesc:0000000000000000 $d
     /tmp/cceHbUH4.s:537    .data.USBD_CDC_DeviceDesc:0000000000000000 $d
     /tmp/cceHbUH4.s:548    .data.CDC_Desc:0000000000000000 CDC_Desc
     /tmp/cceHbUH4.s:545    .data.CDC_Desc:0000000000000000 $d

UNDEFINED SYMBOLS
USBD_GetString
