ARM GAS  /tmp/ccpJkM13.s 			page 1


   1              		.cpu cortex-m33
   2              		.arch armv8-m.main
   3              		.fpu fpv4-sp-d16
   4              		.arch_extension dsp
   5              		.eabi_attribute 27, 1
   6              		.eabi_attribute 28, 1
   7              		.eabi_attribute 20, 1
   8              		.eabi_attribute 21, 1
   9              		.eabi_attribute 23, 3
  10              		.eabi_attribute 24, 1
  11              		.eabi_attribute 25, 1
  12              		.eabi_attribute 26, 1
  13              		.eabi_attribute 30, 1
  14              		.eabi_attribute 34, 1
  15              		.eabi_attribute 18, 4
  16              		.file	"usbd_cdc_if.c"
  17              		.text
  18              	.Ltext0:
  19              		.cfi_sections	.debug_frame
  20              		.file 1 "USB_Device/App/usbd_cdc_if.c"
  21              		.section	.text.CDC_DeInit_FS,"ax",%progbits
  22              		.align	1
  23              		.syntax unified
  24              		.thumb
  25              		.thumb_func
  27              	CDC_DeInit_FS:
  28              	.LFB157:
   1:USB_Device/App/usbd_cdc_if.c **** /* USER CODE BEGIN Header */
   2:USB_Device/App/usbd_cdc_if.c **** /**
   3:USB_Device/App/usbd_cdc_if.c ****   ******************************************************************************
   4:USB_Device/App/usbd_cdc_if.c ****   * @file           : usbd_cdc_if.c
   5:USB_Device/App/usbd_cdc_if.c ****   * @version        : v3.0_Cube
   6:USB_Device/App/usbd_cdc_if.c ****   * @brief          : Usb device for Virtual Com Port.
   7:USB_Device/App/usbd_cdc_if.c ****   ******************************************************************************
   8:USB_Device/App/usbd_cdc_if.c ****   * @attention
   9:USB_Device/App/usbd_cdc_if.c ****   *
  10:USB_Device/App/usbd_cdc_if.c ****   * Copyright (c) 2023 STMicroelectronics.
  11:USB_Device/App/usbd_cdc_if.c ****   * All rights reserved.
  12:USB_Device/App/usbd_cdc_if.c ****   *
  13:USB_Device/App/usbd_cdc_if.c ****   * This software is licensed under terms that can be found in the LICENSE file
  14:USB_Device/App/usbd_cdc_if.c ****   * in the root directory of this software component.
  15:USB_Device/App/usbd_cdc_if.c ****   * If no LICENSE file comes with this software, it is provided AS-IS.
  16:USB_Device/App/usbd_cdc_if.c ****   *
  17:USB_Device/App/usbd_cdc_if.c ****   ******************************************************************************
  18:USB_Device/App/usbd_cdc_if.c ****   */
  19:USB_Device/App/usbd_cdc_if.c **** /* USER CODE END Header */
  20:USB_Device/App/usbd_cdc_if.c **** 
  21:USB_Device/App/usbd_cdc_if.c **** /* Includes ------------------------------------------------------------------*/
  22:USB_Device/App/usbd_cdc_if.c **** #include "usbd_cdc_if.h"
  23:USB_Device/App/usbd_cdc_if.c **** 
  24:USB_Device/App/usbd_cdc_if.c **** /* USER CODE BEGIN INCLUDE */
  25:USB_Device/App/usbd_cdc_if.c **** 
  26:USB_Device/App/usbd_cdc_if.c **** /* USER CODE END INCLUDE */
  27:USB_Device/App/usbd_cdc_if.c **** 
  28:USB_Device/App/usbd_cdc_if.c **** /* Private typedef -----------------------------------------------------------*/
  29:USB_Device/App/usbd_cdc_if.c **** /* Private define ------------------------------------------------------------*/
  30:USB_Device/App/usbd_cdc_if.c **** /* Private macro -------------------------------------------------------------*/
ARM GAS  /tmp/ccpJkM13.s 			page 2


  31:USB_Device/App/usbd_cdc_if.c **** 
  32:USB_Device/App/usbd_cdc_if.c **** /* USER CODE BEGIN PV */
  33:USB_Device/App/usbd_cdc_if.c **** /* Private variables ---------------------------------------------------------*/
  34:USB_Device/App/usbd_cdc_if.c **** 
  35:USB_Device/App/usbd_cdc_if.c **** /* USER CODE END PV */
  36:USB_Device/App/usbd_cdc_if.c **** 
  37:USB_Device/App/usbd_cdc_if.c **** /** @addtogroup STM32_USB_OTG_DEVICE_LIBRARY
  38:USB_Device/App/usbd_cdc_if.c ****   * @brief Usb device library.
  39:USB_Device/App/usbd_cdc_if.c ****   * @{
  40:USB_Device/App/usbd_cdc_if.c ****   */
  41:USB_Device/App/usbd_cdc_if.c **** 
  42:USB_Device/App/usbd_cdc_if.c **** /** @addtogroup USBD_CDC_IF
  43:USB_Device/App/usbd_cdc_if.c ****   * @{
  44:USB_Device/App/usbd_cdc_if.c ****   */
  45:USB_Device/App/usbd_cdc_if.c **** 
  46:USB_Device/App/usbd_cdc_if.c **** /** @defgroup USBD_CDC_IF_Private_TypesDefinitions USBD_CDC_IF_Private_TypesDefinitions
  47:USB_Device/App/usbd_cdc_if.c ****   * @brief Private types.
  48:USB_Device/App/usbd_cdc_if.c ****   * @{
  49:USB_Device/App/usbd_cdc_if.c ****   */
  50:USB_Device/App/usbd_cdc_if.c **** 
  51:USB_Device/App/usbd_cdc_if.c **** /* USER CODE BEGIN PRIVATE_TYPES */
  52:USB_Device/App/usbd_cdc_if.c **** 
  53:USB_Device/App/usbd_cdc_if.c **** /* USER CODE END PRIVATE_TYPES */
  54:USB_Device/App/usbd_cdc_if.c **** 
  55:USB_Device/App/usbd_cdc_if.c **** /**
  56:USB_Device/App/usbd_cdc_if.c ****   * @}
  57:USB_Device/App/usbd_cdc_if.c ****   */
  58:USB_Device/App/usbd_cdc_if.c **** 
  59:USB_Device/App/usbd_cdc_if.c **** /** @defgroup USBD_CDC_IF_Private_Defines USBD_CDC_IF_Private_Defines
  60:USB_Device/App/usbd_cdc_if.c ****   * @brief Private defines.
  61:USB_Device/App/usbd_cdc_if.c ****   * @{
  62:USB_Device/App/usbd_cdc_if.c ****   */
  63:USB_Device/App/usbd_cdc_if.c **** 
  64:USB_Device/App/usbd_cdc_if.c **** /* USER CODE BEGIN PRIVATE_DEFINES */
  65:USB_Device/App/usbd_cdc_if.c **** /* USER CODE END PRIVATE_DEFINES */
  66:USB_Device/App/usbd_cdc_if.c **** 
  67:USB_Device/App/usbd_cdc_if.c **** /**
  68:USB_Device/App/usbd_cdc_if.c ****   * @}
  69:USB_Device/App/usbd_cdc_if.c ****   */
  70:USB_Device/App/usbd_cdc_if.c **** 
  71:USB_Device/App/usbd_cdc_if.c **** /** @defgroup USBD_CDC_IF_Private_Macros USBD_CDC_IF_Private_Macros
  72:USB_Device/App/usbd_cdc_if.c ****   * @brief Private macros.
  73:USB_Device/App/usbd_cdc_if.c ****   * @{
  74:USB_Device/App/usbd_cdc_if.c ****   */
  75:USB_Device/App/usbd_cdc_if.c **** 
  76:USB_Device/App/usbd_cdc_if.c **** /* USER CODE BEGIN PRIVATE_MACRO */
  77:USB_Device/App/usbd_cdc_if.c **** 
  78:USB_Device/App/usbd_cdc_if.c **** /* USER CODE END PRIVATE_MACRO */
  79:USB_Device/App/usbd_cdc_if.c **** 
  80:USB_Device/App/usbd_cdc_if.c **** /**
  81:USB_Device/App/usbd_cdc_if.c ****   * @}
  82:USB_Device/App/usbd_cdc_if.c ****   */
  83:USB_Device/App/usbd_cdc_if.c **** 
  84:USB_Device/App/usbd_cdc_if.c **** /** @defgroup USBD_CDC_IF_Private_Variables USBD_CDC_IF_Private_Variables
  85:USB_Device/App/usbd_cdc_if.c ****   * @brief Private variables.
  86:USB_Device/App/usbd_cdc_if.c ****   * @{
  87:USB_Device/App/usbd_cdc_if.c ****   */
ARM GAS  /tmp/ccpJkM13.s 			page 3


  88:USB_Device/App/usbd_cdc_if.c **** /* Create buffer for reception and transmission           */
  89:USB_Device/App/usbd_cdc_if.c **** /* It's up to user to redefine and/or remove those define */
  90:USB_Device/App/usbd_cdc_if.c **** /** Received data over USB are stored in this buffer      */
  91:USB_Device/App/usbd_cdc_if.c **** uint8_t UserRxBufferFS[APP_RX_DATA_SIZE];
  92:USB_Device/App/usbd_cdc_if.c **** 
  93:USB_Device/App/usbd_cdc_if.c **** /** Data to send over USB CDC are stored in this buffer   */
  94:USB_Device/App/usbd_cdc_if.c **** uint8_t UserTxBufferFS[APP_TX_DATA_SIZE];
  95:USB_Device/App/usbd_cdc_if.c **** 
  96:USB_Device/App/usbd_cdc_if.c **** /* USER CODE BEGIN PRIVATE_VARIABLES */
  97:USB_Device/App/usbd_cdc_if.c **** static uint8_t UserRxLength;
  98:USB_Device/App/usbd_cdc_if.c **** /* USER CODE END PRIVATE_VARIABLES */
  99:USB_Device/App/usbd_cdc_if.c **** 
 100:USB_Device/App/usbd_cdc_if.c **** /**
 101:USB_Device/App/usbd_cdc_if.c ****   * @}
 102:USB_Device/App/usbd_cdc_if.c ****   */
 103:USB_Device/App/usbd_cdc_if.c **** 
 104:USB_Device/App/usbd_cdc_if.c **** /** @defgroup USBD_CDC_IF_Exported_Variables USBD_CDC_IF_Exported_Variables
 105:USB_Device/App/usbd_cdc_if.c ****   * @brief Public variables.
 106:USB_Device/App/usbd_cdc_if.c ****   * @{
 107:USB_Device/App/usbd_cdc_if.c ****   */
 108:USB_Device/App/usbd_cdc_if.c **** 
 109:USB_Device/App/usbd_cdc_if.c **** extern USBD_HandleTypeDef hUsbDeviceFS;
 110:USB_Device/App/usbd_cdc_if.c **** 
 111:USB_Device/App/usbd_cdc_if.c **** /* USER CODE BEGIN EXPORTED_VARIABLES */
 112:USB_Device/App/usbd_cdc_if.c **** 
 113:USB_Device/App/usbd_cdc_if.c **** /* USER CODE END EXPORTED_VARIABLES */
 114:USB_Device/App/usbd_cdc_if.c **** 
 115:USB_Device/App/usbd_cdc_if.c **** /**
 116:USB_Device/App/usbd_cdc_if.c ****   * @}
 117:USB_Device/App/usbd_cdc_if.c ****   */
 118:USB_Device/App/usbd_cdc_if.c **** 
 119:USB_Device/App/usbd_cdc_if.c **** /** @defgroup USBD_CDC_IF_Private_FunctionPrototypes USBD_CDC_IF_Private_FunctionPrototypes
 120:USB_Device/App/usbd_cdc_if.c ****   * @brief Private functions declaration.
 121:USB_Device/App/usbd_cdc_if.c ****   * @{
 122:USB_Device/App/usbd_cdc_if.c ****   */
 123:USB_Device/App/usbd_cdc_if.c **** 
 124:USB_Device/App/usbd_cdc_if.c **** static int8_t CDC_Init_FS(void);
 125:USB_Device/App/usbd_cdc_if.c **** static int8_t CDC_DeInit_FS(void);
 126:USB_Device/App/usbd_cdc_if.c **** static int8_t CDC_Control_FS(uint8_t cmd, uint8_t* pbuf, uint16_t length);
 127:USB_Device/App/usbd_cdc_if.c **** static int8_t CDC_Receive_FS(uint8_t* pbuf, uint32_t *Len);
 128:USB_Device/App/usbd_cdc_if.c **** static int8_t CDC_TransmitCplt_FS(uint8_t *pbuf, uint32_t *Len, uint8_t epnum);
 129:USB_Device/App/usbd_cdc_if.c **** 
 130:USB_Device/App/usbd_cdc_if.c **** /* USER CODE BEGIN PRIVATE_FUNCTIONS_DECLARATION */
 131:USB_Device/App/usbd_cdc_if.c **** 
 132:USB_Device/App/usbd_cdc_if.c **** /* USER CODE END PRIVATE_FUNCTIONS_DECLARATION */
 133:USB_Device/App/usbd_cdc_if.c **** 
 134:USB_Device/App/usbd_cdc_if.c **** /**
 135:USB_Device/App/usbd_cdc_if.c ****   * @}
 136:USB_Device/App/usbd_cdc_if.c ****   */
 137:USB_Device/App/usbd_cdc_if.c **** 
 138:USB_Device/App/usbd_cdc_if.c **** USBD_CDC_ItfTypeDef USBD_Interface_fops_FS =
 139:USB_Device/App/usbd_cdc_if.c **** {
 140:USB_Device/App/usbd_cdc_if.c ****   CDC_Init_FS,
 141:USB_Device/App/usbd_cdc_if.c ****   CDC_DeInit_FS,
 142:USB_Device/App/usbd_cdc_if.c ****   CDC_Control_FS,
 143:USB_Device/App/usbd_cdc_if.c ****   CDC_Receive_FS,
 144:USB_Device/App/usbd_cdc_if.c ****   CDC_TransmitCplt_FS
ARM GAS  /tmp/ccpJkM13.s 			page 4


 145:USB_Device/App/usbd_cdc_if.c **** };
 146:USB_Device/App/usbd_cdc_if.c **** 
 147:USB_Device/App/usbd_cdc_if.c **** /* Private functions ---------------------------------------------------------*/
 148:USB_Device/App/usbd_cdc_if.c **** /**
 149:USB_Device/App/usbd_cdc_if.c ****   * @brief  Initializes the CDC media low layer over the FS USB IP
 150:USB_Device/App/usbd_cdc_if.c ****   * @retval USBD_OK if all operations are OK else USBD_FAIL
 151:USB_Device/App/usbd_cdc_if.c ****   */
 152:USB_Device/App/usbd_cdc_if.c **** static int8_t CDC_Init_FS(void)
 153:USB_Device/App/usbd_cdc_if.c **** {
 154:USB_Device/App/usbd_cdc_if.c ****   /* USER CODE BEGIN 3 */
 155:USB_Device/App/usbd_cdc_if.c ****   /* Set Application Buffers */
 156:USB_Device/App/usbd_cdc_if.c ****   USBD_CDC_SetTxBuffer(&hUsbDeviceFS, UserTxBufferFS, 0);
 157:USB_Device/App/usbd_cdc_if.c ****   USBD_CDC_SetRxBuffer(&hUsbDeviceFS, UserRxBufferFS);
 158:USB_Device/App/usbd_cdc_if.c ****   return (USBD_OK);
 159:USB_Device/App/usbd_cdc_if.c ****   /* USER CODE END 3 */
 160:USB_Device/App/usbd_cdc_if.c **** }
 161:USB_Device/App/usbd_cdc_if.c **** 
 162:USB_Device/App/usbd_cdc_if.c **** /**
 163:USB_Device/App/usbd_cdc_if.c ****   * @brief  DeInitializes the CDC media low layer
 164:USB_Device/App/usbd_cdc_if.c ****   * @retval USBD_OK if all operations are OK else USBD_FAIL
 165:USB_Device/App/usbd_cdc_if.c ****   */
 166:USB_Device/App/usbd_cdc_if.c **** static int8_t CDC_DeInit_FS(void)
 167:USB_Device/App/usbd_cdc_if.c **** {
  29              		.loc 1 167 1 view -0
  30              		.cfi_startproc
  31              		@ args = 0, pretend = 0, frame = 0
  32              		@ frame_needed = 0, uses_anonymous_args = 0
  33              		@ link register save eliminated.
 168:USB_Device/App/usbd_cdc_if.c ****   /* USER CODE BEGIN 4 */
 169:USB_Device/App/usbd_cdc_if.c ****   return (USBD_OK);
  34              		.loc 1 169 3 view .LVU1
 170:USB_Device/App/usbd_cdc_if.c ****   /* USER CODE END 4 */
 171:USB_Device/App/usbd_cdc_if.c **** }
  35              		.loc 1 171 1 is_stmt 0 view .LVU2
  36 0000 0020     		movs	r0, #0
  37 0002 7047     		bx	lr
  38              		.cfi_endproc
  39              	.LFE157:
  41              		.section	.text.CDC_Control_FS,"ax",%progbits
  42              		.align	1
  43              		.syntax unified
  44              		.thumb
  45              		.thumb_func
  47              	CDC_Control_FS:
  48              	.LVL0:
  49              	.LFB158:
 172:USB_Device/App/usbd_cdc_if.c **** 
 173:USB_Device/App/usbd_cdc_if.c **** /**
 174:USB_Device/App/usbd_cdc_if.c ****   * @brief  Manage the CDC class requests
 175:USB_Device/App/usbd_cdc_if.c ****   * @param  cmd: Command code
 176:USB_Device/App/usbd_cdc_if.c ****   * @param  pbuf: Buffer containing command data (request parameters)
 177:USB_Device/App/usbd_cdc_if.c ****   * @param  length: Number of data to be sent (in bytes)
 178:USB_Device/App/usbd_cdc_if.c ****   * @retval Result of the operation: USBD_OK if all operations are OK else USBD_FAIL
 179:USB_Device/App/usbd_cdc_if.c ****   */
 180:USB_Device/App/usbd_cdc_if.c **** static int8_t CDC_Control_FS(uint8_t cmd, uint8_t* pbuf, uint16_t length)
 181:USB_Device/App/usbd_cdc_if.c **** {
  50              		.loc 1 181 1 is_stmt 1 view -0
ARM GAS  /tmp/ccpJkM13.s 			page 5


  51              		.cfi_startproc
  52              		@ args = 0, pretend = 0, frame = 0
  53              		@ frame_needed = 0, uses_anonymous_args = 0
  54              		@ link register save eliminated.
 182:USB_Device/App/usbd_cdc_if.c ****   /* USER CODE BEGIN 5 */
 183:USB_Device/App/usbd_cdc_if.c ****   switch(cmd)
  55              		.loc 1 183 3 view .LVU4
 184:USB_Device/App/usbd_cdc_if.c ****   {
 185:USB_Device/App/usbd_cdc_if.c ****     case CDC_SEND_ENCAPSULATED_COMMAND:
 186:USB_Device/App/usbd_cdc_if.c **** 
 187:USB_Device/App/usbd_cdc_if.c ****     break;
 188:USB_Device/App/usbd_cdc_if.c **** 
 189:USB_Device/App/usbd_cdc_if.c ****     case CDC_GET_ENCAPSULATED_RESPONSE:
 190:USB_Device/App/usbd_cdc_if.c **** 
 191:USB_Device/App/usbd_cdc_if.c ****     break;
 192:USB_Device/App/usbd_cdc_if.c **** 
 193:USB_Device/App/usbd_cdc_if.c ****     case CDC_SET_COMM_FEATURE:
 194:USB_Device/App/usbd_cdc_if.c **** 
 195:USB_Device/App/usbd_cdc_if.c ****     break;
 196:USB_Device/App/usbd_cdc_if.c **** 
 197:USB_Device/App/usbd_cdc_if.c ****     case CDC_GET_COMM_FEATURE:
 198:USB_Device/App/usbd_cdc_if.c **** 
 199:USB_Device/App/usbd_cdc_if.c ****     break;
 200:USB_Device/App/usbd_cdc_if.c **** 
 201:USB_Device/App/usbd_cdc_if.c ****     case CDC_CLEAR_COMM_FEATURE:
 202:USB_Device/App/usbd_cdc_if.c **** 
 203:USB_Device/App/usbd_cdc_if.c ****     break;
 204:USB_Device/App/usbd_cdc_if.c **** 
 205:USB_Device/App/usbd_cdc_if.c ****   /*******************************************************************************/
 206:USB_Device/App/usbd_cdc_if.c ****   /* Line Coding Structure                                                       */
 207:USB_Device/App/usbd_cdc_if.c ****   /*-----------------------------------------------------------------------------*/
 208:USB_Device/App/usbd_cdc_if.c ****   /* Offset | Field       | Size | Value  | Description                          */
 209:USB_Device/App/usbd_cdc_if.c ****   /* 0      | dwDTERate   |   4  | Number |Data terminal rate, in bits per second*/
 210:USB_Device/App/usbd_cdc_if.c ****   /* 4      | bCharFormat |   1  | Number | Stop bits                            */
 211:USB_Device/App/usbd_cdc_if.c ****   /*                                        0 - 1 Stop bit                       */
 212:USB_Device/App/usbd_cdc_if.c ****   /*                                        1 - 1.5 Stop bits                    */
 213:USB_Device/App/usbd_cdc_if.c ****   /*                                        2 - 2 Stop bits                      */
 214:USB_Device/App/usbd_cdc_if.c ****   /* 5      | bParityType |  1   | Number | Parity                               */
 215:USB_Device/App/usbd_cdc_if.c ****   /*                                        0 - None                             */
 216:USB_Device/App/usbd_cdc_if.c ****   /*                                        1 - Odd                              */
 217:USB_Device/App/usbd_cdc_if.c ****   /*                                        2 - Even                             */
 218:USB_Device/App/usbd_cdc_if.c ****   /*                                        3 - Mark                             */
 219:USB_Device/App/usbd_cdc_if.c ****   /*                                        4 - Space                            */
 220:USB_Device/App/usbd_cdc_if.c ****   /* 6      | bDataBits  |   1   | Number Data bits (5, 6, 7, 8 or 16).          */
 221:USB_Device/App/usbd_cdc_if.c ****   /*******************************************************************************/
 222:USB_Device/App/usbd_cdc_if.c ****     case CDC_SET_LINE_CODING:
 223:USB_Device/App/usbd_cdc_if.c **** 
 224:USB_Device/App/usbd_cdc_if.c ****     break;
 225:USB_Device/App/usbd_cdc_if.c **** 
 226:USB_Device/App/usbd_cdc_if.c ****     case CDC_GET_LINE_CODING:
 227:USB_Device/App/usbd_cdc_if.c **** 
 228:USB_Device/App/usbd_cdc_if.c ****     break;
 229:USB_Device/App/usbd_cdc_if.c **** 
 230:USB_Device/App/usbd_cdc_if.c ****     case CDC_SET_CONTROL_LINE_STATE:
 231:USB_Device/App/usbd_cdc_if.c **** 
 232:USB_Device/App/usbd_cdc_if.c ****     break;
 233:USB_Device/App/usbd_cdc_if.c **** 
ARM GAS  /tmp/ccpJkM13.s 			page 6


 234:USB_Device/App/usbd_cdc_if.c ****     case CDC_SEND_BREAK:
 235:USB_Device/App/usbd_cdc_if.c **** 
 236:USB_Device/App/usbd_cdc_if.c ****     break;
 237:USB_Device/App/usbd_cdc_if.c **** 
 238:USB_Device/App/usbd_cdc_if.c ****   default:
 239:USB_Device/App/usbd_cdc_if.c ****     break;
 240:USB_Device/App/usbd_cdc_if.c ****   }
 241:USB_Device/App/usbd_cdc_if.c **** 
 242:USB_Device/App/usbd_cdc_if.c ****   return (USBD_OK);
  56              		.loc 1 242 3 view .LVU5
 243:USB_Device/App/usbd_cdc_if.c ****   /* USER CODE END 5 */
 244:USB_Device/App/usbd_cdc_if.c **** }
  57              		.loc 1 244 1 is_stmt 0 view .LVU6
  58 0000 0020     		movs	r0, #0
  59              	.LVL1:
  60              		.loc 1 244 1 view .LVU7
  61 0002 7047     		bx	lr
  62              		.cfi_endproc
  63              	.LFE158:
  65              		.section	.text.CDC_TransmitCplt_FS,"ax",%progbits
  66              		.align	1
  67              		.syntax unified
  68              		.thumb
  69              		.thumb_func
  71              	CDC_TransmitCplt_FS:
  72              	.LVL2:
  73              	.LFB161:
 245:USB_Device/App/usbd_cdc_if.c **** 
 246:USB_Device/App/usbd_cdc_if.c **** /**
 247:USB_Device/App/usbd_cdc_if.c ****   * @brief  Data received over USB OUT endpoint are sent over CDC interface
 248:USB_Device/App/usbd_cdc_if.c ****   *         through this function.
 249:USB_Device/App/usbd_cdc_if.c ****   *
 250:USB_Device/App/usbd_cdc_if.c ****   *         @note
 251:USB_Device/App/usbd_cdc_if.c ****   *         This function will issue a NAK packet on any OUT packet received on
 252:USB_Device/App/usbd_cdc_if.c ****   *         USB endpoint until exiting this function. If you exit this function
 253:USB_Device/App/usbd_cdc_if.c ****   *         before transfer is complete on CDC interface (ie. using DMA controller)
 254:USB_Device/App/usbd_cdc_if.c ****   *         it will result in receiving more data while previous ones are still
 255:USB_Device/App/usbd_cdc_if.c ****   *         not sent.
 256:USB_Device/App/usbd_cdc_if.c ****   *
 257:USB_Device/App/usbd_cdc_if.c ****   * @param  Buf: Buffer of data to be received
 258:USB_Device/App/usbd_cdc_if.c ****   * @param  Len: Number of data received (in bytes)
 259:USB_Device/App/usbd_cdc_if.c ****   * @retval Result of the operation: USBD_OK if all operations are OK else USBD_FAIL
 260:USB_Device/App/usbd_cdc_if.c ****   */
 261:USB_Device/App/usbd_cdc_if.c **** static int8_t CDC_Receive_FS(uint8_t* Buf, uint32_t *Len)
 262:USB_Device/App/usbd_cdc_if.c **** {
 263:USB_Device/App/usbd_cdc_if.c ****   /* USER CODE BEGIN 6 */
 264:USB_Device/App/usbd_cdc_if.c ****   USBD_CDC_SetRxBuffer(&hUsbDeviceFS, &Buf[0]);
 265:USB_Device/App/usbd_cdc_if.c ****   USBD_CDC_ReceivePacket(&hUsbDeviceFS);
 266:USB_Device/App/usbd_cdc_if.c **** 
 267:USB_Device/App/usbd_cdc_if.c ****   memcpy(UserRxBufferFS, Buf, *Len);
 268:USB_Device/App/usbd_cdc_if.c ****   UserRxLength = *Len;
 269:USB_Device/App/usbd_cdc_if.c **** 
 270:USB_Device/App/usbd_cdc_if.c ****   return (USBD_OK);
 271:USB_Device/App/usbd_cdc_if.c ****   /* USER CODE END 6 */
 272:USB_Device/App/usbd_cdc_if.c **** }
 273:USB_Device/App/usbd_cdc_if.c **** 
 274:USB_Device/App/usbd_cdc_if.c **** /**
ARM GAS  /tmp/ccpJkM13.s 			page 7


 275:USB_Device/App/usbd_cdc_if.c ****   * @brief  CDC_Transmit_FS
 276:USB_Device/App/usbd_cdc_if.c ****   *         Data to send over USB IN endpoint are sent over CDC interface
 277:USB_Device/App/usbd_cdc_if.c ****   *         through this function.
 278:USB_Device/App/usbd_cdc_if.c ****   *         @note
 279:USB_Device/App/usbd_cdc_if.c ****   *
 280:USB_Device/App/usbd_cdc_if.c ****   *
 281:USB_Device/App/usbd_cdc_if.c ****   * @param  Buf: Buffer of data to be sent
 282:USB_Device/App/usbd_cdc_if.c ****   * @param  Len: Number of data to be sent (in bytes)
 283:USB_Device/App/usbd_cdc_if.c ****   * @retval USBD_OK if all operations are OK else USBD_FAIL or USBD_BUSY
 284:USB_Device/App/usbd_cdc_if.c ****   */
 285:USB_Device/App/usbd_cdc_if.c **** uint8_t CDC_Transmit_FS(uint8_t* Buf, uint16_t Len)
 286:USB_Device/App/usbd_cdc_if.c **** {
 287:USB_Device/App/usbd_cdc_if.c ****   uint8_t result = USBD_OK;
 288:USB_Device/App/usbd_cdc_if.c ****   /* USER CODE BEGIN 7 */
 289:USB_Device/App/usbd_cdc_if.c ****   USBD_CDC_HandleTypeDef *hcdc = (USBD_CDC_HandleTypeDef*)hUsbDeviceFS.pClassData;
 290:USB_Device/App/usbd_cdc_if.c ****   if (hcdc->TxState != 0){
 291:USB_Device/App/usbd_cdc_if.c ****     return USBD_BUSY;
 292:USB_Device/App/usbd_cdc_if.c ****   }
 293:USB_Device/App/usbd_cdc_if.c ****   USBD_CDC_SetTxBuffer(&hUsbDeviceFS, Buf, Len);
 294:USB_Device/App/usbd_cdc_if.c ****   result = USBD_CDC_TransmitPacket(&hUsbDeviceFS);
 295:USB_Device/App/usbd_cdc_if.c ****   /* USER CODE END 7 */
 296:USB_Device/App/usbd_cdc_if.c ****   return result;
 297:USB_Device/App/usbd_cdc_if.c **** }
 298:USB_Device/App/usbd_cdc_if.c **** 
 299:USB_Device/App/usbd_cdc_if.c **** /**
 300:USB_Device/App/usbd_cdc_if.c ****   * @brief  CDC_TransmitCplt_FS
 301:USB_Device/App/usbd_cdc_if.c ****   *         Data transmitted callback
 302:USB_Device/App/usbd_cdc_if.c ****   *
 303:USB_Device/App/usbd_cdc_if.c ****   *         @note
 304:USB_Device/App/usbd_cdc_if.c ****   *         This function is IN transfer complete callback used to inform user that
 305:USB_Device/App/usbd_cdc_if.c ****   *         the submitted Data is successfully sent over USB.
 306:USB_Device/App/usbd_cdc_if.c ****   *
 307:USB_Device/App/usbd_cdc_if.c ****   * @param  Buf: Buffer of data to be received
 308:USB_Device/App/usbd_cdc_if.c ****   * @param  Len: Number of data received (in bytes)
 309:USB_Device/App/usbd_cdc_if.c ****   * @retval Result of the operation: USBD_OK if all operations are OK else USBD_FAIL
 310:USB_Device/App/usbd_cdc_if.c ****   */
 311:USB_Device/App/usbd_cdc_if.c **** static int8_t CDC_TransmitCplt_FS(uint8_t *Buf, uint32_t *Len, uint8_t epnum)
 312:USB_Device/App/usbd_cdc_if.c **** {
  74              		.loc 1 312 1 is_stmt 1 view -0
  75              		.cfi_startproc
  76              		@ args = 0, pretend = 0, frame = 0
  77              		@ frame_needed = 0, uses_anonymous_args = 0
  78              		@ link register save eliminated.
 313:USB_Device/App/usbd_cdc_if.c ****   uint8_t result = USBD_OK;
  79              		.loc 1 313 3 view .LVU9
 314:USB_Device/App/usbd_cdc_if.c ****   /* USER CODE BEGIN 13 */
 315:USB_Device/App/usbd_cdc_if.c ****   UNUSED(Buf);
  80              		.loc 1 315 3 view .LVU10
 316:USB_Device/App/usbd_cdc_if.c ****   UNUSED(Len);
  81              		.loc 1 316 3 view .LVU11
 317:USB_Device/App/usbd_cdc_if.c ****   UNUSED(epnum);
  82              		.loc 1 317 3 view .LVU12
 318:USB_Device/App/usbd_cdc_if.c **** 
 319:USB_Device/App/usbd_cdc_if.c ****   /* USER CODE END 13 */
 320:USB_Device/App/usbd_cdc_if.c ****   return result;
  83              		.loc 1 320 3 view .LVU13
 321:USB_Device/App/usbd_cdc_if.c **** }
ARM GAS  /tmp/ccpJkM13.s 			page 8


  84              		.loc 1 321 1 is_stmt 0 view .LVU14
  85 0000 0020     		movs	r0, #0
  86              	.LVL3:
  87              		.loc 1 321 1 view .LVU15
  88 0002 7047     		bx	lr
  89              		.cfi_endproc
  90              	.LFE161:
  92              		.section	.text.CDC_Receive_FS,"ax",%progbits
  93              		.align	1
  94              		.syntax unified
  95              		.thumb
  96              		.thumb_func
  98              	CDC_Receive_FS:
  99              	.LVL4:
 100              	.LFB159:
 262:USB_Device/App/usbd_cdc_if.c ****   /* USER CODE BEGIN 6 */
 101              		.loc 1 262 1 is_stmt 1 view -0
 102              		.cfi_startproc
 103              		@ args = 0, pretend = 0, frame = 0
 104              		@ frame_needed = 0, uses_anonymous_args = 0
 262:USB_Device/App/usbd_cdc_if.c ****   /* USER CODE BEGIN 6 */
 105              		.loc 1 262 1 is_stmt 0 view .LVU17
 106 0000 70B5     		push	{r4, r5, r6, lr}
 107              	.LCFI0:
 108              		.cfi_def_cfa_offset 16
 109              		.cfi_offset 4, -16
 110              		.cfi_offset 5, -12
 111              		.cfi_offset 6, -8
 112              		.cfi_offset 14, -4
 113 0002 0546     		mov	r5, r0
 114 0004 0C46     		mov	r4, r1
 264:USB_Device/App/usbd_cdc_if.c ****   USBD_CDC_ReceivePacket(&hUsbDeviceFS);
 115              		.loc 1 264 3 is_stmt 1 view .LVU18
 116 0006 094E     		ldr	r6, .L6
 117 0008 0146     		mov	r1, r0
 118              	.LVL5:
 264:USB_Device/App/usbd_cdc_if.c ****   USBD_CDC_ReceivePacket(&hUsbDeviceFS);
 119              		.loc 1 264 3 is_stmt 0 view .LVU19
 120 000a 3046     		mov	r0, r6
 121              	.LVL6:
 264:USB_Device/App/usbd_cdc_if.c ****   USBD_CDC_ReceivePacket(&hUsbDeviceFS);
 122              		.loc 1 264 3 view .LVU20
 123 000c FFF7FEFF 		bl	USBD_CDC_SetRxBuffer
 124              	.LVL7:
 265:USB_Device/App/usbd_cdc_if.c **** 
 125              		.loc 1 265 3 is_stmt 1 view .LVU21
 126 0010 3046     		mov	r0, r6
 127 0012 FFF7FEFF 		bl	USBD_CDC_ReceivePacket
 128              	.LVL8:
 267:USB_Device/App/usbd_cdc_if.c ****   UserRxLength = *Len;
 129              		.loc 1 267 3 view .LVU22
 130 0016 2268     		ldr	r2, [r4]
 131 0018 2946     		mov	r1, r5
 132 001a 0548     		ldr	r0, .L6+4
 133 001c FFF7FEFF 		bl	memcpy
 134              	.LVL9:
 268:USB_Device/App/usbd_cdc_if.c **** 
ARM GAS  /tmp/ccpJkM13.s 			page 9


 135              		.loc 1 268 3 view .LVU23
 268:USB_Device/App/usbd_cdc_if.c **** 
 136              		.loc 1 268 18 is_stmt 0 view .LVU24
 137 0020 2268     		ldr	r2, [r4]
 268:USB_Device/App/usbd_cdc_if.c **** 
 138              		.loc 1 268 16 view .LVU25
 139 0022 044B     		ldr	r3, .L6+8
 140 0024 1A70     		strb	r2, [r3]
 270:USB_Device/App/usbd_cdc_if.c ****   /* USER CODE END 6 */
 141              		.loc 1 270 3 is_stmt 1 view .LVU26
 272:USB_Device/App/usbd_cdc_if.c **** 
 142              		.loc 1 272 1 is_stmt 0 view .LVU27
 143 0026 0020     		movs	r0, #0
 144 0028 70BD     		pop	{r4, r5, r6, pc}
 145              	.LVL10:
 146              	.L7:
 272:USB_Device/App/usbd_cdc_if.c **** 
 147              		.loc 1 272 1 view .LVU28
 148 002a 00BF     		.align	2
 149              	.L6:
 150 002c 00000000 		.word	hUsbDeviceFS
 151 0030 00000000 		.word	UserRxBufferFS
 152 0034 00000000 		.word	UserRxLength
 153              		.cfi_endproc
 154              	.LFE159:
 156              		.section	.text.CDC_Init_FS,"ax",%progbits
 157              		.align	1
 158              		.syntax unified
 159              		.thumb
 160              		.thumb_func
 162              	CDC_Init_FS:
 163              	.LFB156:
 153:USB_Device/App/usbd_cdc_if.c ****   /* USER CODE BEGIN 3 */
 164              		.loc 1 153 1 is_stmt 1 view -0
 165              		.cfi_startproc
 166              		@ args = 0, pretend = 0, frame = 0
 167              		@ frame_needed = 0, uses_anonymous_args = 0
 168 0000 10B5     		push	{r4, lr}
 169              	.LCFI1:
 170              		.cfi_def_cfa_offset 8
 171              		.cfi_offset 4, -8
 172              		.cfi_offset 14, -4
 156:USB_Device/App/usbd_cdc_if.c ****   USBD_CDC_SetRxBuffer(&hUsbDeviceFS, UserRxBufferFS);
 173              		.loc 1 156 3 view .LVU30
 174 0002 064C     		ldr	r4, .L10
 175 0004 0022     		movs	r2, #0
 176 0006 0649     		ldr	r1, .L10+4
 177 0008 2046     		mov	r0, r4
 178 000a FFF7FEFF 		bl	USBD_CDC_SetTxBuffer
 179              	.LVL11:
 157:USB_Device/App/usbd_cdc_if.c ****   return (USBD_OK);
 180              		.loc 1 157 3 view .LVU31
 181 000e 0549     		ldr	r1, .L10+8
 182 0010 2046     		mov	r0, r4
 183 0012 FFF7FEFF 		bl	USBD_CDC_SetRxBuffer
 184              	.LVL12:
 158:USB_Device/App/usbd_cdc_if.c ****   /* USER CODE END 3 */
ARM GAS  /tmp/ccpJkM13.s 			page 10


 185              		.loc 1 158 3 view .LVU32
 160:USB_Device/App/usbd_cdc_if.c **** 
 186              		.loc 1 160 1 is_stmt 0 view .LVU33
 187 0016 0020     		movs	r0, #0
 188 0018 10BD     		pop	{r4, pc}
 189              	.L11:
 190 001a 00BF     		.align	2
 191              	.L10:
 192 001c 00000000 		.word	hUsbDeviceFS
 193 0020 00000000 		.word	UserTxBufferFS
 194 0024 00000000 		.word	UserRxBufferFS
 195              		.cfi_endproc
 196              	.LFE156:
 198              		.section	.text.CDC_Transmit_FS,"ax",%progbits
 199              		.align	1
 200              		.global	CDC_Transmit_FS
 201              		.syntax unified
 202              		.thumb
 203              		.thumb_func
 205              	CDC_Transmit_FS:
 206              	.LVL13:
 207              	.LFB160:
 286:USB_Device/App/usbd_cdc_if.c ****   uint8_t result = USBD_OK;
 208              		.loc 1 286 1 is_stmt 1 view -0
 209              		.cfi_startproc
 210              		@ args = 0, pretend = 0, frame = 0
 211              		@ frame_needed = 0, uses_anonymous_args = 0
 287:USB_Device/App/usbd_cdc_if.c ****   /* USER CODE BEGIN 7 */
 212              		.loc 1 287 3 view .LVU35
 289:USB_Device/App/usbd_cdc_if.c ****   if (hcdc->TxState != 0){
 213              		.loc 1 289 3 view .LVU36
 289:USB_Device/App/usbd_cdc_if.c ****   if (hcdc->TxState != 0){
 214              		.loc 1 289 27 is_stmt 0 view .LVU37
 215 0000 094B     		ldr	r3, .L20
 216 0002 D3F8BC32 		ldr	r3, [r3, #700]
 217              	.LVL14:
 290:USB_Device/App/usbd_cdc_if.c ****     return USBD_BUSY;
 218              		.loc 1 290 3 is_stmt 1 view .LVU38
 290:USB_Device/App/usbd_cdc_if.c ****     return USBD_BUSY;
 219              		.loc 1 290 11 is_stmt 0 view .LVU39
 220 0006 D3F81432 		ldr	r3, [r3, #532]
 221              	.LVL15:
 290:USB_Device/App/usbd_cdc_if.c ****     return USBD_BUSY;
 222              		.loc 1 290 6 view .LVU40
 223 000a 0BB1     		cbz	r3, .L19
 291:USB_Device/App/usbd_cdc_if.c ****   }
 224              		.loc 1 291 12 view .LVU41
 225 000c 0120     		movs	r0, #1
 226              	.LVL16:
 297:USB_Device/App/usbd_cdc_if.c **** 
 227              		.loc 1 297 1 view .LVU42
 228 000e 7047     		bx	lr
 229              	.LVL17:
 230              	.L19:
 286:USB_Device/App/usbd_cdc_if.c ****   uint8_t result = USBD_OK;
 231              		.loc 1 286 1 view .LVU43
 232 0010 10B5     		push	{r4, lr}
ARM GAS  /tmp/ccpJkM13.s 			page 11


 233              	.LCFI2:
 234              		.cfi_def_cfa_offset 8
 235              		.cfi_offset 4, -8
 236              		.cfi_offset 14, -4
 293:USB_Device/App/usbd_cdc_if.c ****   result = USBD_CDC_TransmitPacket(&hUsbDeviceFS);
 237              		.loc 1 293 3 is_stmt 1 view .LVU44
 238 0012 054C     		ldr	r4, .L20
 239              	.LVL18:
 293:USB_Device/App/usbd_cdc_if.c ****   result = USBD_CDC_TransmitPacket(&hUsbDeviceFS);
 240              		.loc 1 293 3 is_stmt 0 view .LVU45
 241 0014 0A46     		mov	r2, r1
 242 0016 0146     		mov	r1, r0
 243              	.LVL19:
 293:USB_Device/App/usbd_cdc_if.c ****   result = USBD_CDC_TransmitPacket(&hUsbDeviceFS);
 244              		.loc 1 293 3 view .LVU46
 245 0018 2046     		mov	r0, r4
 246              	.LVL20:
 293:USB_Device/App/usbd_cdc_if.c ****   result = USBD_CDC_TransmitPacket(&hUsbDeviceFS);
 247              		.loc 1 293 3 view .LVU47
 248 001a FFF7FEFF 		bl	USBD_CDC_SetTxBuffer
 249              	.LVL21:
 294:USB_Device/App/usbd_cdc_if.c ****   /* USER CODE END 7 */
 250              		.loc 1 294 3 is_stmt 1 view .LVU48
 294:USB_Device/App/usbd_cdc_if.c ****   /* USER CODE END 7 */
 251              		.loc 1 294 12 is_stmt 0 view .LVU49
 252 001e 2046     		mov	r0, r4
 253 0020 FFF7FEFF 		bl	USBD_CDC_TransmitPacket
 254              	.LVL22:
 296:USB_Device/App/usbd_cdc_if.c **** }
 255              		.loc 1 296 3 is_stmt 1 view .LVU50
 297:USB_Device/App/usbd_cdc_if.c **** 
 256              		.loc 1 297 1 is_stmt 0 view .LVU51
 257 0024 10BD     		pop	{r4, pc}
 258              	.L21:
 259 0026 00BF     		.align	2
 260              	.L20:
 261 0028 00000000 		.word	hUsbDeviceFS
 262              		.cfi_endproc
 263              	.LFE160:
 265              		.section	.text.VCP_retrieveInputData,"ax",%progbits
 266              		.align	1
 267              		.global	VCP_retrieveInputData
 268              		.syntax unified
 269              		.thumb
 270              		.thumb_func
 272              	VCP_retrieveInputData:
 273              	.LVL23:
 274              	.LFB162:
 322:USB_Device/App/usbd_cdc_if.c **** 
 323:USB_Device/App/usbd_cdc_if.c **** /* USER CODE BEGIN PRIVATE_FUNCTIONS_IMPLEMENTATION */
 324:USB_Device/App/usbd_cdc_if.c **** uint8_t VCP_retrieveInputData(uint8_t *rx_buffer, uint8_t len, uint32_t timeout) {
 275              		.loc 1 324 82 is_stmt 1 view -0
 276              		.cfi_startproc
 277              		@ args = 0, pretend = 0, frame = 0
 278              		@ frame_needed = 0, uses_anonymous_args = 0
 279              		.loc 1 324 82 is_stmt 0 view .LVU53
 280 0000 70B5     		push	{r4, r5, r6, lr}
ARM GAS  /tmp/ccpJkM13.s 			page 12


 281              	.LCFI3:
 282              		.cfi_def_cfa_offset 16
 283              		.cfi_offset 4, -16
 284              		.cfi_offset 5, -12
 285              		.cfi_offset 6, -8
 286              		.cfi_offset 14, -4
 287 0002 0646     		mov	r6, r0
 288 0004 1546     		mov	r5, r2
 325:USB_Device/App/usbd_cdc_if.c ****   uint32_t start = HAL_GetTick();
 289              		.loc 1 325 3 is_stmt 1 view .LVU54
 290              		.loc 1 325 20 is_stmt 0 view .LVU55
 291 0006 FFF7FEFF 		bl	HAL_GetTick
 292              	.LVL24:
 293              		.loc 1 325 20 view .LVU56
 294 000a 0446     		mov	r4, r0
 295              	.LVL25:
 326:USB_Device/App/usbd_cdc_if.c ****   while(HAL_GetTick()-start < timeout) {
 296              		.loc 1 326 3 is_stmt 1 view .LVU57
 297              	.L23:
 298              		.loc 1 326 29 view .LVU58
 299              		.loc 1 326 9 is_stmt 0 view .LVU59
 300 000c FFF7FEFF 		bl	HAL_GetTick
 301              	.LVL26:
 302              		.loc 1 326 22 view .LVU60
 303 0010 001B     		subs	r0, r0, r4
 304              		.loc 1 326 29 view .LVU61
 305 0012 A842     		cmp	r0, r5
 306 0014 0AD2     		bcs	.L27
 327:USB_Device/App/usbd_cdc_if.c ****     if(UserRxLength != 0) {
 307              		.loc 1 327 5 is_stmt 1 view .LVU62
 308              		.loc 1 327 21 is_stmt 0 view .LVU63
 309 0016 064B     		ldr	r3, .L28
 310 0018 1B78     		ldrb	r3, [r3]	@ zero_extendqisi2
 311              		.loc 1 327 7 view .LVU64
 312 001a 002B     		cmp	r3, #0
 313 001c F6D0     		beq	.L23
 328:USB_Device/App/usbd_cdc_if.c ****       memcpy(rx_buffer, UserRxBufferFS, 1);
 314              		.loc 1 328 7 is_stmt 1 view .LVU65
 315 001e 054B     		ldr	r3, .L28+4
 316 0020 1B78     		ldrb	r3, [r3]	@ zero_extendqisi2
 317 0022 3370     		strb	r3, [r6]
 329:USB_Device/App/usbd_cdc_if.c ****       UserRxLength = 0;
 318              		.loc 1 329 7 view .LVU66
 319              		.loc 1 329 20 is_stmt 0 view .LVU67
 320 0024 0020     		movs	r0, #0
 321 0026 024B     		ldr	r3, .L28
 322 0028 1870     		strb	r0, [r3]
 330:USB_Device/App/usbd_cdc_if.c ****       return SUCCESS;
 323              		.loc 1 330 7 is_stmt 1 view .LVU68
 324              		.loc 1 330 14 is_stmt 0 view .LVU69
 325 002a 00E0     		b	.L24
 326              	.L27:
 331:USB_Device/App/usbd_cdc_if.c ****     }
 332:USB_Device/App/usbd_cdc_if.c ****   }
 333:USB_Device/App/usbd_cdc_if.c **** 
 334:USB_Device/App/usbd_cdc_if.c ****   return ERROR;
 327              		.loc 1 334 10 view .LVU70
ARM GAS  /tmp/ccpJkM13.s 			page 13


 328 002c 0120     		movs	r0, #1
 329              	.L24:
 335:USB_Device/App/usbd_cdc_if.c **** }
 330              		.loc 1 335 1 view .LVU71
 331 002e 70BD     		pop	{r4, r5, r6, pc}
 332              	.LVL27:
 333              	.L29:
 334              		.loc 1 335 1 view .LVU72
 335              		.align	2
 336              	.L28:
 337 0030 00000000 		.word	UserRxLength
 338 0034 00000000 		.word	UserRxBufferFS
 339              		.cfi_endproc
 340              	.LFE162:
 342              		.global	USBD_Interface_fops_FS
 343              		.section	.data.USBD_Interface_fops_FS,"aw"
 344              		.align	2
 347              	USBD_Interface_fops_FS:
 348 0000 00000000 		.word	CDC_Init_FS
 349 0004 00000000 		.word	CDC_DeInit_FS
 350 0008 00000000 		.word	CDC_Control_FS
 351 000c 00000000 		.word	CDC_Receive_FS
 352 0010 00000000 		.word	CDC_TransmitCplt_FS
 353              		.section	.bss.UserRxLength,"aw",%nobits
 356              	UserRxLength:
 357 0000 00       		.space	1
 358              		.global	UserTxBufferFS
 359              		.section	.bss.UserTxBufferFS,"aw",%nobits
 360              		.align	2
 363              	UserTxBufferFS:
 364 0000 00000000 		.space	2048
 364      00000000 
 364      00000000 
 364      00000000 
 364      00000000 
 365              		.global	UserRxBufferFS
 366              		.section	.bss.UserRxBufferFS,"aw",%nobits
 367              		.align	2
 370              	UserRxBufferFS:
 371 0000 00000000 		.space	2048
 371      00000000 
 371      00000000 
 371      00000000 
 371      00000000 
 372              		.text
 373              	.Letext0:
 374              		.file 2 "/home/yul/toolchain/arm-gnu-toolchain-12.2.rel1-x86_64-arm-none-eabi/arm-none-eabi/includ
 375              		.file 3 "/home/yul/toolchain/arm-gnu-toolchain-12.2.rel1-x86_64-arm-none-eabi/lib/gcc/arm-none-eab
 376              		.file 4 "/home/yul/toolchain/arm-gnu-toolchain-12.2.rel1-x86_64-arm-none-eabi/arm-none-eabi/includ
 377              		.file 5 "Middlewares/ST/STM32_USB_Device_Library/Core/Inc/usbd_def.h"
 378              		.file 6 "Drivers/CMSIS/Device/ST/STM32L5xx/Include/stm32l5xx.h"
 379              		.file 7 "Middlewares/ST/STM32_USB_Device_Library/Class/CDC/Inc/usbd_cdc.h"
 380              		.file 8 "USB_Device/App/usbd_cdc_if.h"
 381              		.file 9 "/home/yul/toolchain/arm-gnu-toolchain-12.2.rel1-x86_64-arm-none-eabi/arm-none-eabi/includ
 382              		.file 10 "Drivers/STM32L5xx_HAL_Driver/Inc/stm32l5xx_hal.h"
 383              		.file 11 "<built-in>"
ARM GAS  /tmp/ccpJkM13.s 			page 14


DEFINED SYMBOLS
                            *ABS*:0000000000000000 usbd_cdc_if.c
     /tmp/ccpJkM13.s:22     .text.CDC_DeInit_FS:0000000000000000 $t
     /tmp/ccpJkM13.s:27     .text.CDC_DeInit_FS:0000000000000000 CDC_DeInit_FS
     /tmp/ccpJkM13.s:42     .text.CDC_Control_FS:0000000000000000 $t
     /tmp/ccpJkM13.s:47     .text.CDC_Control_FS:0000000000000000 CDC_Control_FS
     /tmp/ccpJkM13.s:66     .text.CDC_TransmitCplt_FS:0000000000000000 $t
     /tmp/ccpJkM13.s:71     .text.CDC_TransmitCplt_FS:0000000000000000 CDC_TransmitCplt_FS
     /tmp/ccpJkM13.s:93     .text.CDC_Receive_FS:0000000000000000 $t
     /tmp/ccpJkM13.s:98     .text.CDC_Receive_FS:0000000000000000 CDC_Receive_FS
     /tmp/ccpJkM13.s:150    .text.CDC_Receive_FS:000000000000002c $d
     /tmp/ccpJkM13.s:370    .bss.UserRxBufferFS:0000000000000000 UserRxBufferFS
     /tmp/ccpJkM13.s:356    .bss.UserRxLength:0000000000000000 UserRxLength
     /tmp/ccpJkM13.s:157    .text.CDC_Init_FS:0000000000000000 $t
     /tmp/ccpJkM13.s:162    .text.CDC_Init_FS:0000000000000000 CDC_Init_FS
     /tmp/ccpJkM13.s:192    .text.CDC_Init_FS:000000000000001c $d
     /tmp/ccpJkM13.s:363    .bss.UserTxBufferFS:0000000000000000 UserTxBufferFS
     /tmp/ccpJkM13.s:199    .text.CDC_Transmit_FS:0000000000000000 $t
     /tmp/ccpJkM13.s:205    .text.CDC_Transmit_FS:0000000000000000 CDC_Transmit_FS
     /tmp/ccpJkM13.s:261    .text.CDC_Transmit_FS:0000000000000028 $d
     /tmp/ccpJkM13.s:266    .text.VCP_retrieveInputData:0000000000000000 $t
     /tmp/ccpJkM13.s:272    .text.VCP_retrieveInputData:0000000000000000 VCP_retrieveInputData
     /tmp/ccpJkM13.s:337    .text.VCP_retrieveInputData:0000000000000030 $d
     /tmp/ccpJkM13.s:347    .data.USBD_Interface_fops_FS:0000000000000000 USBD_Interface_fops_FS
     /tmp/ccpJkM13.s:344    .data.USBD_Interface_fops_FS:0000000000000000 $d
     /tmp/ccpJkM13.s:357    .bss.UserRxLength:0000000000000000 $d
     /tmp/ccpJkM13.s:360    .bss.UserTxBufferFS:0000000000000000 $d
     /tmp/ccpJkM13.s:367    .bss.UserRxBufferFS:0000000000000000 $d

UNDEFINED SYMBOLS
USBD_CDC_SetRxBuffer
USBD_CDC_ReceivePacket
memcpy
hUsbDeviceFS
USBD_CDC_SetTxBuffer
USBD_CDC_TransmitPacket
HAL_GetTick
